#
# There is insufficient memory for the Java Runtime Environment to continue.
# Native memory allocation (mmap) failed to map 65536 bytes. Error detail: Failed to commit metaspace.
# Possible reasons:
#   The system is out of physical RAM or swap space
#   This process is running with CompressedOops enabled, and the Java Heap may be blocking the growth of the native heap
# Possible solutions:
#   Reduce memory load on the system
#   Increase physical memory or swap space
#   Check if swap backing store is full
#   Decrease Java heap size (-Xmx/-Xms)
#   Decrease number of Java threads
#   Decrease Java thread stack sizes (-Xss)
#   Set larger code cache with -XX:ReservedCodeCacheSize=
#   JVM is running with Unscaled Compressed Oops mode in which the Java heap is
#     placed in the first 4GB address space. The Java Heap base address is the
#     maximum limit for the native heap growth. Please use -XX:HeapBaseMinAddress
#     to set the Java Heap base and to place the Java Heap above 4GB virtual address.
# This output file may be truncated or incomplete.
#
#  Out of Memory Error (virtualSpaceNode.cpp:110), pid=10832, tid=5700
#
# JRE version: OpenJDK Runtime Environment Temurin-17.0.12+7 (17.0.12+7) (build 17.0.12+7)
# Java VM: OpenJDK 64-Bit Server VM Temurin-17.0.12+7 (17.0.12+7, mixed mode, tiered, compressed oops, compressed class ptrs, parallel gc, windows-amd64)
# No core dump will be written. Minidumps are not enabled by default on client versions of Windows
#

---------------  S U M M A R Y ------------

Command Line: --add-modules=ALL-SYSTEM --add-opens=java.base/java.util=ALL-UNNAMED --add-opens=java.base/java.lang=ALL-UNNAMED --add-opens=java.base/sun.nio.fs=ALL-UNNAMED -Declipse.application=org.eclipse.jdt.ls.core.id1 -Dosgi.bundles.defaultStartLevel=4 -Declipse.product=org.eclipse.jdt.ls.core.product -Djava.import.generatesMetadataFilesAtProjectRoot=false -DDetectVMInstallationsJob.disabled=true -Dfile.encoding=utf8 -XX:+UseParallelGC -XX:GCTimeRatio=4 -XX:AdaptiveSizePolicyWeight=90 -Dsun.zip.disableMemoryMapping=true -Xmx1G -Xms100m -Xlog:disable -javaagent:c:\Users\nocturno\.vscode\extensions\redhat.java-1.35.1-win32-x64\lombok\lombok-1.18.33.jar -XX:+HeapDumpOnOutOfMemoryError -XX:HeapDumpPath=c:\Users\nocturno\AppData\Roaming\Code\User\workspaceStorage\202d7eac513d2c0d4c76711d70e4b749\redhat.java -Daether.dependencyCollector.impl=bf c:\Users\nocturno\.vscode\extensions\redhat.java-1.35.1-win32-x64\server\plugins\org.eclipse.equinox.launcher_1.6.900.v20240613-2009.jar -configuration c:\Users\nocturno\AppData\Roaming\Code\User\globalStorage\redhat.java\1.35.1\config_win -data c:\Users\nocturno\AppData\Roaming\Code\User\workspaceStorage\202d7eac513d2c0d4c76711d70e4b749\redhat.java\jdt_ws --pipe=\\.\pipe\lsp-e5b4e381a8a0268020e547494482377e-sock

Host: Intel(R) Core(TM) i5-8400 CPU @ 2.80GHz, 6 cores, 15G,  Windows 11 , 64 bit Build 22621 (10.0.22621.3958)
Time: Mon Oct 21 18:58:50 2024 Hora de verano romance elapsed time: 0.062292 seconds (0d 0h 0m 0s)

---------------  T H R E A D  ---------------

Current thread (0x000001969d2ecf90):  JavaThread "main" [_thread_in_vm, id=5700, stack(0x0000003953d00000,0x0000003953e00000)]

Stack: [0x0000003953d00000,0x0000003953e00000]
Native frames: (J=compiled Java code, j=interpreted, Vv=VM code, C=native code)
V  [jvm.dll+0x67f929]
V  [jvm.dll+0x8371ba]
V  [jvm.dll+0x838c7e]
V  [jvm.dll+0x8392e3]
V  [jvm.dll+0x24834f]
V  [jvm.dll+0x832e6d]
V  [jvm.dll+0x623e9e]
V  [jvm.dll+0x623f0a]
V  [jvm.dll+0x626724]
V  [jvm.dll+0x624846]
V  [jvm.dll+0x62e777]
V  [jvm.dll+0x1ebe7b]
V  [jvm.dll+0x1ec3b5]
V  [jvm.dll+0x1ece72]
V  [jvm.dll+0x1e2261]
V  [jvm.dll+0x54468e]
V  [jvm.dll+0x1f2ce7]
V  [jvm.dll+0x7b056b]
V  [jvm.dll+0x7b1939]
V  [jvm.dll+0x7b1c88]
V  [jvm.dll+0x2404de]
V  [jvm.dll+0x3833fe]
C  0x00000196a74cafbb

The last pc belongs to new (printed below).
Java frames: (J=compiled Java code, j=interpreted, Vv=VM code)
j  java.util.Spliterators.spliterator(Ljava/util/Collection;I)Ljava/util/Spliterator;+0 java.base@17.0.12
j  java.util.Set.spliterator()Ljava/util/Spliterator;+2 java.base@17.0.12
j  java.util.Collection.stream()Ljava/util/stream/Stream;+1 java.base@17.0.12
j  jdk.internal.module.DefaultRoots.compute(Ljava/lang/module/ModuleFinder;Ljava/lang/module/ModuleFinder;)Ljava/util/Set;+6 java.base@17.0.12
j  jdk.internal.module.ModuleBootstrap.boot2()Ljava/lang/ModuleLayer;+727 java.base@17.0.12
j  jdk.internal.module.ModuleBootstrap.boot()Ljava/lang/ModuleLayer;+64 java.base@17.0.12
j  java.lang.System.initPhase2(ZZ)I+0 java.base@17.0.12
v  ~StubRoutines::call_stub
new  187 new  [0x00000196a74cae20, 0x00000196a74cb040]  544 bytes
[MachCode]
  0x00000196a74cae20: 4883 ec08 | c5fa 1104 | 24eb 1f48 | 83ec 10c5 | fb11 0424 | eb14 4883 | ec10 4889 | 0424 48c7 
  0x00000196a74cae40: 4424 0800 | 0000 00eb | 0150 410f | b755 010f | cac1 ea10 | 488b 4de8 | 488b 4908 | 488b 4908 
  0x00000196a74cae60: 488b 4108 | 807c 1004 | 070f 85d6 | 0000 0066 | 8b54 d148 | 488b 4928 | 488b 4cd1 | 0851 80b9 
  0x00000196a74cae80: 3301 0000 | 040f 85b9 | 0000 008b | 5108 f7c2 | 0100 0000 | 0f85 aa00 | 0000 498b | 8708 0100 
  0x00000196a74caea0: 0048 8d1c | 1049 3b9f | 1801 0000 | 0f87 9200 | 0000 4989 | 9f08 0100 | 00e9 0000 | 0000 4883 
  0x00000196a74caec0: ea10 0f84 | 0f00 0000 | 33c9 c1ea | 0348 894c | d008 48ff | ca75 f648 | c700 0100 | 0000 5933 
  0x00000196a74caee0: f689 700c | 48c1 e903 | 8948 0849 | bad9 b539 | 49f9 7f00 | 0041 803a | 000f 8440 | 0000 0050 
  0x00000196a74caf00: 488b c848 | 83ec 20f7 | c40f 0000 | 000f 841a | 0000 0048 | 83ec 0849 | bab0 4cef | 48f9 7f00 
  0x00000196a74caf20: 0041 ffd2 | 4883 c408 | e90d 0000 | 0049 bab0 | 4cef 48f9 | 7f00 0041 | ffd2 4883 | c420 58e9 
  0x00000196a74caf40: cd00 0000 | 5948 8b55 | e848 8b52 | 0848 8b52 | 0845 0fb7 | 4501 410f | c841 c1e8 | 10e8 0500 
  0x00000196a74caf60: 0000 e9aa | 0000 0048 | 8d44 2408 | 4c89 6dc0 | 498b cfc5 | f877 4989 | afa8 0200 | 0049 8987 
  0x00000196a74caf80: 9802 0000 | 4883 ec20 | f7c4 0f00 | 0000 0f84 | 1a00 0000 | 4883 ec08 | 49ba b033 | b948 f97f 
  0x00000196a74cafa0: 0000 41ff | d248 83c4 | 08e9 0d00 | 0000 49ba | b033 b948 | f97f 0000 | 41ff d248 | 83c4 2049 
  0x00000196a74cafc0: c787 9802 | 0000 0000 | 0000 49c7 | 87a8 0200 | 0000 0000 | 0049 c787 | a002 0000 | 0000 0000 
  0x00000196a74cafe0: c5f8 7749 | 817f 0800 | 0000 000f | 8405 0000 | 00e9 0a5f | feff 498b | 87f0 0200 | 0049 c787 
  0x00000196a74cb000: f002 0000 | 0000 0000 | 4c8b 6dc0 | 4c8b 75c8 | c341 0fb6 | 5d03 4983 | c503 49ba | 9022 3c49 
  0x00000196a74cb020: f97f 0000 | 41ff 24da | 0000 0000 | 0000 0000 | 0000 0000 | 0000 0000 | 0000 0000 | 0000 0000 
[/MachCode]

---------------  P R O C E S S  ---------------

Threads class SMR info:
_java_thread_list=0x00000196b1159590, length=10, elements={
0x000001969d2ecf90, 0x00000196b1173020, 0x00000196b1174380, 0x00000196b117cc00,
0x00000196b117d6d0, 0x00000196b68b8740, 0x00000196b68b9210, 0x00000196b68c1b90,
0x00000196b68c2cf0, 0x00000196b68c49d0
}

Java Threads: ( => current thread )
=>0x000001969d2ecf90 JavaThread "main" [_thread_in_vm, id=5700, stack(0x0000003953d00000,0x0000003953e00000)]
  0x00000196b1173020 JavaThread "Reference Handler" daemon [_thread_blocked, id=9592, stack(0x0000003954000000,0x0000003954100000)]
  0x00000196b1174380 JavaThread "Finalizer" daemon [_thread_blocked, id=3744, stack(0x0000003954100000,0x0000003954200000)]
  0x00000196b117cc00 JavaThread "Signal Dispatcher" daemon [_thread_blocked, id=15760, stack(0x0000003954200000,0x0000003954300000)]
  0x00000196b117d6d0 JavaThread "Attach Listener" daemon [_thread_blocked, id=9352, stack(0x0000003954300000,0x0000003954400000)]
  0x00000196b68b8740 JavaThread "Service Thread" daemon [_thread_blocked, id=4236, stack(0x0000003954400000,0x0000003954500000)]
  0x00000196b68b9210 JavaThread "Monitor Deflation Thread" daemon [_thread_blocked, id=2832, stack(0x0000003954500000,0x0000003954600000)]
  0x00000196b68c1b90 JavaThread "C2 CompilerThread0" daemon [_thread_blocked, id=10188, stack(0x0000003954600000,0x0000003954700000)]
  0x00000196b68c2cf0 JavaThread "C1 CompilerThread0" daemon [_thread_blocked, id=15920, stack(0x0000003954700000,0x0000003954800000)]
  0x00000196b68c49d0 JavaThread "Sweeper thread" daemon [_thread_blocked, id=16072, stack(0x0000003954800000,0x0000003954900000)]

Other Threads:
  0x00000196b115cda0 VMThread "VM Thread" [stack: 0x0000003953f00000,0x0000003954000000] [id=2276]
  0x000001969d301680 GCTaskThread "GC Thread#0" [stack: 0x0000003953e00000,0x0000003953f00000] [id=10016]

Threads with active compile tasks:

VM state: not at safepoint (normal execution)

VM Mutex/Monitor currently owned by a thread:  ([mutex/lock_event])
[0x000001969b07d790] Metaspace_lock - owner thread: 0x000001969d2ecf90

Heap address: 0x00000000c0000000, size: 1024 MB, Compressed Oops mode: 32-bit

CDS archive(s) not mapped
Compressed class space mapped at: 0x0000000100000000-0x0000000140000000, reserved size: 1073741824
Narrow klass base: 0x0000000000000000, Narrow klass shift: 3, Narrow klass range: 0x140000000

GC Precious Log:
 CPUs: 6 total, 6 available
 Memory: 16158M
 Large Page Support: Disabled
 NUMA Support: Disabled
 Compressed Oops: Enabled (32-bit)
 Alignments: Space 512K, Generation 512K, Heap 2M
 Heap Min Capacity: 100M
 Heap Initial Capacity: 100M
 Heap Max Capacity: 1G
 Pre-touch: Disabled
 Parallel Workers: 6

Heap:
 PSYoungGen      total 29696K, used 1024K [0x00000000eab00000, 0x00000000ecc00000, 0x0000000100000000)
  eden space 25600K, 4% used [0x00000000eab00000,0x00000000eac00138,0x00000000ec400000)
  from space 4096K, 0% used [0x00000000ec800000,0x00000000ec800000,0x00000000ecc00000)
  to   space 4096K, 0% used [0x00000000ec400000,0x00000000ec400000,0x00000000ec800000)
 ParOldGen       total 68608K, used 0K [0x00000000c0000000, 0x00000000c4300000, 0x00000000eab00000)
  object space 68608K, 0% used [0x00000000c0000000,0x00000000c0000000,0x00000000c4300000)
 Metaspace       used 2950K, committed 3008K, reserved 1114112K
  class space    used 262K, committed 320K, reserved 1048576K

Card table byte_map: [0x000001969cc90000,0x000001969cea0000] _byte_map_base: 0x000001969c690000

Marking Bits: (ParMarkBitMap*) 0x00007ff9493b58b0
 Begin Bits: [0x00000196aef80000, 0x00000196aff80000)
 End Bits:   [0x00000196aff80000, 0x00000196b0f80000)

Polling page: 0x000001969b2d0000

Metaspace:

Usage:
  Non-class:      2.62 MB used.
      Class:    262.62 KB used.
       Both:      2.88 MB used.

Virtual space:
  Non-class space:       64.00 MB reserved,       2.62 MB (  4%) committed,  1 nodes.
      Class space:        1.00 GB reserved,     320.00 KB ( <1%) committed,  1 nodes.
             Both:        1.06 GB reserved,       2.94 MB ( <1%) committed. 

Chunk freelists:
   Non-Class:  12.00 MB
       Class:  15.62 MB
        Both:  27.62 MB

MaxMetaspaceSize: unlimited
CompressedClassSpaceSize: 1.00 GB
Initial GC threshold: 21.00 MB
Current GC threshold: 21.00 MB
CDS: off
MetaspaceReclaimPolicy: balanced
 - commit_granule_bytes: 65536.
 - commit_granule_words: 8192.
 - virtual_space_node_default_size: 8388608.
 - enlarge_chunks_in_place: 1.
 - new_chunks_are_fully_committed: 0.
 - uncommit_free_chunks: 1.
 - use_allocation_guard: 0.
 - handle_deallocations: 1.


Internal statistics:

num_allocs_failed_limit: 0.
num_arena_births: 2.
num_arena_deaths: 0.
num_vsnodes_births: 2.
num_vsnodes_deaths: 0.
num_space_committed: 47.
num_space_uncommitted: 0.
num_chunks_returned_to_freelist: 0.
num_chunks_taken_from_freelist: 4.
num_chunk_merges: 0.
num_chunk_splits: 2.
num_chunks_enlarged: 0.
num_inconsistent_stats: 0.

CodeHeap 'non-profiled nmethods': size=120000Kb used=3Kb max_used=3Kb free=119996Kb
 bounds [0x00000196a7a50000, 0x00000196a7cc0000, 0x00000196aef80000]
CodeHeap 'profiled nmethods': size=120000Kb used=34Kb max_used=34Kb free=119965Kb
 bounds [0x000001969ff80000, 0x00000196a01f0000, 0x00000196a74b0000]
CodeHeap 'non-nmethods': size=5760Kb used=1028Kb max_used=1029Kb free=4731Kb
 bounds [0x00000196a74b0000, 0x00000196a7720000, 0x00000196a7a50000]
 total_blobs=313 nmethods=30 adapters=198
 compilation: enabled
              stopped_count=0, restarted_count=0
 full_count=0

Compilation events (20 events):
Event: 0.054 Thread 0x00000196b68c2cf0 nmethod 22 0x000001969ff86610 code [0x000001969ff867a0, 0x000001969ff86938]
Event: 0.054 Thread 0x00000196b68c2cf0   23       1       java.lang.module.ModuleDescriptor::name (5 bytes)
Event: 0.054 Thread 0x00000196b68c2cf0 nmethod 23 0x00000196a7a50010 code [0x00000196a7a501a0, 0x00000196a7a50278]
Event: 0.054 Thread 0x00000196b68c2cf0   24       3       java.lang.String::charAt (25 bytes)
Event: 0.054 Thread 0x00000196b68c2cf0 nmethod 24 0x000001969ff86a10 code [0x000001969ff86be0, 0x000001969ff86fb8]
Event: 0.054 Thread 0x00000196b68c2cf0   25       3       java.lang.StringLatin1::charAt (28 bytes)
Event: 0.054 Thread 0x00000196b68c2cf0 nmethod 25 0x000001969ff87110 code [0x000001969ff872c0, 0x000001969ff874c8]
Event: 0.055 Thread 0x00000196b68c2cf0   26       1       java.lang.module.ModuleReference::descriptor (5 bytes)
Event: 0.055 Thread 0x00000196b68c2cf0 nmethod 26 0x00000196a7a50690 code [0x00000196a7a50820, 0x00000196a7a508f8]
Event: 0.055 Thread 0x00000196b68c1b90 nmethod 14 0x00000196a7a50310 code [0x00000196a7a50480, 0x00000196a7a505b8]
Event: 0.055 Thread 0x00000196b68c1b90   15       4       java.lang.Object::<init> (1 bytes)
Event: 0.055 Thread 0x00000196b68c1b90 nmethod 15 0x00000196a7a50990 code [0x00000196a7a50b00, 0x00000196a7a50b78]
Event: 0.060 Thread 0x00000196b68c2cf0   27       3       java.util.ImmutableCollections$SetN$SetNIterator::hasNext (13 bytes)
Event: 0.060 Thread 0x00000196b68c2cf0 nmethod 27 0x000001969ff87610 code [0x000001969ff877a0, 0x000001969ff87918]
Event: 0.060 Thread 0x00000196b68c2cf0   28       3       java.util.concurrent.ConcurrentHashMap::tabAt (22 bytes)
Event: 0.060 Thread 0x00000196b68c2cf0 nmethod 28 0x000001969ff87990 code [0x000001969ff87b40, 0x000001969ff87df8]
Event: 0.060 Thread 0x00000196b68c2cf0   30       3       java.util.ImmutableCollections$SetN$SetNIterator::next (90 bytes)
Event: 0.060 Thread 0x00000196b68c2cf0 nmethod 30 0x000001969ff87f10 code [0x000001969ff880c0, 0x000001969ff883c8]
Event: 0.060 Thread 0x00000196b68c2cf0   29       3       jdk.internal.misc.Unsafe::getReferenceAcquire (7 bytes)
Event: 0.060 Thread 0x00000196b68c2cf0 nmethod 29 0x000001969ff88510 code [0x000001969ff886a0, 0x000001969ff887b8]

GC Heap History (0 events):
No events

Dll operation events (1 events):
Event: 0.007 Loaded shared library c:\Users\nocturno\.vscode\extensions\redhat.java-1.35.1-win32-x64\jre\17.0.12-win32-x86_64\bin\java.dll

Deoptimization events (0 events):
No events

Classes loaded (20 events):
Event: 0.060 Loading class java/util/Spliterator
Event: 0.060 Loading class java/util/Spliterator done
Event: 0.060 Loading class java/util/Spliterators$EmptySpliterator
Event: 0.060 Loading class java/util/Spliterators$EmptySpliterator done
Event: 0.060 Loading class java/util/Spliterators$EmptySpliterator$OfRef done
Event: 0.060 Loading class java/util/Spliterators$EmptySpliterator$OfInt
Event: 0.060 Loading class java/util/Spliterator$OfInt
Event: 0.060 Loading class java/util/Spliterator$OfPrimitive
Event: 0.060 Loading class java/util/Spliterator$OfPrimitive done
Event: 0.060 Loading class java/util/Spliterator$OfInt done
Event: 0.060 Loading class java/util/Spliterators$EmptySpliterator$OfInt done
Event: 0.061 Loading class java/util/Spliterators$EmptySpliterator$OfLong
Event: 0.061 Loading class java/util/Spliterator$OfLong
Event: 0.061 Loading class java/util/Spliterator$OfLong done
Event: 0.061 Loading class java/util/Spliterators$EmptySpliterator$OfLong done
Event: 0.061 Loading class java/util/Spliterators$EmptySpliterator$OfDouble
Event: 0.061 Loading class java/util/Spliterator$OfDouble
Event: 0.061 Loading class java/util/Spliterator$OfDouble done
Event: 0.061 Loading class java/util/Spliterators$EmptySpliterator$OfDouble done
Event: 0.061 Loading class java/util/Spliterators$IteratorSpliterator

Classes unloaded (0 events):
No events

Classes redefined (0 events):
No events

Internal exceptions (0 events):
No events

VM Operations (0 events):
No events

Events (10 events):
Event: 0.025 Thread 0x000001969d2ecf90 Thread added: 0x000001969d2ecf90
Event: 0.032 Thread 0x00000196b1173020 Thread added: 0x00000196b1173020
Event: 0.032 Thread 0x00000196b1174380 Thread added: 0x00000196b1174380
Event: 0.044 Thread 0x00000196b117cc00 Thread added: 0x00000196b117cc00
Event: 0.044 Thread 0x00000196b117d6d0 Thread added: 0x00000196b117d6d0
Event: 0.044 Thread 0x00000196b68b8740 Thread added: 0x00000196b68b8740
Event: 0.044 Thread 0x00000196b68b9210 Thread added: 0x00000196b68b9210
Event: 0.044 Thread 0x00000196b68c1b90 Thread added: 0x00000196b68c1b90
Event: 0.044 Thread 0x00000196b68c2cf0 Thread added: 0x00000196b68c2cf0
Event: 0.044 Thread 0x00000196b68c49d0 Thread added: 0x00000196b68c49d0


Dynamic libraries:
0x00007ff67d580000 - 0x00007ff67d58e000 	c:\Users\nocturno\.vscode\extensions\redhat.java-1.35.1-win32-x64\jre\17.0.12-win32-x86_64\bin\java.exe
0x00007ff9c85d0000 - 0x00007ff9c87e7000 	C:\Windows\SYSTEM32\ntdll.dll
0x00007ff9c64e0000 - 0x00007ff9c65a4000 	C:\Windows\System32\KERNEL32.DLL
0x00007ff9c5a30000 - 0x00007ff9c5de7000 	C:\Windows\System32\KERNELBASE.dll
0x00007ff9c5910000 - 0x00007ff9c5a21000 	C:\Windows\System32\ucrtbase.dll
0x00007ff9bbe20000 - 0x00007ff9bbe37000 	c:\Users\nocturno\.vscode\extensions\redhat.java-1.35.1-win32-x64\jre\17.0.12-win32-x86_64\bin\jli.dll
0x00007ff9bbb80000 - 0x00007ff9bbb9b000 	c:\Users\nocturno\.vscode\extensions\redhat.java-1.35.1-win32-x64\jre\17.0.12-win32-x86_64\bin\VCRUNTIME140.dll
0x00007ff9c6300000 - 0x00007ff9c64af000 	C:\Windows\System32\USER32.dll
0x00007ff9c6140000 - 0x00007ff9c6166000 	C:\Windows\System32\win32u.dll
0x00007ff9a13d0000 - 0x00007ff9a1663000 	C:\Windows\WinSxS\amd64_microsoft.windows.common-controls_6595b64144ccf1df_6.0.22621.3672_none_2713b9d173822955\COMCTL32.dll
0x00007ff9c64b0000 - 0x00007ff9c64d9000 	C:\Windows\System32\GDI32.dll
0x00007ff9c6cd0000 - 0x00007ff9c6d77000 	C:\Windows\System32\msvcrt.dll
0x00007ff9c5df0000 - 0x00007ff9c5f08000 	C:\Windows\System32\gdi32full.dll
0x00007ff9c6260000 - 0x00007ff9c62fa000 	C:\Windows\System32\msvcp_win.dll
0x00007ff9c8280000 - 0x00007ff9c82b1000 	C:\Windows\System32\IMM32.DLL
0x00007ff9bbd70000 - 0x00007ff9bbd7c000 	c:\Users\nocturno\.vscode\extensions\redhat.java-1.35.1-win32-x64\jre\17.0.12-win32-x86_64\bin\vcruntime140_1.dll
0x00007ff9a2210000 - 0x00007ff9a229d000 	c:\Users\nocturno\.vscode\extensions\redhat.java-1.35.1-win32-x64\jre\17.0.12-win32-x86_64\bin\msvcp140.dll
0x00007ff948810000 - 0x00007ff94947a000 	c:\Users\nocturno\.vscode\extensions\redhat.java-1.35.1-win32-x64\jre\17.0.12-win32-x86_64\bin\server\jvm.dll
0x00007ff9c7100000 - 0x00007ff9c71b2000 	C:\Windows\System32\ADVAPI32.dll
0x00007ff9c8470000 - 0x00007ff9c8518000 	C:\Windows\System32\sechost.dll
0x00007ff9c58e0000 - 0x00007ff9c5908000 	C:\Windows\System32\bcrypt.dll
0x00007ff9c6ee0000 - 0x00007ff9c6ff4000 	C:\Windows\System32\RPCRT4.dll
0x00007ff9c7a40000 - 0x00007ff9c7ab1000 	C:\Windows\System32\WS2_32.dll
0x00007ff9c57c0000 - 0x00007ff9c580d000 	C:\Windows\SYSTEM32\POWRPROF.dll
0x00007ff9b92d0000 - 0x00007ff9b9304000 	C:\Windows\SYSTEM32\WINMM.dll
0x00007ff9c1c00000 - 0x00007ff9c1c0a000 	C:\Windows\SYSTEM32\VERSION.dll
0x00007ff9c5790000 - 0x00007ff9c57a3000 	C:\Windows\SYSTEM32\UMPDC.dll
0x00007ff9c48f0000 - 0x00007ff9c4908000 	C:\Windows\SYSTEM32\kernel.appcore.dll
0x00007ff9bbd10000 - 0x00007ff9bbd1a000 	c:\Users\nocturno\.vscode\extensions\redhat.java-1.35.1-win32-x64\jre\17.0.12-win32-x86_64\bin\jimage.dll
0x00007ff9b75b0000 - 0x00007ff9b77e2000 	C:\Windows\SYSTEM32\DBGHELP.DLL
0x00007ff9c6940000 - 0x00007ff9c6cce000 	C:\Windows\System32\combase.dll
0x00007ff9c80a0000 - 0x00007ff9c8177000 	C:\Windows\System32\OLEAUT32.dll
0x00007ff9b67e0000 - 0x00007ff9b6812000 	C:\Windows\SYSTEM32\dbgcore.DLL
0x00007ff9c6170000 - 0x00007ff9c61eb000 	C:\Windows\System32\bcryptPrimitives.dll
0x00007ff9bbb70000 - 0x00007ff9bbb7e000 	c:\Users\nocturno\.vscode\extensions\redhat.java-1.35.1-win32-x64\jre\17.0.12-win32-x86_64\bin\instrument.dll
0x00007ff9bbb40000 - 0x00007ff9bbb65000 	c:\Users\nocturno\.vscode\extensions\redhat.java-1.35.1-win32-x64\jre\17.0.12-win32-x86_64\bin\java.dll
0x00007ff9bbb20000 - 0x00007ff9bbb38000 	c:\Users\nocturno\.vscode\extensions\redhat.java-1.35.1-win32-x64\jre\17.0.12-win32-x86_64\bin\zip.dll
0x00007ff9c71d0000 - 0x00007ff9c7a39000 	C:\Windows\System32\SHELL32.dll
0x00007ff9c3800000 - 0x00007ff9c40ff000 	C:\Windows\SYSTEM32\windows.storage.dll
0x00007ff9c36c0000 - 0x00007ff9c37ff000 	C:\Windows\SYSTEM32\wintypes.dll
0x00007ff9c8180000 - 0x00007ff9c8279000 	C:\Windows\System32\SHCORE.dll
0x00007ff9c7ae0000 - 0x00007ff9c7b3e000 	C:\Windows\System32\shlwapi.dll
0x00007ff9c5810000 - 0x00007ff9c5837000 	C:\Windows\SYSTEM32\profapi.dll

dbghelp: loaded successfully - version: 4.0.5 - missing functions: none
symbol engine: initialized successfully - sym options: 0x614 - pdb path: .;c:\Users\nocturno\.vscode\extensions\redhat.java-1.35.1-win32-x64\jre\17.0.12-win32-x86_64\bin;C:\Windows\SYSTEM32;C:\Windows\WinSxS\amd64_microsoft.windows.common-controls_6595b64144ccf1df_6.0.22621.3672_none_2713b9d173822955;c:\Users\nocturno\.vscode\extensions\redhat.java-1.35.1-win32-x64\jre\17.0.12-win32-x86_64\bin\server

VM Arguments:
jvm_args: --add-modules=ALL-SYSTEM --add-opens=java.base/java.util=ALL-UNNAMED --add-opens=java.base/java.lang=ALL-UNNAMED --add-opens=java.base/sun.nio.fs=ALL-UNNAMED -Declipse.application=org.eclipse.jdt.ls.core.id1 -Dosgi.bundles.defaultStartLevel=4 -Declipse.product=org.eclipse.jdt.ls.core.product -Djava.import.generatesMetadataFilesAtProjectRoot=false -DDetectVMInstallationsJob.disabled=true -Dfile.encoding=utf8 -XX:+UseParallelGC -XX:GCTimeRatio=4 -XX:AdaptiveSizePolicyWeight=90 -Dsun.zip.disableMemoryMapping=true -Xmx1G -Xms100m -Xlog:disable -javaagent:c:\Users\nocturno\.vscode\extensions\redhat.java-1.35.1-win32-x64\lombok\lombok-1.18.33.jar -XX:+HeapDumpOnOutOfMemoryError -XX:HeapDumpPath=c:\Users\nocturno\AppData\Roaming\Code\User\workspaceStorage\202d7eac513d2c0d4c76711d70e4b749\redhat.java -Daether.dependencyCollector.impl=bf 
java_command: c:\Users\nocturno\.vscode\extensions\redhat.java-1.35.1-win32-x64\server\plugins\org.eclipse.equinox.launcher_1.6.900.v20240613-2009.jar -configuration c:\Users\nocturno\AppData\Roaming\Code\User\globalStorage\redhat.java\1.35.1\config_win -data c:\Users\nocturno\AppData\Roaming\Code\User\workspaceStorage\202d7eac513d2c0d4c76711d70e4b749\redhat.java\jdt_ws --pipe=\\.\pipe\lsp-e5b4e381a8a0268020e547494482377e-sock
java_class_path (initial): c:\Users\nocturno\.vscode\extensions\redhat.java-1.35.1-win32-x64\server\plugins\org.eclipse.equinox.launcher_1.6.900.v20240613-2009.jar
Launcher Type: SUN_STANDARD

[Global flags]
    uintx AdaptiveSizePolicyWeight                 = 90                                        {product} {command line}
     intx CICompilerCount                          = 3                                         {product} {ergonomic}
    uintx GCTimeRatio                              = 4                                         {product} {command line}
     bool HeapDumpOnOutOfMemoryError               = true                                   {manageable} {command line}
    ccstr HeapDumpPath                             = c:\Users\nocturno\AppData\Roaming\Code\User\workspaceStorage\202d7eac513d2c0d4c76711d70e4b749\redhat.java         {manageable} {command line}
   size_t InitialHeapSize                          = 104857600                                 {product} {command line}
   size_t MaxHeapSize                              = 1073741824                                {product} {command line}
   size_t MaxNewSize                               = 357564416                                 {product} {ergonomic}
   size_t MinHeapDeltaBytes                        = 524288                                    {product} {ergonomic}
   size_t MinHeapSize                              = 104857600                                 {product} {command line}
   size_t NewSize                                  = 34603008                                  {product} {ergonomic}
    uintx NonNMethodCodeHeapSize                   = 5832780                                {pd product} {ergonomic}
    uintx NonProfiledCodeHeapSize                  = 122912730                              {pd product} {ergonomic}
   size_t OldSize                                  = 70254592                                  {product} {ergonomic}
    uintx ProfiledCodeHeapSize                     = 122912730                              {pd product} {ergonomic}
    uintx ReservedCodeCacheSize                    = 251658240                              {pd product} {ergonomic}
     bool SegmentedCodeCache                       = true                                      {product} {ergonomic}
   size_t SoftMaxHeapSize                          = 1073741824                             {manageable} {ergonomic}
     bool UseCompressedClassPointers               = true                           {product lp64_product} {ergonomic}
     bool UseCompressedOops                        = true                           {product lp64_product} {ergonomic}
     bool UseLargePagesIndividualAllocation        = false                                  {pd product} {ergonomic}
     bool UseParallelGC                            = true                                      {product} {command line}

Logging:
Log output configuration:
 #0: stdout all=off uptime,level,tags
 #1: stderr all=off uptime,level,tags

Environment Variables:
JAVA_HOME=C:\Program Files\Java\jdk-22
CLASSPATH=.;C:\misclases
PATH=C:\Program Files\Common Files\Oracle\Java\javapath;C:\Program Files\Eclipse Adoptium\jre-21.0.3.9-hotspot\bin;C:\Program Files\Eclipse Adoptium\jdk-21.0.3.9-hotspot\bin;C:\Windows\system32;C:\Windows;C:\Windows\System32\Wbem;C:\Windows\System32\WindowsPowerShell\v1.0\;C:\Windows\System32\OpenSSH\;C:\Program Files\Microsoft VS Code\bin;C:\Program Files\Git\cmd;C:\Program Files (x86)\Microsoft SQL Server\160\Tools\Binn\;C:\Program Files\Microsoft SQL Server\160\Tools\Binn\;C:\Program Files\Microsoft SQL Server\Client SDK\ODBC\170\Tools\Binn\;C:\Program Files\Microsoft SQL Server\160\DTS\Binn\;C:\Program Files (x86)\Microsoft SQL Server\160\DTS\Binn\;C:\Program Files\Java\jdk-22\bin;C:\Program Files\apache-maven-3.9.6\bin;C:\Users\nocturno\AppData\Local\Microsoft\WindowsApps;
USERNAME=nocturno
OS=Windows_NT
PROCESSOR_IDENTIFIER=Intel64 Family 6 Model 158 Stepping 10, GenuineIntel
TMP=C:\Users\nocturno\AppData\Local\Temp
TEMP=C:\Users\nocturno\AppData\Local\Temp



Periodic native trim disabled


---------------  S Y S T E M  ---------------

OS:
 Windows 11 , 64 bit Build 22621 (10.0.22621.3958)
OS uptime: 6 days 20:25 hours
Hyper-V role detected

CPU: total 6 (initial active 6) (6 cores per cpu, 1 threads per core) family 6 model 158 stepping 10 microcode 0xf6, cx8, cmov, fxsr, mmx, 3dnowpref, sse, sse2, sse3, ssse3, sse4.1, sse4.2, popcnt, lzcnt, tsc, tscinvbit, avx, avx2, aes, erms, clmul, bmi1, bmi2, adx, fma, vzeroupper, clflush, clflushopt, hv
Processor Information for all 6 processors :
  Max Mhz: 2808, Current Mhz: 2808, Mhz Limit: 2808

Memory: 4k page, system-wide physical 16158M (2470M free)
TotalPageFile size 46988M (AvailPageFile size 1M)
current process WorkingSet (physical memory assigned to process): 26M, peak: 26M
current process commit charge ("private bytes"): 174M, peak: 174M

vm_info: OpenJDK 64-Bit Server VM (17.0.12+7) for windows-amd64 JRE (17.0.12+7), built on Jul 16 2024 22:08:24 by "admin" with MS VC++ 16.10 / 16.11 (VS2019)

END.
