#
# There is insufficient memory for the Java Runtime Environment to continue.
# Native memory allocation (malloc) failed to allocate 1262816 bytes. Error detail: Chunk::new
# Possible reasons:
#   The system is out of physical RAM or swap space
#   This process is running with CompressedOops enabled, and the Java Heap may be blocking the growth of the native heap
# Possible solutions:
#   Reduce memory load on the system
#   Increase physical memory or swap space
#   Check if swap backing store is full
#   Decrease Java heap size (-Xmx/-Xms)
#   Decrease number of Java threads
#   Decrease Java thread stack sizes (-Xss)
#   Set larger code cache with -XX:ReservedCodeCacheSize=
#   JVM is running with Unscaled Compressed Oops mode in which the Java heap is
#     placed in the first 4GB address space. The Java Heap base address is the
#     maximum limit for the native heap growth. Please use -XX:HeapBaseMinAddress
#     to set the Java Heap base and to place the Java Heap above 4GB virtual address.
# This output file may be truncated or incomplete.
#
#  Out of Memory Error (arena.cpp:191), pid=1008, tid=8984
#
# JRE version: OpenJDK Runtime Environment Temurin-17.0.12+7 (17.0.12+7) (build 17.0.12+7)
# Java VM: OpenJDK 64-Bit Server VM Temurin-17.0.12+7 (17.0.12+7, mixed mode, tiered, compressed oops, compressed class ptrs, parallel gc, windows-amd64)
# No core dump will be written. Minidumps are not enabled by default on client versions of Windows
#

---------------  S U M M A R Y ------------

Command Line: --add-modules=ALL-SYSTEM --add-opens=java.base/java.util=ALL-UNNAMED --add-opens=java.base/java.lang=ALL-UNNAMED --add-opens=java.base/sun.nio.fs=ALL-UNNAMED -Declipse.application=org.eclipse.jdt.ls.core.id1 -Dosgi.bundles.defaultStartLevel=4 -Declipse.product=org.eclipse.jdt.ls.core.product -Djava.import.generatesMetadataFilesAtProjectRoot=false -DDetectVMInstallationsJob.disabled=true -Dfile.encoding=utf8 -XX:+UseParallelGC -XX:GCTimeRatio=4 -XX:AdaptiveSizePolicyWeight=90 -Dsun.zip.disableMemoryMapping=true -Xmx1G -Xms100m -Xlog:disable -javaagent:c:\Users\nocturno\.vscode\extensions\redhat.java-1.35.1-win32-x64\lombok\lombok-1.18.33.jar -XX:+HeapDumpOnOutOfMemoryError -XX:HeapDumpPath=c:\Users\nocturno\AppData\Roaming\Code\User\workspaceStorage\7eed0162ea7f1c18e982cdcf009d9710\redhat.java -Daether.dependencyCollector.impl=bf c:\Users\nocturno\.vscode\extensions\redhat.java-1.35.1-win32-x64\server\plugins\org.eclipse.equinox.launcher_1.6.900.v20240613-2009.jar -configuration c:\Users\nocturno\AppData\Roaming\Code\User\globalStorage\redhat.java\1.35.1\config_win -data c:\Users\nocturno\AppData\Roaming\Code\User\workspaceStorage\7eed0162ea7f1c18e982cdcf009d9710\redhat.java\jdt_ws --pipe=\\.\pipe\lsp-7305507f63938b0996a34bf63fe1b5bf-sock

Host: Intel(R) Core(TM) i5-8400 CPU @ 2.80GHz, 6 cores, 15G,  Windows 11 , 64 bit Build 22621 (10.0.22621.3958)
Time: Mon Oct 21 18:47:49 2024 Hora de verano romance elapsed time: 3.644418 seconds (0d 0h 0m 3s)

---------------  T H R E A D  ---------------

Current thread (0x0000020d4bbd3180):  JavaThread "C2 CompilerThread1" daemon [_thread_in_native, id=8984, stack(0x000000c50af00000,0x000000c50b000000)]


Current CompileTask:
C2:   3644 4247   !   4       org.eclipse.osgi.internal.loader.classpath.ClasspathManager::findClassImpl (308 bytes)

Stack: [0x000000c50af00000,0x000000c50b000000]
Native frames: (J=compiled Java code, j=interpreted, Vv=VM code, C=native code)
V  [jvm.dll+0x67f929]
V  [jvm.dll+0x8371ba]
V  [jvm.dll+0x838c7e]
V  [jvm.dll+0x8392e3]
V  [jvm.dll+0x24834f]
V  [jvm.dll+0xac9d4]
V  [jvm.dll+0xad01c]
V  [jvm.dll+0x3674a7]
V  [jvm.dll+0x33197a]
V  [jvm.dll+0x330e1a]
V  [jvm.dll+0x21a8b1]
V  [jvm.dll+0x219cf1]
V  [jvm.dll+0x1a58bd]
V  [jvm.dll+0x229a2d]
V  [jvm.dll+0x227bdc]
V  [jvm.dll+0x7ec1f7]
V  [jvm.dll+0x7e65dc]
V  [jvm.dll+0x67e7f7]
C  [ucrtbase.dll+0x29333]
C  [KERNEL32.DLL+0x1257d]
C  [ntdll.dll+0x5af08]


---------------  P R O C E S S  ---------------

Threads class SMR info:
_java_thread_list=0x0000020d4df5fe80, length=36, elements={
0x0000020d3041e7d0, 0x0000020d461f5030, 0x0000020d304ca710, 0x0000020d461fd010,
0x0000020d461fdb40, 0x0000020d461fe970, 0x0000020d4b8b2690, 0x0000020d4b8bb7b0,
0x0000020d4b8be180, 0x0000020d4b8c1240, 0x0000020d4b974420, 0x0000020d4bbd3180,
0x0000020d4bc7e5b0, 0x0000020d4c564ea0, 0x0000020d4c30faa0, 0x0000020d4c845080,
0x0000020d4c4b78b0, 0x0000020d4cd7b650, 0x0000020d4c59b030, 0x0000020d4cab4570,
0x0000020d4cab63d0, 0x0000020d4cab4a80, 0x0000020d4cab5ec0, 0x0000020d4cab7300,
0x0000020d4cab68e0, 0x0000020d4cab7810, 0x0000020d4cab54a0, 0x0000020d4cab59b0,
0x0000020d4cab4060, 0x0000020d4cab4f90, 0x0000020d4cab6df0, 0x0000020d4d2c8af0,
0x0000020d4d2c9a20, 0x0000020d4d2c7bc0, 0x0000020d4d2c80d0, 0x0000020d4d2ca440
}

Java Threads: ( => current thread )
  0x0000020d3041e7d0 JavaThread "main" [_thread_blocked, id=12604, stack(0x000000c50a200000,0x000000c50a300000)]
  0x0000020d461f5030 JavaThread "Reference Handler" daemon [_thread_blocked, id=13416, stack(0x000000c50a500000,0x000000c50a600000)]
  0x0000020d304ca710 JavaThread "Finalizer" daemon [_thread_blocked, id=4412, stack(0x000000c50a600000,0x000000c50a700000)]
  0x0000020d461fd010 JavaThread "Signal Dispatcher" daemon [_thread_blocked, id=3184, stack(0x000000c50a700000,0x000000c50a800000)]
  0x0000020d461fdb40 JavaThread "Attach Listener" daemon [_thread_blocked, id=10820, stack(0x000000c50a800000,0x000000c50a900000)]
  0x0000020d461fe970 JavaThread "Service Thread" daemon [_thread_blocked, id=11940, stack(0x000000c50a900000,0x000000c50aa00000)]
  0x0000020d4b8b2690 JavaThread "Monitor Deflation Thread" daemon [_thread_blocked, id=9472, stack(0x000000c50aa00000,0x000000c50ab00000)]
  0x0000020d4b8bb7b0 JavaThread "C2 CompilerThread0" daemon [_thread_in_native, id=9808, stack(0x000000c50ab00000,0x000000c50ac00000)]
  0x0000020d4b8be180 JavaThread "C1 CompilerThread0" daemon [_thread_blocked, id=1240, stack(0x000000c50ac00000,0x000000c50ad00000)]
  0x0000020d4b8c1240 JavaThread "Sweeper thread" daemon [_thread_blocked, id=7732, stack(0x000000c50ad00000,0x000000c50ae00000)]
  0x0000020d4b974420 JavaThread "Common-Cleaner" daemon [_thread_blocked, id=6756, stack(0x000000c50ae00000,0x000000c50af00000)]
=>0x0000020d4bbd3180 JavaThread "C2 CompilerThread1" daemon [_thread_in_native, id=8984, stack(0x000000c50af00000,0x000000c50b000000)]
  0x0000020d4bc7e5b0 JavaThread "Notification Thread" daemon [_thread_blocked, id=10856, stack(0x000000c50b000000,0x000000c50b100000)]
  0x0000020d4c564ea0 JavaThread "Active Thread: Equinox Container: 2efc3cb1-2594-456f-86f2-2a37c98bb89f" [_thread_blocked, id=8320, stack(0x000000c50b700000,0x000000c50b800000)]
  0x0000020d4c30faa0 JavaThread "Framework Event Dispatcher: Equinox Container: 2efc3cb1-2594-456f-86f2-2a37c98bb89f" daemon [_thread_blocked, id=8548, stack(0x000000c50b800000,0x000000c50b900000)]
  0x0000020d4c845080 JavaThread "Start Level: Equinox Container: 2efc3cb1-2594-456f-86f2-2a37c98bb89f" daemon [_thread_blocked, id=9212, stack(0x000000c50b900000,0x000000c50ba00000)]
  0x0000020d4c4b78b0 JavaThread "Bundle File Closer" daemon [_thread_blocked, id=15968, stack(0x000000c50ba00000,0x000000c50bb00000)]
  0x0000020d4cd7b650 JavaThread "SCR Component Actor" daemon [_thread_blocked, id=3892, stack(0x000000c50bb00000,0x000000c50bc00000)]
  0x0000020d4c59b030 JavaThread "SCR Component Registry" daemon [_thread_blocked, id=12940, stack(0x000000c50bc00000,0x000000c50bd00000)]
  0x0000020d4cab4570 JavaThread "Worker-JM" [_thread_blocked, id=11648, stack(0x000000c50bd00000,0x000000c50be00000)]
  0x0000020d4cab63d0 JavaThread "JNA Cleaner" daemon [_thread_blocked, id=16164, stack(0x000000c50be00000,0x000000c50bf00000)]
  0x0000020d4cab4a80 JavaThread "Worker-0: Repository registry initialization" [_thread_blocked, id=12172, stack(0x000000c50bf00000,0x000000c50c000000)]
  0x0000020d4cab5ec0 JavaThread "Worker-1: Updating Maven Dependencies" [_thread_in_native, id=11204, stack(0x000000c50c000000,0x000000c50c100000)]
  0x0000020d4cab7300 JavaThread "Java indexing" daemon [_thread_blocked, id=6236, stack(0x000000c50c100000,0x000000c50c200000)]
  0x0000020d4cab68e0 JavaThread "Thread-2" daemon [_thread_in_native, id=13632, stack(0x000000c50c400000,0x000000c50c500000)]
  0x0000020d4cab7810 JavaThread "Thread-3" daemon [_thread_in_native, id=12296, stack(0x000000c50c500000,0x000000c50c600000)]
  0x0000020d4cab54a0 JavaThread "Thread-4" daemon [_thread_in_native, id=14920, stack(0x000000c50c600000,0x000000c50c700000)]
  0x0000020d4cab59b0 JavaThread "Thread-5" daemon [_thread_in_native, id=11408, stack(0x000000c50c700000,0x000000c50c800000)]
  0x0000020d4cab4060 JavaThread "Thread-6" daemon [_thread_in_native, id=10104, stack(0x000000c50c800000,0x000000c50c900000)]
  0x0000020d4cab4f90 JavaThread "Thread-7" daemon [_thread_in_native, id=12232, stack(0x000000c50c900000,0x000000c50ca00000)]
  0x0000020d4cab6df0 JavaThread "Thread-8" daemon [_thread_in_native, id=716, stack(0x000000c50ca00000,0x000000c50cb00000)]
  0x0000020d4d2c8af0 JavaThread "pool-2-thread-1" [_thread_blocked, id=11972, stack(0x000000c50cb00000,0x000000c50cc00000)]
  0x0000020d4d2c9a20 JavaThread "WorkspaceEventsHandler" [_thread_blocked, id=3848, stack(0x000000c50cc00000,0x000000c50cd00000)]
  0x0000020d4d2c7bc0 JavaThread "pool-1-thread-1" [_thread_in_Java, id=1192, stack(0x000000c50cd00000,0x000000c50ce00000)]
  0x0000020d4d2c80d0 JavaThread "Worker-2" [_thread_blocked, id=4628, stack(0x000000c50ce00000,0x000000c50cf00000)]
  0x0000020d4d2ca440 JavaThread "Worker-3" [_thread_blocked, id=9068, stack(0x000000c50cf00000,0x000000c50d000000)]

Other Threads:
  0x0000020d304c7cb0 VMThread "VM Thread" [stack: 0x000000c50a400000,0x000000c50a500000] [id=13540]
  0x0000020d4be18eb0 WatcherThread [stack: 0x000000c50b100000,0x000000c50b200000] [id=12512]
  0x0000020d30433990 GCTaskThread "GC Thread#0" [stack: 0x000000c50a300000,0x000000c50a400000] [id=15208]
  0x0000020d4c31f020 GCTaskThread "GC Thread#1" [stack: 0x000000c50b200000,0x000000c50b300000] [id=12564]
  0x0000020d4becff30 GCTaskThread "GC Thread#2" [stack: 0x000000c50b300000,0x000000c50b400000] [id=6328]
  0x0000020d4c51be00 GCTaskThread "GC Thread#3" [stack: 0x000000c50b400000,0x000000c50b500000] [id=15804]
  0x0000020d4c4259c0 GCTaskThread "GC Thread#4" [stack: 0x000000c50b500000,0x000000c50b600000] [id=12128]
  0x0000020d4bf58960 GCTaskThread "GC Thread#5" [stack: 0x000000c50b600000,0x000000c50b700000] [id=8384]

Threads with active compile tasks:
C2 CompilerThread0     3665 4238   !   4       org.eclipse.osgi.internal.loader.classpath.ClasspathManager::findLocalClass (210 bytes)
C2 CompilerThread1     3665 4247   !   4       org.eclipse.osgi.internal.loader.classpath.ClasspathManager::findClassImpl (308 bytes)

VM state: not at safepoint (normal execution)

VM Mutex/Monitor currently owned by a thread: None

Heap address: 0x00000000c0000000, size: 1024 MB, Compressed Oops mode: 32-bit

CDS archive(s) not mapped
Compressed class space mapped at: 0x0000000100000000-0x0000000140000000, reserved size: 1073741824
Narrow klass base: 0x0000000000000000, Narrow klass shift: 3, Narrow klass range: 0x140000000

GC Precious Log:
 CPUs: 6 total, 6 available
 Memory: 16158M
 Large Page Support: Disabled
 NUMA Support: Disabled
 Compressed Oops: Enabled (32-bit)
 Alignments: Space 512K, Generation 512K, Heap 2M
 Heap Min Capacity: 100M
 Heap Initial Capacity: 100M
 Heap Max Capacity: 1G
 Pre-touch: Disabled
 Parallel Workers: 6

Heap:
 PSYoungGen      total 23040K, used 2954K [0x00000000eab00000, 0x00000000ec700000, 0x0000000100000000)
  eden space 22016K, 9% used [0x00000000eab00000,0x00000000ead1f530,0x00000000ec080000)
  from space 1024K, 76% used [0x00000000ec480000,0x00000000ec543668,0x00000000ec580000)
  to   space 1536K, 0% used [0x00000000ec580000,0x00000000ec580000,0x00000000ec700000)
 ParOldGen       total 68608K, used 16562K [0x00000000c0000000, 0x00000000c4300000, 0x00000000eab00000)
  object space 68608K, 24% used [0x00000000c0000000,0x00000000c102cb90,0x00000000c4300000)
 Metaspace       used 42497K, committed 43392K, reserved 1114112K
  class space    used 4402K, committed 4800K, reserved 1048576K

Card table byte_map: [0x0000020d43a90000,0x0000020d43ca0000] _byte_map_base: 0x0000020d43490000

Marking Bits: (ParMarkBitMap*) 0x00007ff9588d58b0
 Begin Bits: [0x0000020d43e00000, 0x0000020d44e00000)
 End Bits:   [0x0000020d44e00000, 0x0000020d45e00000)

Polling page: 0x0000020d304d0000

Metaspace:

Usage:
  Non-class:     37.20 MB used.
      Class:      4.30 MB used.
       Both:     41.50 MB used.

Virtual space:
  Non-class space:       64.00 MB reserved,      37.69 MB ( 59%) committed,  1 nodes.
      Class space:        1.00 GB reserved,       4.69 MB ( <1%) committed,  1 nodes.
             Both:        1.06 GB reserved,      42.38 MB (  4%) committed. 

Chunk freelists:
   Non-Class:  9.88 MB
       Class:  11.25 MB
        Both:  21.12 MB

MaxMetaspaceSize: unlimited
CompressedClassSpaceSize: 1.00 GB
Initial GC threshold: 21.00 MB
Current GC threshold: 58.38 MB
CDS: off
MetaspaceReclaimPolicy: balanced
 - commit_granule_bytes: 65536.
 - commit_granule_words: 8192.
 - virtual_space_node_default_size: 8388608.
 - enlarge_chunks_in_place: 1.
 - new_chunks_are_fully_committed: 0.
 - uncommit_free_chunks: 1.
 - use_allocation_guard: 0.
 - handle_deallocations: 1.


Internal statistics:

num_allocs_failed_limit: 6.
num_arena_births: 530.
num_arena_deaths: 14.
num_vsnodes_births: 2.
num_vsnodes_deaths: 0.
num_space_committed: 678.
num_space_uncommitted: 0.
num_chunks_returned_to_freelist: 20.
num_chunks_taken_from_freelist: 1954.
num_chunk_merges: 9.
num_chunk_splits: 1261.
num_chunks_enlarged: 825.
num_inconsistent_stats: 0.

CodeHeap 'non-profiled nmethods': size=120000Kb used=2065Kb max_used=2065Kb free=117934Kb
 bounds [0x0000020d3c380000, 0x0000020d3c5f0000, 0x0000020d438b0000]
CodeHeap 'profiled nmethods': size=120000Kb used=9220Kb max_used=9220Kb free=110780Kb
 bounds [0x0000020d348b0000, 0x0000020d351c0000, 0x0000020d3bde0000]
CodeHeap 'non-nmethods': size=5760Kb used=1294Kb max_used=1367Kb free=4465Kb
 bounds [0x0000020d3bde0000, 0x0000020d3c050000, 0x0000020d3c380000]
 total_blobs=4947 nmethods=4323 adapters=537
 compilation: enabled
              stopped_count=0, restarted_count=0
 full_count=0

Compilation events (20 events):
Event: 3.630 Thread 0x0000020d4b8be180 nmethod 4309 0x0000020d35190c90 code [0x0000020d35191280, 0x0000020d35193968]
Event: 3.630 Thread 0x0000020d4b8be180 4311       3       org.codehaus.plexus.util.xml.pull.MXParser::nextImpl (1203 bytes)
Event: 3.633 Thread 0x0000020d4b8be180 nmethod 4311 0x0000020d35194a10 code [0x0000020d35195080, 0x0000020d35198208]
Event: 3.633 Thread 0x0000020d4b8be180 4308       3       org.codehaus.plexus.util.xml.pull.MXParser::next (10 bytes)
Event: 3.633 Thread 0x0000020d4b8be180 nmethod 4308 0x0000020d35199090 code [0x0000020d35199220, 0x0000020d35199368]
Event: 3.633 Thread 0x0000020d4b8be180 4312       1       org.codehaus.plexus.util.xml.pull.MXParser::getEventType (5 bytes)
Event: 3.633 Thread 0x0000020d4b8be180 nmethod 4312 0x0000020d3c584010 code [0x0000020d3c5841a0, 0x0000020d3c584278]
Event: 3.633 Thread 0x0000020d4b8be180 4313       3       org.codehaus.plexus.util.xml.pull.MXParser::ensureElementsCapacity (265 bytes)
Event: 3.634 Thread 0x0000020d4b8be180 nmethod 4313 0x0000020d35199410 code [0x0000020d35199660, 0x0000020d3519a548]
Event: 3.634 Thread 0x0000020d4b8be180 4314       3       org.codehaus.plexus.util.xml.pull.MXParser::getName (84 bytes)
Event: 3.634 Thread 0x0000020d4b8be180 nmethod 4314 0x0000020d3519a810 code [0x0000020d3519a9e0, 0x0000020d3519ad48]
Event: 3.636 Thread 0x0000020d4b8be180 4320       3       org.codehaus.plexus.util.xml.pull.MXParser::parseStartTag (1190 bytes)
Event: 3.640 Thread 0x0000020d4b8be180 nmethod 4320 0x0000020d3519ae90 code [0x0000020d3519b8e0, 0x0000020d351a1378]
Event: 3.640 Thread 0x0000020d4b8be180 4328  s    3       java.io.BufferedInputStream::read (113 bytes)
Event: 3.640 Thread 0x0000020d4b8be180 nmethod 4328 0x0000020d351a3890 code [0x0000020d351a3ac0, 0x0000020d351a4378]
Event: 3.640 Thread 0x0000020d4b8be180 4323   !   3       org.eclipse.osgi.internal.hooks.EclipseLazyStarter::postFindLocalClass (394 bytes)
Event: 3.642 Thread 0x0000020d4b8be180 nmethod 4323 0x0000020d351a4610 code [0x0000020d351a4b20, 0x0000020d351a79b8]
Event: 3.642 Thread 0x0000020d4b8be180 4324       3       java.util.ArrayList::indexOf (11 bytes)
Event: 3.642 Thread 0x0000020d4b8be180 nmethod 4324 0x0000020d351a8c90 code [0x0000020d351a8e20, 0x0000020d351a8fe8]
Event: 3.642 Thread 0x0000020d4b8be180 4321       3       org.codehaus.plexus.util.xml.pull.MXParser::isWhitespace (114 bytes)

GC Heap History (20 events):
Event: 1.648 GC heap before
{Heap before GC invocations=5 (full 0):
 PSYoungGen      total 29696K, used 9155K [0x00000000eab00000, 0x00000000ecc00000, 0x0000000100000000)
  eden space 25600K, 19% used [0x00000000eab00000,0x00000000eaff2a98,0x00000000ec400000)
  from space 4096K, 99% used [0x00000000ec800000,0x00000000ecbfe420,0x00000000ecc00000)
  to   space 4096K, 0% used [0x00000000ec400000,0x00000000ec400000,0x00000000ec800000)
 ParOldGen       total 68608K, used 6369K [0x00000000c0000000, 0x00000000c4300000, 0x00000000eab00000)
  object space 68608K, 9% used [0x00000000c0000000,0x00000000c0638520,0x00000000c4300000)
 Metaspace       used 21104K, committed 21504K, reserved 1114112K
  class space    used 2146K, committed 2304K, reserved 1048576K
}
Event: 1.650 GC heap after
{Heap after GC invocations=5 (full 0):
 PSYoungGen      total 29696K, used 4088K [0x00000000eab00000, 0x00000000ece00000, 0x0000000100000000)
  eden space 25600K, 0% used [0x00000000eab00000,0x00000000eab00000,0x00000000ec400000)
  from space 4096K, 99% used [0x00000000ec400000,0x00000000ec7fe2e0,0x00000000ec800000)
  to   space 5120K, 0% used [0x00000000ec900000,0x00000000ec900000,0x00000000ece00000)
 ParOldGen       total 68608K, used 6801K [0x00000000c0000000, 0x00000000c4300000, 0x00000000eab00000)
  object space 68608K, 9% used [0x00000000c0000000,0x00000000c06a4448,0x00000000c4300000)
 Metaspace       used 21104K, committed 21504K, reserved 1114112K
  class space    used 2146K, committed 2304K, reserved 1048576K
}
Event: 1.650 GC heap before
{Heap before GC invocations=6 (full 1):
 PSYoungGen      total 29696K, used 4088K [0x00000000eab00000, 0x00000000ece00000, 0x0000000100000000)
  eden space 25600K, 0% used [0x00000000eab00000,0x00000000eab00000,0x00000000ec400000)
  from space 4096K, 99% used [0x00000000ec400000,0x00000000ec7fe2e0,0x00000000ec800000)
  to   space 5120K, 0% used [0x00000000ec900000,0x00000000ec900000,0x00000000ece00000)
 ParOldGen       total 68608K, used 6801K [0x00000000c0000000, 0x00000000c4300000, 0x00000000eab00000)
  object space 68608K, 9% used [0x00000000c0000000,0x00000000c06a4448,0x00000000c4300000)
 Metaspace       used 21104K, committed 21504K, reserved 1114112K
  class space    used 2146K, committed 2304K, reserved 1048576K
}
Event: 1.668 GC heap after
{Heap after GC invocations=6 (full 1):
 PSYoungGen      total 29696K, used 0K [0x00000000eab00000, 0x00000000ece00000, 0x0000000100000000)
  eden space 25600K, 0% used [0x00000000eab00000,0x00000000eab00000,0x00000000ec400000)
  from space 4096K, 0% used [0x00000000ec400000,0x00000000ec400000,0x00000000ec800000)
  to   space 5120K, 0% used [0x00000000ec900000,0x00000000ec900000,0x00000000ece00000)
 ParOldGen       total 68608K, used 10599K [0x00000000c0000000, 0x00000000c4300000, 0x00000000eab00000)
  object space 68608K, 15% used [0x00000000c0000000,0x00000000c0a59e30,0x00000000c4300000)
 Metaspace       used 21091K, committed 21504K, reserved 1114112K
  class space    used 2143K, committed 2304K, reserved 1048576K
}
Event: 2.113 GC heap before
{Heap before GC invocations=7 (full 1):
 PSYoungGen      total 29696K, used 25600K [0x00000000eab00000, 0x00000000ece00000, 0x0000000100000000)
  eden space 25600K, 100% used [0x00000000eab00000,0x00000000ec400000,0x00000000ec400000)
  from space 4096K, 0% used [0x00000000ec400000,0x00000000ec400000,0x00000000ec800000)
  to   space 5120K, 0% used [0x00000000ec900000,0x00000000ec900000,0x00000000ece00000)
 ParOldGen       total 68608K, used 10599K [0x00000000c0000000, 0x00000000c4300000, 0x00000000eab00000)
  object space 68608K, 15% used [0x00000000c0000000,0x00000000c0a59e30,0x00000000c4300000)
 Metaspace       used 24801K, committed 25344K, reserved 1114112K
  class space    used 2546K, committed 2752K, reserved 1048576K
}
Event: 2.114 GC heap after
{Heap after GC invocations=7 (full 1):
 PSYoungGen      total 26624K, used 1066K [0x00000000eab00000, 0x00000000eca80000, 0x0000000100000000)
  eden space 25088K, 0% used [0x00000000eab00000,0x00000000eab00000,0x00000000ec380000)
  from space 1536K, 69% used [0x00000000ec900000,0x00000000eca0a940,0x00000000eca80000)
  to   space 2560K, 0% used [0x00000000ec580000,0x00000000ec580000,0x00000000ec800000)
 ParOldGen       total 68608K, used 10607K [0x00000000c0000000, 0x00000000c4300000, 0x00000000eab00000)
  object space 68608K, 15% used [0x00000000c0000000,0x00000000c0a5be30,0x00000000c4300000)
 Metaspace       used 24801K, committed 25344K, reserved 1114112K
  class space    used 2546K, committed 2752K, reserved 1048576K
}
Event: 2.331 GC heap before
{Heap before GC invocations=8 (full 1):
 PSYoungGen      total 26624K, used 26154K [0x00000000eab00000, 0x00000000eca80000, 0x0000000100000000)
  eden space 25088K, 100% used [0x00000000eab00000,0x00000000ec380000,0x00000000ec380000)
  from space 1536K, 69% used [0x00000000ec900000,0x00000000eca0a940,0x00000000eca80000)
  to   space 2560K, 0% used [0x00000000ec580000,0x00000000ec580000,0x00000000ec800000)
 ParOldGen       total 68608K, used 10607K [0x00000000c0000000, 0x00000000c4300000, 0x00000000eab00000)
  object space 68608K, 15% used [0x00000000c0000000,0x00000000c0a5be30,0x00000000c4300000)
 Metaspace       used 27543K, committed 28224K, reserved 1114112K
  class space    used 2843K, committed 3136K, reserved 1048576K
}
Event: 2.334 GC heap after
{Heap after GC invocations=8 (full 1):
 PSYoungGen      total 27136K, used 2532K [0x00000000eab00000, 0x00000000ecb00000, 0x0000000100000000)
  eden space 24576K, 0% used [0x00000000eab00000,0x00000000eab00000,0x00000000ec300000)
  from space 2560K, 98% used [0x00000000ec580000,0x00000000ec7f9370,0x00000000ec800000)
  to   space 3072K, 0% used [0x00000000ec800000,0x00000000ec800000,0x00000000ecb00000)
 ParOldGen       total 68608K, used 11442K [0x00000000c0000000, 0x00000000c4300000, 0x00000000eab00000)
  object space 68608K, 16% used [0x00000000c0000000,0x00000000c0b2c930,0x00000000c4300000)
 Metaspace       used 27543K, committed 28224K, reserved 1114112K
  class space    used 2843K, committed 3136K, reserved 1048576K
}
Event: 2.466 GC heap before
{Heap before GC invocations=9 (full 1):
 PSYoungGen      total 27136K, used 27108K [0x00000000eab00000, 0x00000000ecb00000, 0x0000000100000000)
  eden space 24576K, 100% used [0x00000000eab00000,0x00000000ec300000,0x00000000ec300000)
  from space 2560K, 98% used [0x00000000ec580000,0x00000000ec7f9370,0x00000000ec800000)
  to   space 3072K, 0% used [0x00000000ec800000,0x00000000ec800000,0x00000000ecb00000)
 ParOldGen       total 68608K, used 11442K [0x00000000c0000000, 0x00000000c4300000, 0x00000000eab00000)
  object space 68608K, 16% used [0x00000000c0000000,0x00000000c0b2c930,0x00000000c4300000)
 Metaspace       used 30200K, committed 30848K, reserved 1114112K
  class space    used 3013K, committed 3264K, reserved 1048576K
}
Event: 2.468 GC heap after
{Heap after GC invocations=9 (full 1):
 PSYoungGen      total 27136K, used 2695K [0x00000000eab00000, 0x00000000ecb00000, 0x0000000100000000)
  eden space 24064K, 0% used [0x00000000eab00000,0x00000000eab00000,0x00000000ec280000)
  from space 3072K, 87% used [0x00000000ec800000,0x00000000ecaa1c88,0x00000000ecb00000)
  to   space 3072K, 0% used [0x00000000ec500000,0x00000000ec500000,0x00000000ec800000)
 ParOldGen       total 68608K, used 11450K [0x00000000c0000000, 0x00000000c4300000, 0x00000000eab00000)
  object space 68608K, 16% used [0x00000000c0000000,0x00000000c0b2e930,0x00000000c4300000)
 Metaspace       used 30200K, committed 30848K, reserved 1114112K
  class space    used 3013K, committed 3264K, reserved 1048576K
}
Event: 2.600 GC heap before
{Heap before GC invocations=10 (full 1):
 PSYoungGen      total 27136K, used 26759K [0x00000000eab00000, 0x00000000ecb00000, 0x0000000100000000)
  eden space 24064K, 100% used [0x00000000eab00000,0x00000000ec280000,0x00000000ec280000)
  from space 3072K, 87% used [0x00000000ec800000,0x00000000ecaa1c88,0x00000000ecb00000)
  to   space 3072K, 0% used [0x00000000ec500000,0x00000000ec500000,0x00000000ec800000)
 ParOldGen       total 68608K, used 11450K [0x00000000c0000000, 0x00000000c4300000, 0x00000000eab00000)
  object space 68608K, 16% used [0x00000000c0000000,0x00000000c0b2e930,0x00000000c4300000)
 Metaspace       used 32844K, committed 33536K, reserved 1114112K
  class space    used 3226K, committed 3520K, reserved 1048576K
}
Event: 2.602 GC heap after
{Heap after GC invocations=10 (full 1):
 PSYoungGen      total 26624K, used 3066K [0x00000000eab00000, 0x00000000ecc00000, 0x0000000100000000)
  eden space 23552K, 0% used [0x00000000eab00000,0x00000000eab00000,0x00000000ec200000)
  from space 3072K, 99% used [0x00000000ec500000,0x00000000ec7fe968,0x00000000ec800000)
  to   space 4096K, 0% used [0x00000000ec800000,0x00000000ec800000,0x00000000ecc00000)
 ParOldGen       total 68608K, used 12914K [0x00000000c0000000, 0x00000000c4300000, 0x00000000eab00000)
  object space 68608K, 18% used [0x00000000c0000000,0x00000000c0c9caf8,0x00000000c4300000)
 Metaspace       used 32844K, committed 33536K, reserved 1114112K
  class space    used 3226K, committed 3520K, reserved 1048576K
}
Event: 2.819 GC heap before
{Heap before GC invocations=11 (full 1):
 PSYoungGen      total 26624K, used 25108K [0x00000000eab00000, 0x00000000ecc00000, 0x0000000100000000)
  eden space 23552K, 93% used [0x00000000eab00000,0x00000000ec0866c0,0x00000000ec200000)
  from space 3072K, 99% used [0x00000000ec500000,0x00000000ec7fe968,0x00000000ec800000)
  to   space 4096K, 0% used [0x00000000ec800000,0x00000000ec800000,0x00000000ecc00000)
 ParOldGen       total 68608K, used 12914K [0x00000000c0000000, 0x00000000c4300000, 0x00000000eab00000)
  object space 68608K, 18% used [0x00000000c0000000,0x00000000c0c9caf8,0x00000000c4300000)
 Metaspace       used 35088K, committed 35840K, reserved 1114112K
  class space    used 3428K, committed 3776K, reserved 1048576K
}
Event: 2.822 GC heap after
{Heap after GC invocations=11 (full 1):
 PSYoungGen      total 26112K, used 2106K [0x00000000eab00000, 0x00000000eca80000, 0x0000000100000000)
  eden space 23552K, 0% used [0x00000000eab00000,0x00000000eab00000,0x00000000ec200000)
  from space 2560K, 82% used [0x00000000ec800000,0x00000000eca0e8d0,0x00000000eca80000)
  to   space 3072K, 0% used [0x00000000ec480000,0x00000000ec480000,0x00000000ec780000)
 ParOldGen       total 68608K, used 14840K [0x00000000c0000000, 0x00000000c4300000, 0x00000000eab00000)
  object space 68608K, 21% used [0x00000000c0000000,0x00000000c0e7e328,0x00000000c4300000)
 Metaspace       used 35088K, committed 35840K, reserved 1114112K
  class space    used 3428K, committed 3776K, reserved 1048576K
}
Event: 2.822 GC heap before
{Heap before GC invocations=12 (full 2):
 PSYoungGen      total 26112K, used 2106K [0x00000000eab00000, 0x00000000eca80000, 0x0000000100000000)
  eden space 23552K, 0% used [0x00000000eab00000,0x00000000eab00000,0x00000000ec200000)
  from space 2560K, 82% used [0x00000000ec800000,0x00000000eca0e8d0,0x00000000eca80000)
  to   space 3072K, 0% used [0x00000000ec480000,0x00000000ec480000,0x00000000ec780000)
 ParOldGen       total 68608K, used 14840K [0x00000000c0000000, 0x00000000c4300000, 0x00000000eab00000)
  object space 68608K, 21% used [0x00000000c0000000,0x00000000c0e7e328,0x00000000c4300000)
 Metaspace       used 35088K, committed 35840K, reserved 1114112K
  class space    used 3428K, committed 3776K, reserved 1048576K
}
Event: 2.845 GC heap after
{Heap after GC invocations=12 (full 2):
 PSYoungGen      total 26112K, used 0K [0x00000000eab00000, 0x00000000eca80000, 0x0000000100000000)
  eden space 23552K, 0% used [0x00000000eab00000,0x00000000eab00000,0x00000000ec200000)
  from space 2560K, 0% used [0x00000000ec800000,0x00000000ec800000,0x00000000eca80000)
  to   space 3072K, 0% used [0x00000000ec480000,0x00000000ec480000,0x00000000ec780000)
 ParOldGen       total 68608K, used 15145K [0x00000000c0000000, 0x00000000c4300000, 0x00000000eab00000)
  object space 68608K, 22% used [0x00000000c0000000,0x00000000c0eca5f0,0x00000000c4300000)
 Metaspace       used 35088K, committed 35840K, reserved 1114112K
  class space    used 3428K, committed 3776K, reserved 1048576K
}
Event: 3.238 GC heap before
{Heap before GC invocations=13 (full 2):
 PSYoungGen      total 26112K, used 23552K [0x00000000eab00000, 0x00000000eca80000, 0x0000000100000000)
  eden space 23552K, 100% used [0x00000000eab00000,0x00000000ec200000,0x00000000ec200000)
  from space 2560K, 0% used [0x00000000ec800000,0x00000000ec800000,0x00000000eca80000)
  to   space 3072K, 0% used [0x00000000ec480000,0x00000000ec480000,0x00000000ec780000)
 ParOldGen       total 68608K, used 15145K [0x00000000c0000000, 0x00000000c4300000, 0x00000000eab00000)
  object space 68608K, 22% used [0x00000000c0000000,0x00000000c0eca5f0,0x00000000c4300000)
 Metaspace       used 38116K, committed 38912K, reserved 1114112K
  class space    used 3818K, committed 4160K, reserved 1048576K
}
Event: 3.239 GC heap after
{Heap after GC invocations=13 (full 2):
 PSYoungGen      total 24064K, used 1013K [0x00000000eab00000, 0x00000000ec880000, 0x0000000100000000)
  eden space 23040K, 0% used [0x00000000eab00000,0x00000000eab00000,0x00000000ec180000)
  from space 1024K, 98% used [0x00000000ec480000,0x00000000ec57d608,0x00000000ec580000)
  to   space 2048K, 0% used [0x00000000ec680000,0x00000000ec680000,0x00000000ec880000)
 ParOldGen       total 68608K, used 15153K [0x00000000c0000000, 0x00000000c4300000, 0x00000000eab00000)
  object space 68608K, 22% used [0x00000000c0000000,0x00000000c0ecc5f0,0x00000000c4300000)
 Metaspace       used 38116K, committed 38912K, reserved 1114112K
  class space    used 3818K, committed 4160K, reserved 1048576K
}
Event: 3.434 GC heap before
{Heap before GC invocations=14 (full 2):
 PSYoungGen      total 24064K, used 24053K [0x00000000eab00000, 0x00000000ec880000, 0x0000000100000000)
  eden space 23040K, 100% used [0x00000000eab00000,0x00000000ec180000,0x00000000ec180000)
  from space 1024K, 98% used [0x00000000ec480000,0x00000000ec57d608,0x00000000ec580000)
  to   space 2048K, 0% used [0x00000000ec680000,0x00000000ec680000,0x00000000ec880000)
 ParOldGen       total 68608K, used 15153K [0x00000000c0000000, 0x00000000c4300000, 0x00000000eab00000)
  object space 68608K, 22% used [0x00000000c0000000,0x00000000c0ecc5f0,0x00000000c4300000)
 Metaspace       used 40000K, committed 40960K, reserved 1114112K
  class space    used 4044K, committed 4480K, reserved 1048576K
}
Event: 3.436 GC heap after
{Heap after GC invocations=14 (full 2):
 PSYoungGen      total 24576K, used 1608K [0x00000000eab00000, 0x00000000ec880000, 0x0000000100000000)
  eden space 22528K, 0% used [0x00000000eab00000,0x00000000eab00000,0x00000000ec100000)
  from space 2048K, 78% used [0x00000000ec680000,0x00000000ec8121b8,0x00000000ec880000)
  to   space 2048K, 0% used [0x00000000ec480000,0x00000000ec480000,0x00000000ec680000)
 ParOldGen       total 68608K, used 16058K [0x00000000c0000000, 0x00000000c4300000, 0x00000000eab00000)
  object space 68608K, 23% used [0x00000000c0000000,0x00000000c0faeb80,0x00000000c4300000)
 Metaspace       used 40000K, committed 40960K, reserved 1114112K
  class space    used 4044K, committed 4480K, reserved 1048576K
}

Dll operation events (10 events):
Event: 0.010 Loaded shared library c:\Users\nocturno\.vscode\extensions\redhat.java-1.35.1-win32-x64\jre\17.0.12-win32-x86_64\bin\java.dll
Event: 0.108 Loaded shared library c:\Users\nocturno\.vscode\extensions\redhat.java-1.35.1-win32-x64\jre\17.0.12-win32-x86_64\bin\zip.dll
Event: 0.109 Loaded shared library C:\Users\nocturno\.vscode\extensions\redhat.java-1.35.1-win32-x64\jre\17.0.12-win32-x86_64\bin\instrument.dll
Event: 0.118 Loaded shared library C:\Users\nocturno\.vscode\extensions\redhat.java-1.35.1-win32-x64\jre\17.0.12-win32-x86_64\bin\net.dll
Event: 0.119 Loaded shared library C:\Users\nocturno\.vscode\extensions\redhat.java-1.35.1-win32-x64\jre\17.0.12-win32-x86_64\bin\nio.dll
Event: 0.124 Loaded shared library C:\Users\nocturno\.vscode\extensions\redhat.java-1.35.1-win32-x64\jre\17.0.12-win32-x86_64\bin\zip.dll
Event: 0.135 Loaded shared library C:\Users\nocturno\.vscode\extensions\redhat.java-1.35.1-win32-x64\jre\17.0.12-win32-x86_64\bin\jimage.dll
Event: 0.172 Loaded shared library c:\Users\nocturno\.vscode\extensions\redhat.java-1.35.1-win32-x64\jre\17.0.12-win32-x86_64\bin\verify.dll
Event: 0.931 Loaded shared library C:\Users\nocturno\AppData\Roaming\Code\User\globalStorage\redhat.java\1.35.1\config_win\org.eclipse.equinox.launcher\org.eclipse.equinox.launcher.win32.win32.x86_64_1.2.1100.v20240722-2106\eclipse_11904.dll
Event: 1.887 Loaded shared library C:\Users\nocturno\AppData\Local\Temp\jna-1109282320\jna14097352943422793586.dll

Deoptimization events (20 events):
Event: 3.632 Thread 0x0000020d4cab5ec0 Uncommon trap: trap_request=0xffffff45 fr.pc=0x0000020d3c4899b8 relative=0x0000000000000118
Event: 3.632 Thread 0x0000020d4cab5ec0 Uncommon trap: reason=unstable_if action=reinterpret pc=0x0000020d3c4899b8 method=java.util.ArrayList.indexOfRange(Ljava/lang/Object;II)I @ 7 c2
Event: 3.632 Thread 0x0000020d4cab5ec0 DEOPT PACKING pc=0x0000020d3c4899b8 sp=0x000000c50c0fe230
Event: 3.632 Thread 0x0000020d4cab5ec0 DEOPT UNPACKING pc=0x0000020d3be366a3 sp=0x000000c50c0fe0f0 mode 2
Event: 3.634 Thread 0x0000020d4cab5ec0 Uncommon trap: trap_request=0xffffffde fr.pc=0x0000020d3c49ab98 relative=0x00000000000001d8
Event: 3.634 Thread 0x0000020d4cab5ec0 Uncommon trap: reason=class_check action=maybe_recompile pc=0x0000020d3c49ab98 method=java.io.BufferedInputStream.read1([BII)I @ 39 c2
Event: 3.634 Thread 0x0000020d4cab5ec0 DEOPT PACKING pc=0x0000020d3c49ab98 sp=0x000000c50c0fd930
Event: 3.634 Thread 0x0000020d4cab5ec0 DEOPT UNPACKING pc=0x0000020d3be366a3 sp=0x000000c50c0fd8d8 mode 2
Event: 3.638 Thread 0x0000020d4cab5ec0 Uncommon trap: trap_request=0xffffff45 fr.pc=0x0000020d3c47a7a0 relative=0x0000000000000100
Event: 3.638 Thread 0x0000020d4cab5ec0 Uncommon trap: reason=unstable_if action=reinterpret pc=0x0000020d3c47a7a0 method=java.util.ArrayList.indexOfRange(Ljava/lang/Object;II)I @ 7 c2
Event: 3.638 Thread 0x0000020d4cab5ec0 DEOPT PACKING pc=0x0000020d3c47a7a0 sp=0x000000c50c0fe150
Event: 3.638 Thread 0x0000020d4cab5ec0 DEOPT UNPACKING pc=0x0000020d3be366a3 sp=0x000000c50c0fe0f0 mode 2
Event: 3.638 Thread 0x0000020d4cab5ec0 Uncommon trap: trap_request=0xffffffde fr.pc=0x0000020d3c49ab98 relative=0x00000000000001d8
Event: 3.638 Thread 0x0000020d4cab5ec0 Uncommon trap: reason=class_check action=maybe_recompile pc=0x0000020d3c49ab98 method=java.io.BufferedInputStream.read1([BII)I @ 39 c2
Event: 3.638 Thread 0x0000020d4cab5ec0 DEOPT PACKING pc=0x0000020d3c49ab98 sp=0x000000c50c0fd8b0
Event: 3.638 Thread 0x0000020d4cab5ec0 DEOPT UNPACKING pc=0x0000020d3be366a3 sp=0x000000c50c0fd858 mode 2
Event: 3.639 Thread 0x0000020d4cab5ec0 Uncommon trap: trap_request=0xffffffde fr.pc=0x0000020d3c49ab98 relative=0x00000000000001d8
Event: 3.639 Thread 0x0000020d4cab5ec0 Uncommon trap: reason=class_check action=maybe_recompile pc=0x0000020d3c49ab98 method=java.io.BufferedInputStream.read1([BII)I @ 39 c2
Event: 3.639 Thread 0x0000020d4cab5ec0 DEOPT PACKING pc=0x0000020d3c49ab98 sp=0x000000c50c0fd8b0
Event: 3.639 Thread 0x0000020d4cab5ec0 DEOPT UNPACKING pc=0x0000020d3be366a3 sp=0x000000c50c0fd858 mode 2

Classes loaded (20 events):
Event: 3.519 Loading class sun/reflect/annotation/TypeAnnotation$TypeAnnotationTarget
Event: 3.519 Loading class sun/reflect/annotation/TypeAnnotation$TypeAnnotationTarget done
Event: 3.519 Loading class sun/reflect/annotation/TypeAnnotation$LocationInfo
Event: 3.519 Loading class sun/reflect/annotation/TypeAnnotation$LocationInfo done
Event: 3.519 Loading class sun/reflect/annotation/TypeAnnotation$LocationInfo$Location
Event: 3.519 Loading class sun/reflect/annotation/TypeAnnotation$LocationInfo$Location done
Event: 3.519 Loading class sun/reflect/annotation/AnnotatedTypeFactory
Event: 3.519 Loading class sun/reflect/annotation/AnnotatedTypeFactory done
Event: 3.519 Loading class sun/reflect/annotation/AnnotatedTypeFactory$AnnotatedTypeBaseImpl
Event: 3.519 Loading class sun/reflect/annotation/AnnotatedTypeFactory$AnnotatedTypeBaseImpl done
Event: 3.519 Loading class java/util/stream/Streams$ConcatSpliterator$OfRef
Event: 3.519 Loading class java/util/stream/Streams$ConcatSpliterator
Event: 3.519 Loading class java/util/stream/Streams$ConcatSpliterator done
Event: 3.519 Loading class java/util/stream/Streams$ConcatSpliterator$OfRef done
Event: 3.520 Loading class java/util/stream/Streams$2
Event: 3.520 Loading class java/util/stream/Streams$2 done
Event: 3.561 Loading class java/lang/annotation/ElementType
Event: 3.561 Loading class java/lang/annotation/ElementType done
Event: 3.614 Loading class java/lang/annotation/IncompleteAnnotationException
Event: 3.614 Loading class java/lang/annotation/IncompleteAnnotationException done

Classes unloaded (7 events):
Event: 1.653 Thread 0x0000020d304c7cb0 Unloading class 0x000000010024a400 'java/lang/invoke/LambdaForm$MH+0x000000010024a400'
Event: 1.653 Thread 0x0000020d304c7cb0 Unloading class 0x000000010024a000 'java/lang/invoke/LambdaForm$MH+0x000000010024a000'
Event: 1.653 Thread 0x0000020d304c7cb0 Unloading class 0x0000000100249c00 'java/lang/invoke/LambdaForm$MH+0x0000000100249c00'
Event: 1.653 Thread 0x0000020d304c7cb0 Unloading class 0x0000000100249800 'java/lang/invoke/LambdaForm$MH+0x0000000100249800'
Event: 1.653 Thread 0x0000020d304c7cb0 Unloading class 0x0000000100249400 'java/lang/invoke/LambdaForm$BMH+0x0000000100249400'
Event: 1.653 Thread 0x0000020d304c7cb0 Unloading class 0x0000000100249000 'java/lang/invoke/LambdaForm$DMH+0x0000000100249000'
Event: 1.653 Thread 0x0000020d304c7cb0 Unloading class 0x0000000100244400 'java/lang/invoke/LambdaForm$DMH+0x0000000100244400'

Classes redefined (0 events):
No events

Internal exceptions (20 events):
Event: 3.267 Thread 0x0000020d3041e7d0 Exception <a 'java/lang/IncompatibleClassChangeError'{0x00000000eadf6480}: Found class java.lang.Object, but interface was expected> (0x00000000eadf6480) 
thrown [s\src\hotspot\share\interpreter\linkResolver.cpp, line 826]
Event: 3.323 Thread 0x0000020d4cab4a80 Exception <a 'java/lang/NoSuchMethodError'{0x00000000eb13a2c0}: 'java.lang.Object java.lang.invoke.DirectMethodHandle$Holder.invokeStaticInit(java.lang.Object, java.lang.Object, java.lang.Object, java.lang.Object, java.lang.Object, java.lang.Object, java.lang.Object)'> (0x00000000eb13a2c0) 
thrown [s\src\hotspot\share\interpreter\linkResolver.cpp, line 759]
Event: 3.323 Thread 0x0000020d4cab4a80 Exception <a 'java/lang/NoSuchMethodError'{0x00000000eb143480}: 'java.lang.Object java.lang.invoke.DirectMethodHandle$Holder.invokeSpecial(java.lang.Object, java.lang.Object, java.lang.Object, java.lang.Object, java.lang.Object, java.lang.Object, java.lang.Object, java.lang.Object, java.lang.Object)'> (0x00000000eb143480) 
thrown [s\src\hotspot\share\interpreter\linkResolver.cpp, line 759]
Event: 3.324 Thread 0x0000020d4cab4a80 Exception <a 'java/lang/NoSuchMethodError'{0x00000000eb14d930}: 'java.lang.Object java.lang.invoke.Invokers$Holder.invoke_MT(java.lang.Object, java.lang.Object, java.lang.Object, java.lang.Object, java.lang.Object, java.lang.Object, java.lang.Object, java.lang.Object, java.lang.Object)'> (0x00000000eb14d930) 
thrown [s\src\hotspot\share\interpreter\linkResolver.cpp, line 759]
Event: 3.327 Thread 0x0000020d4cab5ec0 Exception <a 'java/lang/NoSuchMethodError'{0x00000000eb1c4e98}: 'int java.lang.invoke.DirectMethodHandle$Holder.invokeVirtual(java.lang.Object, java.lang.Object, java.lang.Object)'> (0x00000000eb1c4e98) 
thrown [s\src\hotspot\share\interpreter\linkResolver.cpp, line 759]
Event: 3.328 Thread 0x0000020d4cab5ec0 Exception <a 'java/lang/NoSuchMethodError'{0x00000000eb1c8a38}: 'int java.lang.invoke.DirectMethodHandle$Holder.invokeVirtual(java.lang.Object, java.lang.Object)'> (0x00000000eb1c8a38) 
thrown [s\src\hotspot\share\interpreter\linkResolver.cpp, line 759]
Event: 3.328 Thread 0x0000020d4cab5ec0 Exception <a 'java/lang/NoSuchMethodError'{0x00000000eb1cd180}: 'int java.lang.invoke.DirectMethodHandle$Holder.invokeStaticInit(java.lang.Object, int, int)'> (0x00000000eb1cd180) 
thrown [s\src\hotspot\share\interpreter\linkResolver.cpp, line 759]
Event: 3.328 Thread 0x0000020d4cab5ec0 Exception <a 'java/lang/NoSuchMethodError'{0x00000000eb1d5060}: 'int java.lang.invoke.DirectMethodHandle$Holder.invokeStaticInit(java.lang.Object, long, long)'> (0x00000000eb1d5060) 
thrown [s\src\hotspot\share\interpreter\linkResolver.cpp, line 759]
Event: 3.329 Thread 0x0000020d4cab5ec0 Exception <a 'java/lang/NoSuchMethodError'{0x00000000eb1dc358}: 'int java.lang.invoke.DirectMethodHandle$Holder.invokeStaticInit(java.lang.Object, float, float)'> (0x00000000eb1dc358) 
thrown [s\src\hotspot\share\interpreter\linkResolver.cpp, line 759]
Event: 3.329 Thread 0x0000020d4cab5ec0 Exception <a 'java/lang/NoSuchMethodError'{0x00000000eb1f05c0}: 'int java.lang.invoke.DirectMethodHandle$Holder.invokeStaticInit(java.lang.Object, double, double)'> (0x00000000eb1f05c0) 
thrown [s\src\hotspot\share\interpreter\linkResolver.cpp, line 759]
Event: 3.330 Thread 0x0000020d4cab5ec0 Exception <a 'java/lang/NoSuchMethodError'{0x00000000eb1f5060}: 'int java.lang.invoke.DirectMethodHandle$Holder.invokeStatic(java.lang.Object, long)'> (0x00000000eb1f5060) 
thrown [s\src\hotspot\share\interpreter\linkResolver.cpp, line 759]
Event: 3.332 Thread 0x0000020d4cab5ec0 Exception <a 'java/lang/NoSuchMethodError'{0x00000000eb2369f0}: 'int java.lang.invoke.Invokers$Holder.linkToTargetMethod(java.lang.Object, java.lang.Object)'> (0x00000000eb2369f0) 
thrown [s\src\hotspot\share\interpreter\linkResolver.cpp, line 759]
Event: 3.332 Thread 0x0000020d4cab4a80 Exception <a 'java/lang/NoSuchMethodError'{0x00000000eb2352e8}: 'int java.lang.invoke.Invokers$Holder.linkToTargetMethod(java.lang.Object, java.lang.Object)'> (0x00000000eb2352e8) 
thrown [s\src\hotspot\share\interpreter\linkResolver.cpp, line 759]
Event: 3.333 Thread 0x0000020d4cab4a80 Exception <a 'java/lang/NoSuchMethodError'{0x00000000eb24df18}: 'int java.lang.invoke.DirectMethodHandle$Holder.invokeSpecial(java.lang.Object, java.lang.Object, java.lang.Object, java.lang.Object)'> (0x00000000eb24df18) 
thrown [s\src\hotspot\share\interpreter\linkResolver.cpp, line 759]
Event: 3.335 Thread 0x0000020d4cab4a80 Exception <a 'java/lang/NoSuchMethodError'{0x00000000eb2ac910}: 'java.lang.Object java.lang.invoke.DirectMethodHandle$Holder.invokeStatic(java.lang.Object, int, java.lang.Object, java.lang.Object)'> (0x00000000eb2ac910) 
thrown [s\src\hotspot\share\interpreter\linkResolver.cpp, line 759]
Event: 3.336 Thread 0x0000020d4cab4a80 Exception <a 'java/lang/NoSuchMethodError'{0x00000000eb2b0620}: 'java.lang.Object java.lang.invoke.DelegatingMethodHandle$Holder.delegate(java.lang.Object, int, java.lang.Object, java.lang.Object)'> (0x00000000eb2b0620) 
thrown [s\src\hotspot\share\interpreter\linkResolver.cpp, line 759]
Event: 3.338 Thread 0x0000020d4cab4a80 Exception <a 'java/lang/NoSuchMethodError'{0x00000000eb309488}: 'int java.lang.invoke.Invokers$Holder.linkToTargetMethod(java.lang.Object, java.lang.Object, java.lang.Object)'> (0x00000000eb309488) 
thrown [s\src\hotspot\share\interpreter\linkResolver.cpp, line 759]
Event: 3.390 Thread 0x0000020d4cab5ec0 Exception <a 'java/lang/NoSuchMethodError'{0x00000000eb8e6ec8}: 'java.lang.Object java.lang.invoke.DirectMethodHandle$Holder.invokeSpecialIFC(java.lang.Object, java.lang.Object, java.lang.Object, java.lang.Object)'> (0x00000000eb8e6ec8) 
thrown [s\src\hotspot\share\interpreter\linkResolver.cpp, line 759]
Event: 3.530 Thread 0x0000020d4cab5ec0 Exception <a 'java/lang/NoSuchMethodError'{0x00000000eb64d740}: 'int java.lang.invoke.DirectMethodHandle$Holder.invokeStatic(java.lang.Object, java.lang.Object, java.lang.Object, java.lang.Object, java.lang.Object)'> (0x00000000eb64d740) 
thrown [s\src\hotspot\share\interpreter\linkResolver.cpp, line 759]
Event: 3.614 Thread 0x0000020d4cab5ec0 Exception <a 'java/lang/NoClassDefFoundError'{0x00000000ebd38450}: javax/enterprise/inject/Typed> (0x00000000ebd38450) 
thrown [s\src\hotspot\share\classfile\systemDictionary.cpp, line 245]

VM Operations (20 events):
Event: 2.678 Executing VM operation: HandshakeAllThreads
Event: 2.678 Executing VM operation: HandshakeAllThreads done
Event: 2.678 Executing VM operation: HandshakeAllThreads
Event: 2.678 Executing VM operation: HandshakeAllThreads done
Event: 2.744 Executing VM operation: HandshakeAllThreads
Event: 2.744 Executing VM operation: HandshakeAllThreads done
Event: 2.819 Executing VM operation: CollectForMetadataAllocation
Event: 2.846 Executing VM operation: CollectForMetadataAllocation done
Event: 2.888 Executing VM operation: HandshakeAllThreads
Event: 2.888 Executing VM operation: HandshakeAllThreads done
Event: 3.238 Executing VM operation: ParallelGCFailedAllocation
Event: 3.239 Executing VM operation: ParallelGCFailedAllocation done
Event: 3.334 Executing VM operation: HandshakeAllThreads
Event: 3.335 Executing VM operation: HandshakeAllThreads done
Event: 3.335 Executing VM operation: HandshakeAllThreads
Event: 3.336 Executing VM operation: HandshakeAllThreads done
Event: 3.434 Executing VM operation: ParallelGCFailedAllocation
Event: 3.437 Executing VM operation: ParallelGCFailedAllocation done
Event: 3.603 Executing VM operation: HandshakeAllThreads
Event: 3.603 Executing VM operation: HandshakeAllThreads done

Events (20 events):
Event: 1.189 Thread 0x0000020d4c4b78b0 Thread added: 0x0000020d4c4b78b0
Event: 1.285 Thread 0x0000020d4cd7b650 Thread added: 0x0000020d4cd7b650
Event: 1.366 Thread 0x0000020d4c59b030 Thread added: 0x0000020d4c59b030
Event: 1.571 Thread 0x0000020d4cab4570 Thread added: 0x0000020d4cab4570
Event: 1.905 Thread 0x0000020d4cab63d0 Thread added: 0x0000020d4cab63d0
Event: 1.932 Thread 0x0000020d4cab4a80 Thread added: 0x0000020d4cab4a80
Event: 1.952 Thread 0x0000020d4cab5ec0 Thread added: 0x0000020d4cab5ec0
Event: 2.722 Thread 0x0000020d4cab7300 Thread added: 0x0000020d4cab7300
Event: 3.076 Thread 0x0000020d4cab68e0 Thread added: 0x0000020d4cab68e0
Event: 3.076 Thread 0x0000020d4cab7810 Thread added: 0x0000020d4cab7810
Event: 3.076 Thread 0x0000020d4cab54a0 Thread added: 0x0000020d4cab54a0
Event: 3.076 Thread 0x0000020d4cab59b0 Thread added: 0x0000020d4cab59b0
Event: 3.076 Thread 0x0000020d4cab4060 Thread added: 0x0000020d4cab4060
Event: 3.076 Thread 0x0000020d4cab4f90 Thread added: 0x0000020d4cab4f90
Event: 3.076 Thread 0x0000020d4cab6df0 Thread added: 0x0000020d4cab6df0
Event: 3.091 Thread 0x0000020d4d2c8af0 Thread added: 0x0000020d4d2c8af0
Event: 3.283 Thread 0x0000020d4d2c9a20 Thread added: 0x0000020d4d2c9a20
Event: 3.283 Thread 0x0000020d4d2c7bc0 Thread added: 0x0000020d4d2c7bc0
Event: 3.314 Thread 0x0000020d4d2c80d0 Thread added: 0x0000020d4d2c80d0
Event: 3.534 Thread 0x0000020d4d2ca440 Thread added: 0x0000020d4d2ca440


Dynamic libraries:
0x00007ff67d580000 - 0x00007ff67d58e000 	c:\Users\nocturno\.vscode\extensions\redhat.java-1.35.1-win32-x64\jre\17.0.12-win32-x86_64\bin\java.exe
0x00007ff9c85d0000 - 0x00007ff9c87e7000 	C:\Windows\SYSTEM32\ntdll.dll
0x00007ff9c64e0000 - 0x00007ff9c65a4000 	C:\Windows\System32\KERNEL32.DLL
0x00007ff9c5a30000 - 0x00007ff9c5de7000 	C:\Windows\System32\KERNELBASE.dll
0x00007ff9c5910000 - 0x00007ff9c5a21000 	C:\Windows\System32\ucrtbase.dll
0x00007ff96bd30000 - 0x00007ff96bd4b000 	c:\Users\nocturno\.vscode\extensions\redhat.java-1.35.1-win32-x64\jre\17.0.12-win32-x86_64\bin\VCRUNTIME140.dll
0x00007ff9a5230000 - 0x00007ff9a5247000 	c:\Users\nocturno\.vscode\extensions\redhat.java-1.35.1-win32-x64\jre\17.0.12-win32-x86_64\bin\jli.dll
0x00007ff9c6300000 - 0x00007ff9c64af000 	C:\Windows\System32\USER32.dll
0x00007ff9a13d0000 - 0x00007ff9a1663000 	C:\Windows\WinSxS\amd64_microsoft.windows.common-controls_6595b64144ccf1df_6.0.22621.3672_none_2713b9d173822955\COMCTL32.dll
0x00007ff9c6140000 - 0x00007ff9c6166000 	C:\Windows\System32\win32u.dll
0x00007ff9c6cd0000 - 0x00007ff9c6d77000 	C:\Windows\System32\msvcrt.dll
0x00007ff9c64b0000 - 0x00007ff9c64d9000 	C:\Windows\System32\GDI32.dll
0x00007ff9c5df0000 - 0x00007ff9c5f08000 	C:\Windows\System32\gdi32full.dll
0x00007ff9c6260000 - 0x00007ff9c62fa000 	C:\Windows\System32\msvcp_win.dll
0x00007ff9c8280000 - 0x00007ff9c82b1000 	C:\Windows\System32\IMM32.DLL
0x00007ff9a5270000 - 0x00007ff9a527c000 	c:\Users\nocturno\.vscode\extensions\redhat.java-1.35.1-win32-x64\jre\17.0.12-win32-x86_64\bin\vcruntime140_1.dll
0x00007ff95b540000 - 0x00007ff95b5cd000 	c:\Users\nocturno\.vscode\extensions\redhat.java-1.35.1-win32-x64\jre\17.0.12-win32-x86_64\bin\msvcp140.dll
0x00007ff957d30000 - 0x00007ff95899a000 	c:\Users\nocturno\.vscode\extensions\redhat.java-1.35.1-win32-x64\jre\17.0.12-win32-x86_64\bin\server\jvm.dll
0x00007ff9c7100000 - 0x00007ff9c71b2000 	C:\Windows\System32\ADVAPI32.dll
0x00007ff9c8470000 - 0x00007ff9c8518000 	C:\Windows\System32\sechost.dll
0x00007ff9c58e0000 - 0x00007ff9c5908000 	C:\Windows\System32\bcrypt.dll
0x00007ff9c6ee0000 - 0x00007ff9c6ff4000 	C:\Windows\System32\RPCRT4.dll
0x00007ff9c7a40000 - 0x00007ff9c7ab1000 	C:\Windows\System32\WS2_32.dll
0x00007ff9c57c0000 - 0x00007ff9c580d000 	C:\Windows\SYSTEM32\POWRPROF.dll
0x00007ff9b92d0000 - 0x00007ff9b9304000 	C:\Windows\SYSTEM32\WINMM.dll
0x00007ff9c1c00000 - 0x00007ff9c1c0a000 	C:\Windows\SYSTEM32\VERSION.dll
0x00007ff9c5790000 - 0x00007ff9c57a3000 	C:\Windows\SYSTEM32\UMPDC.dll
0x00007ff9c48f0000 - 0x00007ff9c4908000 	C:\Windows\SYSTEM32\kernel.appcore.dll
0x00007ff9a29f0000 - 0x00007ff9a29fa000 	c:\Users\nocturno\.vscode\extensions\redhat.java-1.35.1-win32-x64\jre\17.0.12-win32-x86_64\bin\jimage.dll
0x00007ff9b75b0000 - 0x00007ff9b77e2000 	C:\Windows\SYSTEM32\DBGHELP.DLL
0x00007ff9c6940000 - 0x00007ff9c6cce000 	C:\Windows\System32\combase.dll
0x00007ff9c80a0000 - 0x00007ff9c8177000 	C:\Windows\System32\OLEAUT32.dll
0x00007ff9b67e0000 - 0x00007ff9b6812000 	C:\Windows\SYSTEM32\dbgcore.DLL
0x00007ff9c6170000 - 0x00007ff9c61eb000 	C:\Windows\System32\bcryptPrimitives.dll
0x00007ff9a2970000 - 0x00007ff9a297e000 	c:\Users\nocturno\.vscode\extensions\redhat.java-1.35.1-win32-x64\jre\17.0.12-win32-x86_64\bin\instrument.dll
0x00007ff969df0000 - 0x00007ff969e15000 	c:\Users\nocturno\.vscode\extensions\redhat.java-1.35.1-win32-x64\jre\17.0.12-win32-x86_64\bin\java.dll
0x00007ff969570000 - 0x00007ff969588000 	c:\Users\nocturno\.vscode\extensions\redhat.java-1.35.1-win32-x64\jre\17.0.12-win32-x86_64\bin\zip.dll
0x00007ff9c71d0000 - 0x00007ff9c7a39000 	C:\Windows\System32\SHELL32.dll
0x00007ff9c3800000 - 0x00007ff9c40ff000 	C:\Windows\SYSTEM32\windows.storage.dll
0x00007ff9c36c0000 - 0x00007ff9c37ff000 	C:\Windows\SYSTEM32\wintypes.dll
0x00007ff9c8180000 - 0x00007ff9c8279000 	C:\Windows\System32\SHCORE.dll
0x00007ff9c7ae0000 - 0x00007ff9c7b3e000 	C:\Windows\System32\shlwapi.dll
0x00007ff9c5810000 - 0x00007ff9c5837000 	C:\Windows\SYSTEM32\profapi.dll
0x00007ff969450000 - 0x00007ff969469000 	C:\Users\nocturno\.vscode\extensions\redhat.java-1.35.1-win32-x64\jre\17.0.12-win32-x86_64\bin\net.dll
0x00007ff9bfd00000 - 0x00007ff9bfe36000 	C:\Windows\SYSTEM32\WINHTTP.dll
0x00007ff9c4d50000 - 0x00007ff9c4db9000 	C:\Windows\system32\mswsock.dll
0x00007ff969430000 - 0x00007ff969446000 	C:\Users\nocturno\.vscode\extensions\redhat.java-1.35.1-win32-x64\jre\17.0.12-win32-x86_64\bin\nio.dll
0x00007ff9a21e0000 - 0x00007ff9a21f0000 	c:\Users\nocturno\.vscode\extensions\redhat.java-1.35.1-win32-x64\jre\17.0.12-win32-x86_64\bin\verify.dll
0x00007ff9636a0000 - 0x00007ff9636e5000 	C:\Users\nocturno\AppData\Roaming\Code\User\globalStorage\redhat.java\1.35.1\config_win\org.eclipse.equinox.launcher\org.eclipse.equinox.launcher.win32.win32.x86_64_1.2.1100.v20240722-2106\eclipse_11904.dll
0x00007ff9c65d0000 - 0x00007ff9c6775000 	C:\Windows\System32\ole32.dll
0x00007ff9c50a0000 - 0x00007ff9c50bb000 	C:\Windows\SYSTEM32\CRYPTSP.dll
0x00007ff9c4850000 - 0x00007ff9c4885000 	C:\Windows\system32\rsaenh.dll
0x00007ff9c4df0000 - 0x00007ff9c4e18000 	C:\Windows\SYSTEM32\USERENV.dll
0x00007ff9c5080000 - 0x00007ff9c508c000 	C:\Windows\SYSTEM32\CRYPTBASE.dll
0x00007ff9c4360000 - 0x00007ff9c438d000 	C:\Windows\SYSTEM32\IPHLPAPI.DLL
0x00007ff9c71c0000 - 0x00007ff9c71c9000 	C:\Windows\System32\NSI.dll
0x00007ff9bfb70000 - 0x00007ff9bfb89000 	C:\Windows\SYSTEM32\dhcpcsvc6.DLL
0x00007ff9bfaf0000 - 0x00007ff9bfb0f000 	C:\Windows\SYSTEM32\dhcpcsvc.DLL
0x00007ff9c4420000 - 0x00007ff9c4522000 	C:\Windows\SYSTEM32\DNSAPI.dll
0x00007ff962960000 - 0x00007ff9629a9000 	C:\Users\nocturno\AppData\Local\Temp\jna-1109282320\jna14097352943422793586.dll
0x00007ff9c70f0000 - 0x00007ff9c70f8000 	C:\Windows\System32\PSAPI.DLL

dbghelp: loaded successfully - version: 4.0.5 - missing functions: none
symbol engine: initialized successfully - sym options: 0x614 - pdb path: .;c:\Users\nocturno\.vscode\extensions\redhat.java-1.35.1-win32-x64\jre\17.0.12-win32-x86_64\bin;C:\Windows\SYSTEM32;C:\Windows\WinSxS\amd64_microsoft.windows.common-controls_6595b64144ccf1df_6.0.22621.3672_none_2713b9d173822955;c:\Users\nocturno\.vscode\extensions\redhat.java-1.35.1-win32-x64\jre\17.0.12-win32-x86_64\bin\server;C:\Users\nocturno\AppData\Roaming\Code\User\globalStorage\redhat.java\1.35.1\config_win\org.eclipse.equinox.launcher\org.eclipse.equinox.launcher.win32.win32.x86_64_1.2.1100.v20240722-2106;C:\Users\nocturno\AppData\Local\Temp\jna-1109282320

VM Arguments:
jvm_args: --add-modules=ALL-SYSTEM --add-opens=java.base/java.util=ALL-UNNAMED --add-opens=java.base/java.lang=ALL-UNNAMED --add-opens=java.base/sun.nio.fs=ALL-UNNAMED -Declipse.application=org.eclipse.jdt.ls.core.id1 -Dosgi.bundles.defaultStartLevel=4 -Declipse.product=org.eclipse.jdt.ls.core.product -Djava.import.generatesMetadataFilesAtProjectRoot=false -DDetectVMInstallationsJob.disabled=true -Dfile.encoding=utf8 -XX:+UseParallelGC -XX:GCTimeRatio=4 -XX:AdaptiveSizePolicyWeight=90 -Dsun.zip.disableMemoryMapping=true -Xmx1G -Xms100m -Xlog:disable -javaagent:c:\Users\nocturno\.vscode\extensions\redhat.java-1.35.1-win32-x64\lombok\lombok-1.18.33.jar -XX:+HeapDumpOnOutOfMemoryError -XX:HeapDumpPath=c:\Users\nocturno\AppData\Roaming\Code\User\workspaceStorage\7eed0162ea7f1c18e982cdcf009d9710\redhat.java -Daether.dependencyCollector.impl=bf 
java_command: c:\Users\nocturno\.vscode\extensions\redhat.java-1.35.1-win32-x64\server\plugins\org.eclipse.equinox.launcher_1.6.900.v20240613-2009.jar -configuration c:\Users\nocturno\AppData\Roaming\Code\User\globalStorage\redhat.java\1.35.1\config_win -data c:\Users\nocturno\AppData\Roaming\Code\User\workspaceStorage\7eed0162ea7f1c18e982cdcf009d9710\redhat.java\jdt_ws --pipe=\\.\pipe\lsp-7305507f63938b0996a34bf63fe1b5bf-sock
java_class_path (initial): c:\Users\nocturno\.vscode\extensions\redhat.java-1.35.1-win32-x64\server\plugins\org.eclipse.equinox.launcher_1.6.900.v20240613-2009.jar
Launcher Type: SUN_STANDARD

[Global flags]
    uintx AdaptiveSizePolicyWeight                 = 90                                        {product} {command line}
     intx CICompilerCount                          = 3                                         {product} {ergonomic}
    uintx GCTimeRatio                              = 4                                         {product} {command line}
     bool HeapDumpOnOutOfMemoryError               = true                                   {manageable} {command line}
    ccstr HeapDumpPath                             = c:\Users\nocturno\AppData\Roaming\Code\User\workspaceStorage\7eed0162ea7f1c18e982cdcf009d9710\redhat.java         {manageable} {command line}
   size_t InitialHeapSize                          = 104857600                                 {product} {command line}
   size_t MaxHeapSize                              = 1073741824                                {product} {command line}
   size_t MaxNewSize                               = 357564416                                 {product} {ergonomic}
   size_t MinHeapDeltaBytes                        = 524288                                    {product} {ergonomic}
   size_t MinHeapSize                              = 104857600                                 {product} {command line}
   size_t NewSize                                  = 34603008                                  {product} {ergonomic}
    uintx NonNMethodCodeHeapSize                   = 5832780                                {pd product} {ergonomic}
    uintx NonProfiledCodeHeapSize                  = 122912730                              {pd product} {ergonomic}
   size_t OldSize                                  = 70254592                                  {product} {ergonomic}
    uintx ProfiledCodeHeapSize                     = 122912730                              {pd product} {ergonomic}
    uintx ReservedCodeCacheSize                    = 251658240                              {pd product} {ergonomic}
     bool SegmentedCodeCache                       = true                                      {product} {ergonomic}
   size_t SoftMaxHeapSize                          = 1073741824                             {manageable} {ergonomic}
     bool UseCompressedClassPointers               = true                           {product lp64_product} {ergonomic}
     bool UseCompressedOops                        = true                           {product lp64_product} {ergonomic}
     bool UseLargePagesIndividualAllocation        = false                                  {pd product} {ergonomic}
     bool UseParallelGC                            = true                                      {product} {command line}

Logging:
Log output configuration:
 #0: stdout all=off uptime,level,tags
 #1: stderr all=off uptime,level,tags

Environment Variables:
JAVA_HOME=C:\Program Files\Java\jdk-22
CLASSPATH=.;C:\misclases
PATH=C:\Program Files\Common Files\Oracle\Java\javapath;C:\Program Files\Eclipse Adoptium\jre-21.0.3.9-hotspot\bin;C:\Program Files\Eclipse Adoptium\jdk-21.0.3.9-hotspot\bin;C:\Windows\system32;C:\Windows;C:\Windows\System32\Wbem;C:\Windows\System32\WindowsPowerShell\v1.0\;C:\Windows\System32\OpenSSH\;C:\Program Files\Microsoft VS Code\bin;C:\Program Files\Git\cmd;C:\Program Files (x86)\Microsoft SQL Server\160\Tools\Binn\;C:\Program Files\Microsoft SQL Server\160\Tools\Binn\;C:\Program Files\Microsoft SQL Server\Client SDK\ODBC\170\Tools\Binn\;C:\Program Files\Microsoft SQL Server\160\DTS\Binn\;C:\Program Files (x86)\Microsoft SQL Server\160\DTS\Binn\;C:\Program Files\Java\jdk-22\bin;C:\Program Files\apache-maven-3.9.6\bin;C:\Users\nocturno\AppData\Local\Microsoft\WindowsApps;
USERNAME=nocturno
OS=Windows_NT
PROCESSOR_IDENTIFIER=Intel64 Family 6 Model 158 Stepping 10, GenuineIntel
TMP=C:\Users\nocturno\AppData\Local\Temp
TEMP=C:\Users\nocturno\AppData\Local\Temp



Periodic native trim disabled


---------------  S Y S T E M  ---------------

OS:
 Windows 11 , 64 bit Build 22621 (10.0.22621.3958)
OS uptime: 6 days 20:14 hours
Hyper-V role detected

CPU: total 6 (initial active 6) (6 cores per cpu, 1 threads per core) family 6 model 158 stepping 10 microcode 0xf6, cx8, cmov, fxsr, mmx, 3dnowpref, sse, sse2, sse3, ssse3, sse4.1, sse4.2, popcnt, lzcnt, tsc, tscinvbit, avx, avx2, aes, erms, clmul, bmi1, bmi2, adx, fma, vzeroupper, clflush, clflushopt, hv
Processor Information for all 6 processors :
  Max Mhz: 2808, Current Mhz: 2808, Mhz Limit: 2808

Memory: 4k page, system-wide physical 16158M (2080M free)
TotalPageFile size 46988M (AvailPageFile size 3M)
current process WorkingSet (physical memory assigned to process): 178M, peak: 180M
current process commit charge ("private bytes"): 267M, peak: 270M

vm_info: OpenJDK 64-Bit Server VM (17.0.12+7) for windows-amd64 JRE (17.0.12+7), built on Jul 16 2024 22:08:24 by "admin" with MS VC++ 16.10 / 16.11 (VS2019)

END.
