#
# There is insufficient memory for the Java Runtime Environment to continue.
# Native memory allocation (mmap) failed to map 65536 bytes. Error detail: Failed to commit metaspace.
# Possible reasons:
#   The system is out of physical RAM or swap space
#   This process is running with CompressedOops enabled, and the Java Heap may be blocking the growth of the native heap
# Possible solutions:
#   Reduce memory load on the system
#   Increase physical memory or swap space
#   Check if swap backing store is full
#   Decrease Java heap size (-Xmx/-Xms)
#   Decrease number of Java threads
#   Decrease Java thread stack sizes (-Xss)
#   Set larger code cache with -XX:ReservedCodeCacheSize=
#   JVM is running with Unscaled Compressed Oops mode in which the Java heap is
#     placed in the first 4GB address space. The Java Heap base address is the
#     maximum limit for the native heap growth. Please use -XX:HeapBaseMinAddress
#     to set the Java Heap base and to place the Java Heap above 4GB virtual address.
# This output file may be truncated or incomplete.
#
#  Out of Memory Error (virtualSpaceNode.cpp:110), pid=1792, tid=744
#
# JRE version: OpenJDK Runtime Environment Temurin-17.0.12+7 (17.0.12+7) (build 17.0.12+7)
# Java VM: OpenJDK 64-Bit Server VM Temurin-17.0.12+7 (17.0.12+7, mixed mode, tiered, compressed oops, compressed class ptrs, parallel gc, windows-amd64)
# No core dump will be written. Minidumps are not enabled by default on client versions of Windows
#

---------------  S U M M A R Y ------------

Command Line: --add-modules=ALL-SYSTEM --add-opens=java.base/java.util=ALL-UNNAMED --add-opens=java.base/java.lang=ALL-UNNAMED --add-opens=java.base/sun.nio.fs=ALL-UNNAMED -Declipse.application=org.eclipse.jdt.ls.core.id1 -Dosgi.bundles.defaultStartLevel=4 -Declipse.product=org.eclipse.jdt.ls.core.product -Djava.import.generatesMetadataFilesAtProjectRoot=false -DDetectVMInstallationsJob.disabled=true -Dfile.encoding=utf8 -XX:+UseParallelGC -XX:GCTimeRatio=4 -XX:AdaptiveSizePolicyWeight=90 -Dsun.zip.disableMemoryMapping=true -Xmx1G -Xms100m -Xlog:disable -javaagent:c:\Users\nocturno\.vscode\extensions\redhat.java-1.35.1-win32-x64\lombok\lombok-1.18.33.jar c:\Users\nocturno\.vscode\extensions\redhat.java-1.35.1-win32-x64\server\plugins\org.eclipse.equinox.launcher_1.6.900.v20240613-2009.jar -configuration c:\Users\nocturno\AppData\Roaming\Code\User\globalStorage\redhat.java\1.35.1\config_ss_win -data c:\Users\nocturno\AppData\Roaming\Code\User\workspaceStorage\7eed0162ea7f1c18e982cdcf009d9710\redhat.java\ss_ws --pipe=\\.\pipe\lsp-89271461dd5fe9002f73d2d1c51c207c-sock

Host: Intel(R) Core(TM) i5-8400 CPU @ 2.80GHz, 6 cores, 15G,  Windows 11 , 64 bit Build 22621 (10.0.22621.3958)
Time: Mon Oct 21 18:56:09 2024 Hora de verano romance elapsed time: 0.153985 seconds (0d 0h 0m 0s)

---------------  T H R E A D  ---------------

Current thread (0x000002344cc1c430):  JavaThread "main" [_thread_in_vm, id=744, stack(0x0000009bf4300000,0x0000009bf4400000)]

Stack: [0x0000009bf4300000,0x0000009bf4400000]
Native frames: (J=compiled Java code, j=interpreted, Vv=VM code, C=native code)
V  [jvm.dll+0x67f929]
V  [jvm.dll+0x8371ba]
V  [jvm.dll+0x838c7e]
V  [jvm.dll+0x8392e3]
V  [jvm.dll+0x24834f]
V  [jvm.dll+0x832e6d]
V  [jvm.dll+0x623e9e]
V  [jvm.dll+0x623f0a]
V  [jvm.dll+0x626724]
V  [jvm.dll+0x624846]
V  [jvm.dll+0x23c6df]
V  [jvm.dll+0x62e735]
V  [jvm.dll+0x1ebe7b]
V  [jvm.dll+0x1ec3b5]
V  [jvm.dll+0x1ece72]
V  [jvm.dll+0x1e2261]
V  [jvm.dll+0x54468e]
V  [jvm.dll+0x1f2ce7]
V  [jvm.dll+0x7b056b]
V  [jvm.dll+0x7b1939]
V  [jvm.dll+0x7b1c88]
V  [jvm.dll+0x2404de]
V  [jvm.dll+0x24073f]
V  [jvm.dll+0x5627b8]
V  [jvm.dll+0x5656c7]
V  [jvm.dll+0x387462]
V  [jvm.dll+0x386acf]
C  0x0000023456df9d99

The last pc belongs to invokestatic (printed below).
Java frames: (J=compiled Java code, j=interpreted, Vv=VM code)
j  java.lang.String.replaceAll(Ljava/lang/String;Ljava/lang/String;)Ljava/lang/String;+1 java.base@17.0.12
j  lombok.launch.ShadowClassLoader.urlDecode(Ljava/lang/String;)Ljava/lang/String;+7
j  lombok.launch.ShadowClassLoader.<init>(Ljava/lang/ClassLoader;Ljava/lang/String;Ljava/lang/String;Ljava/util/List;Ljava/util/List;)V+393
j  lombok.launch.Main.getShadowClassLoader()Ljava/lang/ClassLoader;+37
j  lombok.launch.Agent.runLauncher(Ljava/lang/String;Ljava/lang/instrument/Instrumentation;Z)V+0
j  lombok.launch.Agent.premain(Ljava/lang/String;Ljava/lang/instrument/Instrumentation;)V+3
v  ~StubRoutines::call_stub
j  jdk.internal.reflect.NativeMethodAccessorImpl.invoke0(Ljava/lang/reflect/Method;Ljava/lang/Object;[Ljava/lang/Object;)Ljava/lang/Object;+0 java.base@17.0.12
j  jdk.internal.reflect.NativeMethodAccessorImpl.invoke(Ljava/lang/Object;[Ljava/lang/Object;)Ljava/lang/Object;+133 java.base@17.0.12
j  jdk.internal.reflect.DelegatingMethodAccessorImpl.invoke(Ljava/lang/Object;[Ljava/lang/Object;)Ljava/lang/Object;+6 java.base@17.0.12
j  java.lang.reflect.Method.invoke(Ljava/lang/Object;[Ljava/lang/Object;)Ljava/lang/Object;+59 java.base@17.0.12
j  sun.instrument.InstrumentationImpl.loadClassAndStartAgent(Ljava/lang/String;Ljava/lang/String;Ljava/lang/String;)V+166 java.instrument@17.0.12
j  sun.instrument.InstrumentationImpl.loadClassAndCallPremain(Ljava/lang/String;Ljava/lang/String;)V+6 java.instrument@17.0.12
v  ~StubRoutines::call_stub
invokestatic  184 invokestatic  [0x0000023456df9ce0, 0x0000023456df9fc0]  736 bytes
[MachCode]
  0x0000023456df9ce0: 4883 ec08 | c5fa 1104 | 24eb 1f48 | 83ec 10c5 | fb11 0424 | eb14 4883 | ec10 4889 | 0424 48c7 
  0x0000023456df9d00: 4424 0800 | 0000 00eb | 0150 4c89 | 6dc0 410f | b755 0148 | 8b4d d0c1 | e202 8b5c | d120 c1eb 
  0x0000023456df9d20: 1081 e3ff | 0000 0081 | fbb8 0000 | 000f 84b6 | 0000 00bb | b800 0000 | e805 0000 | 00e9 9b00 
  0x0000023456df9d40: 0000 488b | d348 8d44 | 2408 4c89 | 6dc0 498b | cfc5 f877 | 4989 afa8 | 0200 0049 | 8987 9802 
  0x0000023456df9d60: 0000 4883 | ec20 f7c4 | 0f00 0000 | 0f84 1a00 | 0000 4883 | ec08 49ba | 606a b948 | f97f 0000 
  0x0000023456df9d80: 41ff d248 | 83c4 08e9 | 0d00 0000 | 49ba 606a | b948 f97f | 0000 41ff | d248 83c4 | 2049 c787 
  0x0000023456df9da0: 9802 0000 | 0000 0000 | 49c7 87a8 | 0200 0000 | 0000 0049 | c787 a002 | 0000 0000 | 0000 c5f8 
  0x0000023456df9dc0: 7749 817f | 0800 0000 | 000f 8405 | 0000 00e9 | 2c71 feff | 4c8b 6dc0 | 4c8b 75c8 | c341 0fb7 
  0x0000023456df9de0: 5501 488b | 4dd0 c1e2 | 0248 8b5c | d128 488b | 5b08 488b | 5b08 488b | 5b18 80bb | 3301 0000 
  0x0000023456df9e00: 040f 840d | 0000 004c | 3bbb 3801 | 0000 0f85 | 1fff ffff | 488b 5cd1 | 288b 54d1 | 38c1 ea1c 
  0x0000023456df9e20: 49ba a0e1 | 3b49 f97f | 0000 498b | 14d2 5248 | 8b45 d848 | 85c0 0f84 | 1200 0000 | 4883 4008 
  0x0000023456df9e40: 0148 8358 | 0800 4883 | c010 4889 | 45d8 488b | 45d8 4885 | c00f 8445 | 0100 0080 | 78f0 0a0f 
  0x0000023456df9e60: 853b 0100 | 0048 83c0 | 084c 8b68 | f841 83ed | 0041 83fd | 020f 8c1a | 0100 004c | 8b6b 0845 
  0x0000023456df9e80: 0fb7 6d2c | 4c2b 2841 | 83ed 014e | 8b6c ec08 | 4d85 ed75 | 1248 f740 | 0801 0000 | 0075 58f0 
  0x0000023456df9ea0: 4883 4808 | 01eb 5045 | 8b6d 0849 | c1e5 034d | 8bd5 4c33 | 6808 49f7 | c5fc ffff | ff74 3849 
  0x0000023456df9ec0: f7c5 0200 | 0000 752f | 4881 7808 | 0000 0000 | 7421 4881 | 7808 0100 | 0000 7417 | 4d8b ea4c 
  0x0000023456df9ee0: 3368 0849 | f7c5 fcff | ffff 740b | 4883 4808 | 02eb 044c | 8968 0848 | 83c0 104c | 8b68 e841 
  0x0000023456df9f00: 83ed 0241 | 83fd 020f | 8c88 0000 | 004c 8b6b | 0845 0fb7 | 6d2c 4c2b | 2841 83ed | 014e 8b6c 
  0x0000023456df9f20: ec08 4d85 | ed75 1248 | f740 0801 | 0000 0075 | 58f0 4883 | 4808 01eb | 5045 8b6d | 0849 c1e5 
  0x0000023456df9f40: 034d 8bd5 | 4c33 6808 | 49f7 c5fc | ffff ff74 | 3849 f7c5 | 0200 0000 | 752f 4881 | 7808 0000 
  0x0000023456df9f60: 0000 7421 | 4881 7808 | 0100 0000 | 7417 4d8b | ea4c 3368 | 0849 f7c5 | fcff ffff | 740b 4883 
  0x0000023456df9f80: 4808 02eb | 044c 8968 | 0848 83c0 | 104c 8b68 | d841 83ed | 0441 c1e5 | 0349 03c5 | 4889 45d8 
  0x0000023456df9fa0: 4c8d 6c24 | 084c 896d | f0ff 6350 | 0f1f 4000 | 0000 0000 | 0000 0000 | 0000 0000 | 0000 0000 
[/MachCode]

---------------  P R O C E S S  ---------------

Threads class SMR info:
_java_thread_list=0x000002346629dbb0, length=12, elements={
0x000002344cc1c430, 0x00000234661030a0, 0x0000023466104210, 0x0000023460aa5f00,
0x0000023460aa69d0, 0x0000023460aa7d30, 0x0000023460aa8890, 0x000002346612a170,
0x0000023466132bc0, 0x00000234661460e0, 0x0000023466225e90, 0x00000234661f1020
}

Java Threads: ( => current thread )
=>0x000002344cc1c430 JavaThread "main" [_thread_in_vm, id=744, stack(0x0000009bf4300000,0x0000009bf4400000)]
  0x00000234661030a0 JavaThread "Reference Handler" daemon [_thread_blocked, id=7740, stack(0x0000009bf4600000,0x0000009bf4700000)]
  0x0000023466104210 JavaThread "Finalizer" daemon [_thread_blocked, id=12000, stack(0x0000009bf4700000,0x0000009bf4800000)]
  0x0000023460aa5f00 JavaThread "Signal Dispatcher" daemon [_thread_blocked, id=11528, stack(0x0000009bf4800000,0x0000009bf4900000)]
  0x0000023460aa69d0 JavaThread "Attach Listener" daemon [_thread_blocked, id=1496, stack(0x0000009bf4900000,0x0000009bf4a00000)]
  0x0000023460aa7d30 JavaThread "Service Thread" daemon [_thread_blocked, id=11872, stack(0x0000009bf4a00000,0x0000009bf4b00000)]
  0x0000023460aa8890 JavaThread "Monitor Deflation Thread" daemon [_thread_blocked, id=12844, stack(0x0000009bf4b00000,0x0000009bf4c00000)]
  0x000002346612a170 JavaThread "C2 CompilerThread0" daemon [_thread_blocked, id=11084, stack(0x0000009bf4c00000,0x0000009bf4d00000)]
  0x0000023466132bc0 JavaThread "C1 CompilerThread0" daemon [_thread_blocked, id=7832, stack(0x0000009bf4d00000,0x0000009bf4e00000)]
  0x00000234661460e0 JavaThread "Sweeper thread" daemon [_thread_blocked, id=4388, stack(0x0000009bf4e00000,0x0000009bf4f00000)]
  0x0000023466225e90 JavaThread "Common-Cleaner" daemon [_thread_blocked, id=1928, stack(0x0000009bf4f00000,0x0000009bf5000000)]
  0x00000234661f1020 JavaThread "C2 CompilerThread1" daemon [_thread_blocked, id=15484, stack(0x0000009bf5000000,0x0000009bf5100000)]

Other Threads:
  0x000002344ccced20 VMThread "VM Thread" [stack: 0x0000009bf4500000,0x0000009bf4600000] [id=8180]
  0x000002344cc311f0 GCTaskThread "GC Thread#0" [stack: 0x0000009bf4400000,0x0000009bf4500000] [id=11256]

Threads with active compile tasks:

VM state: not at safepoint (normal execution)

VM Mutex/Monitor currently owned by a thread:  ([mutex/lock_event])
[0x000002344cc17930] Metaspace_lock - owner thread: 0x000002344cc1c430

Heap address: 0x00000000c0000000, size: 1024 MB, Compressed Oops mode: 32-bit

CDS archive(s) not mapped
Compressed class space mapped at: 0x0000000100000000-0x0000000140000000, reserved size: 1073741824
Narrow klass base: 0x0000000000000000, Narrow klass shift: 3, Narrow klass range: 0x140000000

GC Precious Log:
 CPUs: 6 total, 6 available
 Memory: 16158M
 Large Page Support: Disabled
 NUMA Support: Disabled
 Compressed Oops: Enabled (32-bit)
 Alignments: Space 512K, Generation 512K, Heap 2M
 Heap Min Capacity: 100M
 Heap Initial Capacity: 100M
 Heap Max Capacity: 1G
 Pre-touch: Disabled
 Parallel Workers: 6

Heap:
 PSYoungGen      total 29696K, used 3085K [0x00000000eab00000, 0x00000000ecc00000, 0x0000000100000000)
  eden space 25600K, 12% used [0x00000000eab00000,0x00000000eae034c8,0x00000000ec400000)
  from space 4096K, 0% used [0x00000000ec800000,0x00000000ec800000,0x00000000ecc00000)
  to   space 4096K, 0% used [0x00000000ec400000,0x00000000ec400000,0x00000000ec800000)
 ParOldGen       total 68608K, used 0K [0x00000000c0000000, 0x00000000c4300000, 0x00000000eab00000)
  object space 68608K, 0% used [0x00000000c0000000,0x00000000c0000000,0x00000000c4300000)
 Metaspace       used 5627K, committed 5760K, reserved 1114112K
  class space    used 538K, committed 640K, reserved 1048576K

Card table byte_map: [0x000002344c5b0000,0x000002344c7c0000] _byte_map_base: 0x000002344bfb0000

Marking Bits: (ParMarkBitMap*) 0x00007ff9493b58b0
 Begin Bits: [0x000002345e8b0000, 0x000002345f8b0000)
 End Bits:   [0x000002345f8b0000, 0x00000234608b0000)

Polling page: 0x000002344ab40000

Metaspace:

Usage:
  Non-class:      4.97 MB used.
      Class:    538.05 KB used.
       Both:      5.50 MB used.

Virtual space:
  Non-class space:       64.00 MB reserved,       5.00 MB (  8%) committed,  1 nodes.
      Class space:        1.00 GB reserved,     640.00 KB ( <1%) committed,  1 nodes.
             Both:        1.06 GB reserved,       5.62 MB ( <1%) committed. 

Chunk freelists:
   Non-Class:  10.96 MB
       Class:  15.25 MB
        Both:  26.21 MB

MaxMetaspaceSize: unlimited
CompressedClassSpaceSize: 1.00 GB
Initial GC threshold: 21.00 MB
Current GC threshold: 21.00 MB
CDS: off
MetaspaceReclaimPolicy: balanced
 - commit_granule_bytes: 65536.
 - commit_granule_words: 8192.
 - virtual_space_node_default_size: 8388608.
 - enlarge_chunks_in_place: 1.
 - new_chunks_are_fully_committed: 0.
 - uncommit_free_chunks: 1.
 - use_allocation_guard: 0.
 - handle_deallocations: 1.


Internal statistics:

num_allocs_failed_limit: 0.
num_arena_births: 8.
num_arena_deaths: 0.
num_vsnodes_births: 2.
num_vsnodes_deaths: 0.
num_space_committed: 90.
num_space_uncommitted: 0.
num_chunks_returned_to_freelist: 0.
num_chunks_taken_from_freelist: 21.
num_chunk_merges: 0.
num_chunk_splits: 10.
num_chunks_enlarged: 6.
num_inconsistent_stats: 0.

CodeHeap 'non-profiled nmethods': size=120000Kb used=65Kb max_used=65Kb free=119934Kb
 bounds [0x0000023457380000, 0x00000234575f0000, 0x000002345e8b0000]
CodeHeap 'profiled nmethods': size=120000Kb used=273Kb max_used=273Kb free=119726Kb
 bounds [0x000002344f8b0000, 0x000002344fb20000, 0x0000023456de0000]
CodeHeap 'non-nmethods': size=5760Kb used=1095Kb max_used=1107Kb free=4664Kb
 bounds [0x0000023456de0000, 0x0000023457050000, 0x0000023457380000]
 total_blobs=606 nmethods=234 adapters=287
 compilation: enabled
              stopped_count=0, restarted_count=0
 full_count=0

Compilation events (20 events):
Event: 0.144 Thread 0x0000023466132bc0  224       3       sun.nio.fs.WindowsPathParser::isInvalidPathChar (22 bytes)
Event: 0.144 Thread 0x0000023466132bc0 nmethod 224 0x000002344f8f0110 code [0x000002344f8f02e0, 0x000002344f8f0628]
Event: 0.148 Thread 0x0000023466132bc0  225       3       java.lang.ref.Reference::reachabilityFence (1 bytes)
Event: 0.148 Thread 0x0000023466132bc0 nmethod 225 0x000002344f8f0790 code [0x000002344f8f0920, 0x000002344f8f0a18]
Event: 0.148 Thread 0x0000023466132bc0  226       3       java.nio.Buffer::scope (17 bytes)
Event: 0.148 Thread 0x0000023466132bc0 nmethod 226 0x000002344f8f0a90 code [0x000002344f8f0c40, 0x000002344f8f0de8]
Event: 0.148 Thread 0x0000023466132bc0  227       3       java.nio.Buffer::checkIndex (22 bytes)
Event: 0.148 Thread 0x0000023466132bc0 nmethod 227 0x000002344f8f0e90 code [0x000002344f8f1040, 0x000002344f8f1248]
Event: 0.148 Thread 0x0000023466132bc0  229       3       java.nio.DirectByteBuffer::ix (10 bytes)
Event: 0.148 Thread 0x0000023466132bc0 nmethod 229 0x000002344f8f1310 code [0x000002344f8f14a0, 0x000002344f8f15b8]
Event: 0.148 Thread 0x0000023466132bc0  228   !   3       java.nio.DirectByteBuffer::get (34 bytes)
Event: 0.149 Thread 0x0000023466132bc0 nmethod 228 0x000002344f8f1690 code [0x000002344f8f18c0, 0x000002344f8f20b8]
Event: 0.149 Thread 0x0000023466132bc0  230   !   3       jdk.internal.misc.ScopedMemoryAccess::getByte (20 bytes)
Event: 0.149 Thread 0x0000023466132bc0 nmethod 230 0x000002344f8f2510 code [0x000002344f8f26e0, 0x000002344f8f2b38]
Event: 0.150 Thread 0x0000023466132bc0  232       3       jdk.internal.jimage.ImageStringsReader::unmaskedHashCode (166 bytes)
Event: 0.151 Thread 0x0000023466132bc0 nmethod 232 0x000002344f8f2d90 code [0x000002344f8f2fe0, 0x000002344f8f3bb8]
Event: 0.151 Thread 0x0000023466132bc0  233       1       java.nio.Buffer::limit (5 bytes)
Event: 0.151 Thread 0x0000023466132bc0 nmethod 233 0x0000023457390190 code [0x0000023457390320, 0x00000234573903f8]
Event: 0.151 Thread 0x0000023466132bc0  234       3       java.lang.StringLatin1::lastIndexOf (40 bytes)
Event: 0.151 Thread 0x0000023466132bc0 nmethod 234 0x000002344f8f4090 code [0x000002344f8f4260, 0x000002344f8f4658]

GC Heap History (0 events):
No events

Dll operation events (7 events):
Event: 0.008 Loaded shared library c:\Users\nocturno\.vscode\extensions\redhat.java-1.35.1-win32-x64\jre\17.0.12-win32-x86_64\bin\java.dll
Event: 0.116 Loaded shared library c:\Users\nocturno\.vscode\extensions\redhat.java-1.35.1-win32-x64\jre\17.0.12-win32-x86_64\bin\zip.dll
Event: 0.118 Loaded shared library C:\Users\nocturno\.vscode\extensions\redhat.java-1.35.1-win32-x64\jre\17.0.12-win32-x86_64\bin\instrument.dll
Event: 0.128 Loaded shared library C:\Users\nocturno\.vscode\extensions\redhat.java-1.35.1-win32-x64\jre\17.0.12-win32-x86_64\bin\net.dll
Event: 0.129 Loaded shared library C:\Users\nocturno\.vscode\extensions\redhat.java-1.35.1-win32-x64\jre\17.0.12-win32-x86_64\bin\nio.dll
Event: 0.134 Loaded shared library C:\Users\nocturno\.vscode\extensions\redhat.java-1.35.1-win32-x64\jre\17.0.12-win32-x86_64\bin\zip.dll
Event: 0.146 Loaded shared library C:\Users\nocturno\.vscode\extensions\redhat.java-1.35.1-win32-x64\jre\17.0.12-win32-x86_64\bin\jimage.dll

Deoptimization events (0 events):
No events

Classes loaded (20 events):
Event: 0.145 Loading class jdk/internal/jimage/NativeImageBuffer$1 done
Event: 0.146 Loading class jdk/internal/jimage/ImageHeader
Event: 0.146 Loading class jdk/internal/jimage/ImageHeader done
Event: 0.146 Loading class java/nio/DirectIntBufferU
Event: 0.146 Loading class java/nio/IntBuffer
Event: 0.147 Loading class java/nio/IntBuffer done
Event: 0.147 Loading class java/nio/DirectIntBufferU done
Event: 0.147 Loading class java/nio/DirectByteBufferR
Event: 0.147 Loading class java/nio/DirectByteBufferR done
Event: 0.147 Loading class java/nio/DirectIntBufferRU
Event: 0.147 Loading class java/nio/DirectIntBufferRU done
Event: 0.147 Loading class jdk/internal/jimage/ImageStringsReader
Event: 0.147 Loading class jdk/internal/jimage/ImageStrings
Event: 0.147 Loading class jdk/internal/jimage/ImageStrings done
Event: 0.147 Loading class jdk/internal/jimage/ImageStringsReader done
Event: 0.147 Loading class jdk/internal/jimage/decompressor/Decompressor
Event: 0.147 Loading class jdk/internal/jimage/decompressor/Decompressor done
Event: 0.147 Loading class jdk/internal/jimage/ImageLocation
Event: 0.148 Loading class jdk/internal/jimage/ImageLocation done
Event: 0.151 Loading class java/util/regex/Pattern

Classes unloaded (0 events):
No events

Classes redefined (0 events):
No events

Internal exceptions (1 events):
Event: 0.098 Thread 0x000002344cc1c430 Exception <a 'java/lang/NoSuchMethodError'{0x00000000eacb4cc0}: 'void java.lang.invoke.DirectMethodHandle$Holder.invokeStatic(java.lang.Object, java.lang.Object, java.lang.Object)'> (0x00000000eacb4cc0) 
thrown [s\src\hotspot\share\interpreter\linkResolver.cpp, line 759]

VM Operations (2 events):
Event: 0.104 Executing VM operation: HandshakeAllThreads
Event: 0.104 Executing VM operation: HandshakeAllThreads done

Events (12 events):
Event: 0.028 Thread 0x000002344cc1c430 Thread added: 0x000002344cc1c430
Event: 0.038 Thread 0x00000234661030a0 Thread added: 0x00000234661030a0
Event: 0.038 Thread 0x0000023466104210 Thread added: 0x0000023466104210
Event: 0.051 Thread 0x0000023460aa5f00 Thread added: 0x0000023460aa5f00
Event: 0.051 Thread 0x0000023460aa69d0 Thread added: 0x0000023460aa69d0
Event: 0.051 Thread 0x0000023460aa7d30 Thread added: 0x0000023460aa7d30
Event: 0.051 Thread 0x0000023460aa8890 Thread added: 0x0000023460aa8890
Event: 0.051 Thread 0x000002346612a170 Thread added: 0x000002346612a170
Event: 0.051 Thread 0x0000023466132bc0 Thread added: 0x0000023466132bc0
Event: 0.051 Thread 0x00000234661460e0 Thread added: 0x00000234661460e0
Event: 0.087 Thread 0x0000023466225e90 Thread added: 0x0000023466225e90
Event: 0.108 Thread 0x00000234661f1020 Thread added: 0x00000234661f1020


Dynamic libraries:
0x00007ff67d580000 - 0x00007ff67d58e000 	c:\Users\nocturno\.vscode\extensions\redhat.java-1.35.1-win32-x64\jre\17.0.12-win32-x86_64\bin\java.exe
0x00007ff9c85d0000 - 0x00007ff9c87e7000 	C:\Windows\SYSTEM32\ntdll.dll
0x00007ff9c64e0000 - 0x00007ff9c65a4000 	C:\Windows\System32\KERNEL32.DLL
0x00007ff9c5a30000 - 0x00007ff9c5de7000 	C:\Windows\System32\KERNELBASE.dll
0x00007ff9c5910000 - 0x00007ff9c5a21000 	C:\Windows\System32\ucrtbase.dll
0x00007ff9a5230000 - 0x00007ff9a5247000 	c:\Users\nocturno\.vscode\extensions\redhat.java-1.35.1-win32-x64\jre\17.0.12-win32-x86_64\bin\jli.dll
0x00007ff9c6300000 - 0x00007ff9c64af000 	C:\Windows\System32\USER32.dll
0x00007ff9c6140000 - 0x00007ff9c6166000 	C:\Windows\System32\win32u.dll
0x00007ff9c64b0000 - 0x00007ff9c64d9000 	C:\Windows\System32\GDI32.dll
0x00007ff9c5df0000 - 0x00007ff9c5f08000 	C:\Windows\System32\gdi32full.dll
0x00007ff9c6260000 - 0x00007ff9c62fa000 	C:\Windows\System32\msvcp_win.dll
0x00007ff9a13d0000 - 0x00007ff9a1663000 	C:\Windows\WinSxS\amd64_microsoft.windows.common-controls_6595b64144ccf1df_6.0.22621.3672_none_2713b9d173822955\COMCTL32.dll
0x00007ff9c6cd0000 - 0x00007ff9c6d77000 	C:\Windows\System32\msvcrt.dll
0x00007ff96bd30000 - 0x00007ff96bd4b000 	c:\Users\nocturno\.vscode\extensions\redhat.java-1.35.1-win32-x64\jre\17.0.12-win32-x86_64\bin\VCRUNTIME140.dll
0x00007ff9c8280000 - 0x00007ff9c82b1000 	C:\Windows\System32\IMM32.DLL
0x00007ff9a29f0000 - 0x00007ff9a29fc000 	c:\Users\nocturno\.vscode\extensions\redhat.java-1.35.1-win32-x64\jre\17.0.12-win32-x86_64\bin\vcruntime140_1.dll
0x00007ff95b8f0000 - 0x00007ff95b97d000 	c:\Users\nocturno\.vscode\extensions\redhat.java-1.35.1-win32-x64\jre\17.0.12-win32-x86_64\bin\msvcp140.dll
0x00007ff948810000 - 0x00007ff94947a000 	c:\Users\nocturno\.vscode\extensions\redhat.java-1.35.1-win32-x64\jre\17.0.12-win32-x86_64\bin\server\jvm.dll
0x00007ff9c7100000 - 0x00007ff9c71b2000 	C:\Windows\System32\ADVAPI32.dll
0x00007ff9c8470000 - 0x00007ff9c8518000 	C:\Windows\System32\sechost.dll
0x00007ff9c58e0000 - 0x00007ff9c5908000 	C:\Windows\System32\bcrypt.dll
0x00007ff9c6ee0000 - 0x00007ff9c6ff4000 	C:\Windows\System32\RPCRT4.dll
0x00007ff9c7a40000 - 0x00007ff9c7ab1000 	C:\Windows\System32\WS2_32.dll
0x00007ff9c57c0000 - 0x00007ff9c580d000 	C:\Windows\SYSTEM32\POWRPROF.dll
0x00007ff9b92d0000 - 0x00007ff9b9304000 	C:\Windows\SYSTEM32\WINMM.dll
0x00007ff9c1c00000 - 0x00007ff9c1c0a000 	C:\Windows\SYSTEM32\VERSION.dll
0x00007ff9c5790000 - 0x00007ff9c57a3000 	C:\Windows\SYSTEM32\UMPDC.dll
0x00007ff9c48f0000 - 0x00007ff9c4908000 	C:\Windows\SYSTEM32\kernel.appcore.dll
0x00007ff9a2970000 - 0x00007ff9a297a000 	c:\Users\nocturno\.vscode\extensions\redhat.java-1.35.1-win32-x64\jre\17.0.12-win32-x86_64\bin\jimage.dll
0x00007ff9b75b0000 - 0x00007ff9b77e2000 	C:\Windows\SYSTEM32\DBGHELP.DLL
0x00007ff9c6940000 - 0x00007ff9c6cce000 	C:\Windows\System32\combase.dll
0x00007ff9c80a0000 - 0x00007ff9c8177000 	C:\Windows\System32\OLEAUT32.dll
0x00007ff9b67e0000 - 0x00007ff9b6812000 	C:\Windows\SYSTEM32\dbgcore.DLL
0x00007ff9c6170000 - 0x00007ff9c61eb000 	C:\Windows\System32\bcryptPrimitives.dll
0x00007ff9a21e0000 - 0x00007ff9a21ee000 	c:\Users\nocturno\.vscode\extensions\redhat.java-1.35.1-win32-x64\jre\17.0.12-win32-x86_64\bin\instrument.dll
0x00007ff968200000 - 0x00007ff968225000 	c:\Users\nocturno\.vscode\extensions\redhat.java-1.35.1-win32-x64\jre\17.0.12-win32-x86_64\bin\java.dll
0x00007ff969570000 - 0x00007ff969588000 	c:\Users\nocturno\.vscode\extensions\redhat.java-1.35.1-win32-x64\jre\17.0.12-win32-x86_64\bin\zip.dll
0x00007ff9c71d0000 - 0x00007ff9c7a39000 	C:\Windows\System32\SHELL32.dll
0x00007ff9c3800000 - 0x00007ff9c40ff000 	C:\Windows\SYSTEM32\windows.storage.dll
0x00007ff9c36c0000 - 0x00007ff9c37ff000 	C:\Windows\SYSTEM32\wintypes.dll
0x00007ff9c8180000 - 0x00007ff9c8279000 	C:\Windows\System32\SHCORE.dll
0x00007ff9c7ae0000 - 0x00007ff9c7b3e000 	C:\Windows\System32\shlwapi.dll
0x00007ff9c5810000 - 0x00007ff9c5837000 	C:\Windows\SYSTEM32\profapi.dll
0x00007ff969320000 - 0x00007ff969339000 	C:\Users\nocturno\.vscode\extensions\redhat.java-1.35.1-win32-x64\jre\17.0.12-win32-x86_64\bin\net.dll
0x00007ff9bfd00000 - 0x00007ff9bfe36000 	C:\Windows\SYSTEM32\WINHTTP.dll
0x00007ff9c4d50000 - 0x00007ff9c4db9000 	C:\Windows\system32\mswsock.dll
0x00007ff9681e0000 - 0x00007ff9681f6000 	C:\Users\nocturno\.vscode\extensions\redhat.java-1.35.1-win32-x64\jre\17.0.12-win32-x86_64\bin\nio.dll

dbghelp: loaded successfully - version: 4.0.5 - missing functions: none
symbol engine: initialized successfully - sym options: 0x614 - pdb path: .;c:\Users\nocturno\.vscode\extensions\redhat.java-1.35.1-win32-x64\jre\17.0.12-win32-x86_64\bin;C:\Windows\SYSTEM32;C:\Windows\WinSxS\amd64_microsoft.windows.common-controls_6595b64144ccf1df_6.0.22621.3672_none_2713b9d173822955;c:\Users\nocturno\.vscode\extensions\redhat.java-1.35.1-win32-x64\jre\17.0.12-win32-x86_64\bin\server

VM Arguments:
jvm_args: --add-modules=ALL-SYSTEM --add-opens=java.base/java.util=ALL-UNNAMED --add-opens=java.base/java.lang=ALL-UNNAMED --add-opens=java.base/sun.nio.fs=ALL-UNNAMED -Declipse.application=org.eclipse.jdt.ls.core.id1 -Dosgi.bundles.defaultStartLevel=4 -Declipse.product=org.eclipse.jdt.ls.core.product -Djava.import.generatesMetadataFilesAtProjectRoot=false -DDetectVMInstallationsJob.disabled=true -Dfile.encoding=utf8 -XX:+UseParallelGC -XX:GCTimeRatio=4 -XX:AdaptiveSizePolicyWeight=90 -Dsun.zip.disableMemoryMapping=true -Xmx1G -Xms100m -Xlog:disable -javaagent:c:\Users\nocturno\.vscode\extensions\redhat.java-1.35.1-win32-x64\lombok\lombok-1.18.33.jar 
java_command: c:\Users\nocturno\.vscode\extensions\redhat.java-1.35.1-win32-x64\server\plugins\org.eclipse.equinox.launcher_1.6.900.v20240613-2009.jar -configuration c:\Users\nocturno\AppData\Roaming\Code\User\globalStorage\redhat.java\1.35.1\config_ss_win -data c:\Users\nocturno\AppData\Roaming\Code\User\workspaceStorage\7eed0162ea7f1c18e982cdcf009d9710\redhat.java\ss_ws --pipe=\\.\pipe\lsp-89271461dd5fe9002f73d2d1c51c207c-sock
java_class_path (initial): c:\Users\nocturno\.vscode\extensions\redhat.java-1.35.1-win32-x64\server\plugins\org.eclipse.equinox.launcher_1.6.900.v20240613-2009.jar
Launcher Type: SUN_STANDARD

[Global flags]
    uintx AdaptiveSizePolicyWeight                 = 90                                        {product} {command line}
     intx CICompilerCount                          = 3                                         {product} {ergonomic}
    uintx GCTimeRatio                              = 4                                         {product} {command line}
   size_t InitialHeapSize                          = 104857600                                 {product} {command line}
   size_t MaxHeapSize                              = 1073741824                                {product} {command line}
   size_t MaxNewSize                               = 357564416                                 {product} {ergonomic}
   size_t MinHeapDeltaBytes                        = 524288                                    {product} {ergonomic}
   size_t MinHeapSize                              = 104857600                                 {product} {command line}
   size_t NewSize                                  = 34603008                                  {product} {ergonomic}
    uintx NonNMethodCodeHeapSize                   = 5832780                                {pd product} {ergonomic}
    uintx NonProfiledCodeHeapSize                  = 122912730                              {pd product} {ergonomic}
   size_t OldSize                                  = 70254592                                  {product} {ergonomic}
    uintx ProfiledCodeHeapSize                     = 122912730                              {pd product} {ergonomic}
    uintx ReservedCodeCacheSize                    = 251658240                              {pd product} {ergonomic}
     bool SegmentedCodeCache                       = true                                      {product} {ergonomic}
   size_t SoftMaxHeapSize                          = 1073741824                             {manageable} {ergonomic}
     bool UseCompressedClassPointers               = true                           {product lp64_product} {ergonomic}
     bool UseCompressedOops                        = true                           {product lp64_product} {ergonomic}
     bool UseLargePagesIndividualAllocation        = false                                  {pd product} {ergonomic}
     bool UseParallelGC                            = true                                      {product} {command line}

Logging:
Log output configuration:
 #0: stdout all=off uptime,level,tags
 #1: stderr all=off uptime,level,tags

Environment Variables:
JAVA_HOME=C:\Program Files\Java\jdk-22
CLASSPATH=.;C:\misclases
PATH=C:\Program Files\Common Files\Oracle\Java\javapath;C:\Program Files\Eclipse Adoptium\jre-21.0.3.9-hotspot\bin;C:\Program Files\Eclipse Adoptium\jdk-21.0.3.9-hotspot\bin;C:\Windows\system32;C:\Windows;C:\Windows\System32\Wbem;C:\Windows\System32\WindowsPowerShell\v1.0\;C:\Windows\System32\OpenSSH\;C:\Program Files\Microsoft VS Code\bin;C:\Program Files\Git\cmd;C:\Program Files (x86)\Microsoft SQL Server\160\Tools\Binn\;C:\Program Files\Microsoft SQL Server\160\Tools\Binn\;C:\Program Files\Microsoft SQL Server\Client SDK\ODBC\170\Tools\Binn\;C:\Program Files\Microsoft SQL Server\160\DTS\Binn\;C:\Program Files (x86)\Microsoft SQL Server\160\DTS\Binn\;C:\Program Files\Java\jdk-22\bin;C:\Program Files\apache-maven-3.9.6\bin;C:\Users\nocturno\AppData\Local\Microsoft\WindowsApps;
USERNAME=nocturno
OS=Windows_NT
PROCESSOR_IDENTIFIER=Intel64 Family 6 Model 158 Stepping 10, GenuineIntel
TMP=C:\Users\nocturno\AppData\Local\Temp
TEMP=C:\Users\nocturno\AppData\Local\Temp



Periodic native trim disabled


---------------  S Y S T E M  ---------------

OS:
 Windows 11 , 64 bit Build 22621 (10.0.22621.3958)
OS uptime: 6 days 20:22 hours
Hyper-V role detected

CPU: total 6 (initial active 6) (6 cores per cpu, 1 threads per core) family 6 model 158 stepping 10 microcode 0xf6, cx8, cmov, fxsr, mmx, 3dnowpref, sse, sse2, sse3, ssse3, sse4.1, sse4.2, popcnt, lzcnt, tsc, tscinvbit, avx, avx2, aes, erms, clmul, bmi1, bmi2, adx, fma, vzeroupper, clflush, clflushopt, hv
Processor Information for all 6 processors :
  Max Mhz: 2808, Current Mhz: 2808, Mhz Limit: 2808

Memory: 4k page, system-wide physical 16158M (2404M free)
TotalPageFile size 46988M (AvailPageFile size 159M)
current process WorkingSet (physical memory assigned to process): 33M, peak: 33M
current process commit charge ("private bytes"): 179M, peak: 179M

vm_info: OpenJDK 64-Bit Server VM (17.0.12+7) for windows-amd64 JRE (17.0.12+7), built on Jul 16 2024 22:08:24 by "admin" with MS VC++ 16.10 / 16.11 (VS2019)

END.
