#
# There is insufficient memory for the Java Runtime Environment to continue.
# Native memory allocation (malloc) failed to allocate 32744 bytes. Error detail: ChunkPool::allocate
# Possible reasons:
#   The system is out of physical RAM or swap space
#   This process is running with CompressedOops enabled, and the Java Heap may be blocking the growth of the native heap
# Possible solutions:
#   Reduce memory load on the system
#   Increase physical memory or swap space
#   Check if swap backing store is full
#   Decrease Java heap size (-Xmx/-Xms)
#   Decrease number of Java threads
#   Decrease Java thread stack sizes (-Xss)
#   Set larger code cache with -XX:ReservedCodeCacheSize=
#   JVM is running with Unscaled Compressed Oops mode in which the Java heap is
#     placed in the first 4GB address space. The Java Heap base address is the
#     maximum limit for the native heap growth. Please use -XX:HeapBaseMinAddress
#     to set the Java Heap base and to place the Java Heap above 4GB virtual address.
# This output file may be truncated or incomplete.
#
#  Out of Memory Error (arena.cpp:79), pid=11268, tid=5996
#
# JRE version: OpenJDK Runtime Environment Temurin-17.0.12+7 (17.0.12+7) (build 17.0.12+7)
# Java VM: OpenJDK 64-Bit Server VM Temurin-17.0.12+7 (17.0.12+7, mixed mode, tiered, compressed oops, compressed class ptrs, parallel gc, windows-amd64)
# No core dump will be written. Minidumps are not enabled by default on client versions of Windows
#

---------------  S U M M A R Y ------------

Command Line: --add-modules=ALL-SYSTEM --add-opens=java.base/java.util=ALL-UNNAMED --add-opens=java.base/java.lang=ALL-UNNAMED --add-opens=java.base/sun.nio.fs=ALL-UNNAMED -Declipse.application=org.eclipse.jdt.ls.core.id1 -Dosgi.bundles.defaultStartLevel=4 -Declipse.product=org.eclipse.jdt.ls.core.product -Djava.import.generatesMetadataFilesAtProjectRoot=false -DDetectVMInstallationsJob.disabled=true -Dfile.encoding=utf8 -XX:+UseParallelGC -XX:GCTimeRatio=4 -XX:AdaptiveSizePolicyWeight=90 -Dsun.zip.disableMemoryMapping=true -Xmx1G -Xms100m -Xlog:disable -javaagent:c:\Users\nocturno\.vscode\extensions\redhat.java-1.35.1-win32-x64\lombok\lombok-1.18.33.jar c:\Users\nocturno\.vscode\extensions\redhat.java-1.35.1-win32-x64\server\plugins\org.eclipse.equinox.launcher_1.6.900.v20240613-2009.jar -configuration c:\Users\nocturno\AppData\Roaming\Code\User\globalStorage\redhat.java\1.35.1\config_ss_win -data c:\Users\nocturno\AppData\Roaming\Code\User\workspaceStorage\7eed0162ea7f1c18e982cdcf009d9710\redhat.java\ss_ws --pipe=\\.\pipe\lsp-a5990c594f9809923af7b84acd697f42-sock

Host: Intel(R) Core(TM) i5-8400 CPU @ 2.80GHz, 6 cores, 15G,  Windows 11 , 64 bit Build 22621 (10.0.22621.3958)
Time: Mon Oct 21 18:47:49 2024 Hora de verano romance elapsed time: 3.765783 seconds (0d 0h 0m 3s)

---------------  T H R E A D  ---------------

Current thread (0x00000254e0adff30):  JavaThread "C2 CompilerThread1" daemon [_thread_in_native, id=5996, stack(0x000000aee1c00000,0x000000aee1d00000)]


Current CompileTask:
C2:   3765 4277 %     4       org.lombokweb.asm.SymbolTable::<init> @ 98 (536 bytes)

Stack: [0x000000aee1c00000,0x000000aee1d00000]
Native frames: (J=compiled Java code, j=interpreted, Vv=VM code, C=native code)
V  [jvm.dll+0x67f929]
V  [jvm.dll+0x8371ba]
V  [jvm.dll+0x838c7e]
V  [jvm.dll+0x8392e3]
V  [jvm.dll+0x24834f]
V  [jvm.dll+0xacbd1]
V  [jvm.dll+0xad01c]
V  [jvm.dll+0x1dc199]
V  [jvm.dll+0x1dfc6a]
V  [jvm.dll+0x1df8fd]
V  [jvm.dll+0x1dec3e]
V  [jvm.dll+0x1ce8a0]
V  [jvm.dll+0x127fde]
V  [jvm.dll+0x2acdc0]
V  [jvm.dll+0x2aeb0a]
V  [jvm.dll+0x697dd5]
V  [jvm.dll+0x68fd8b]
V  [jvm.dll+0x68f3c7]
V  [jvm.dll+0x68d2b2]
V  [jvm.dll+0x1a8b1c]
V  [jvm.dll+0x2198a8]
V  [jvm.dll+0x1a58bd]
V  [jvm.dll+0x229a2d]
V  [jvm.dll+0x227bdc]
V  [jvm.dll+0x7ec1f7]
V  [jvm.dll+0x7e65dc]
V  [jvm.dll+0x67e7f7]
C  [ucrtbase.dll+0x29333]
C  [KERNEL32.DLL+0x1257d]
C  [ntdll.dll+0x5af08]


---------------  P R O C E S S  ---------------

Threads class SMR info:
_java_thread_list=0x00000254e1f9ae70, length=34, elements={
0x00000254c6379e70, 0x00000254c64272b0, 0x00000254da201b90, 0x00000254da20a210,
0x00000254da20b090, 0x00000254da20d6c0, 0x00000254df8a7bc0, 0x00000254df8ac900,
0x00000254df8ade30, 0x00000254df8b0b00, 0x00000254df9b0750, 0x00000254dfe00ae0,
0x00000254dfeaa940, 0x00000254e04b6070, 0x00000254e04b6550, 0x00000254e0530fb0,
0x00000254e051c020, 0x00000254e07cfbb0, 0x00000254e0057a50, 0x00000254e0058e90,
0x00000254e0057030, 0x00000254e0adff30, 0x00000254e0057540, 0x00000254e005a2d0,
0x00000254e0058980, 0x00000254e0058470, 0x00000254e00593a0, 0x00000254e00598b0,
0x00000254e0059dc0, 0x00000254e005a7e0, 0x00000254e0a72070, 0x00000254e0a72fa0,
0x00000254e0a75310, 0x00000254e0a75820
}

Java Threads: ( => current thread )
  0x00000254c6379e70 JavaThread "main" [_thread_blocked, id=11624, stack(0x000000aedff00000,0x000000aee0000000)]
  0x00000254c64272b0 JavaThread "Reference Handler" daemon [_thread_blocked, id=4872, stack(0x000000aee0200000,0x000000aee0300000)]
  0x00000254da201b90 JavaThread "Finalizer" daemon [_thread_blocked, id=11512, stack(0x000000aee0300000,0x000000aee0400000)]
  0x00000254da20a210 JavaThread "Signal Dispatcher" daemon [_thread_blocked, id=10980, stack(0x000000aee0400000,0x000000aee0500000)]
  0x00000254da20b090 JavaThread "Attach Listener" daemon [_thread_blocked, id=12820, stack(0x000000aee0500000,0x000000aee0600000)]
  0x00000254da20d6c0 JavaThread "Service Thread" daemon [_thread_blocked, id=4904, stack(0x000000aee0600000,0x000000aee0700000)]
  0x00000254df8a7bc0 JavaThread "Monitor Deflation Thread" daemon [_thread_blocked, id=13796, stack(0x000000aee0700000,0x000000aee0800000)]
  0x00000254df8ac900 JavaThread "C2 CompilerThread0" daemon [_thread_in_native, id=4032, stack(0x000000aee0800000,0x000000aee0900000)]
  0x00000254df8ade30 JavaThread "C1 CompilerThread0" daemon [_thread_in_native, id=15504, stack(0x000000aee0900000,0x000000aee0a00000)]
  0x00000254df8b0b00 JavaThread "Sweeper thread" daemon [_thread_blocked, id=1304, stack(0x000000aee0a00000,0x000000aee0b00000)]
  0x00000254df9b0750 JavaThread "Common-Cleaner" daemon [_thread_blocked, id=3264, stack(0x000000aee0b00000,0x000000aee0c00000)]
  0x00000254dfe00ae0 JavaThread "Notification Thread" daemon [_thread_blocked, id=1212, stack(0x000000aee0d00000,0x000000aee0e00000)]
  0x00000254dfeaa940 JavaThread "Active Thread: Equinox Container: 2b1918f9-46c7-42ca-9b54-52c7fc2757c5" [_thread_blocked, id=9900, stack(0x000000aee1400000,0x000000aee1500000)]
  0x00000254e04b6070 JavaThread "Framework Event Dispatcher: Equinox Container: 2b1918f9-46c7-42ca-9b54-52c7fc2757c5" daemon [_thread_blocked, id=13884, stack(0x000000aee1500000,0x000000aee1600000)]
  0x00000254e04b6550 JavaThread "Start Level: Equinox Container: 2b1918f9-46c7-42ca-9b54-52c7fc2757c5" daemon [_thread_blocked, id=15864, stack(0x000000aee1600000,0x000000aee1700000)]
  0x00000254e0530fb0 JavaThread "SCR Component Actor" daemon [_thread_blocked, id=16036, stack(0x000000aee1700000,0x000000aee1800000)]
  0x00000254e051c020 JavaThread "SCR Component Registry" daemon [_thread_blocked, id=9804, stack(0x000000aee1800000,0x000000aee1900000)]
  0x00000254e07cfbb0 JavaThread "Worker-JM" [_thread_blocked, id=13100, stack(0x000000aee1900000,0x000000aee1a00000)]
  0x00000254e0057a50 JavaThread "JNA Cleaner" daemon [_thread_blocked, id=7208, stack(0x000000aee0c00000,0x000000aee0d00000)]
  0x00000254e0058e90 JavaThread "Worker-0" [_thread_blocked, id=5352, stack(0x000000aee1a00000,0x000000aee1b00000)]
  0x00000254e0057030 JavaThread "Worker-1" [_thread_blocked, id=14196, stack(0x000000aee1b00000,0x000000aee1c00000)]
=>0x00000254e0adff30 JavaThread "C2 CompilerThread1" daemon [_thread_in_native, id=5996, stack(0x000000aee1c00000,0x000000aee1d00000)]
  0x00000254e0057540 JavaThread "Thread-2" daemon [_thread_in_native, id=15552, stack(0x000000aee1f00000,0x000000aee2000000)]
  0x00000254e005a2d0 JavaThread "Thread-3" daemon [_thread_in_native, id=11336, stack(0x000000aee2000000,0x000000aee2100000)]
  0x00000254e0058980 JavaThread "Thread-4" daemon [_thread_in_native, id=10728, stack(0x000000aee2100000,0x000000aee2200000)]
  0x00000254e0058470 JavaThread "Thread-5" daemon [_thread_in_native, id=3052, stack(0x000000aee2200000,0x000000aee2300000)]
  0x00000254e00593a0 JavaThread "Thread-6" daemon [_thread_in_native, id=13936, stack(0x000000aee2300000,0x000000aee2400000)]
  0x00000254e00598b0 JavaThread "Thread-7" daemon [_thread_in_native, id=11644, stack(0x000000aee2400000,0x000000aee2500000)]
  0x00000254e0059dc0 JavaThread "Thread-8" daemon [_thread_in_native, id=7668, stack(0x000000aee2500000,0x000000aee2600000)]
  0x00000254e005a7e0 JavaThread "pool-2-thread-1" [_thread_blocked, id=6792, stack(0x000000aee2600000,0x000000aee2700000)]
  0x00000254e0a72070 JavaThread "WorkspaceEventsHandler" [_thread_blocked, id=15876, stack(0x000000aee2700000,0x000000aee2800000)]
  0x00000254e0a72fa0 JavaThread "pool-1-thread-1" [_thread_in_Java, id=15520, stack(0x000000aee2800000,0x000000aee2900000)]
  0x00000254e0a75310 JavaThread "ForkJoinPool.commonPool-worker-1" daemon [_thread_blocked, id=7888, stack(0x000000aee2900000,0x000000aee2a00000)]
  0x00000254e0a75820 JavaThread "ForkJoinPool.commonPool-worker-2" daemon [_thread_blocked, id=7336, stack(0x000000aee2a00000,0x000000aee2b00000)]

Other Threads:
  0x00000254da1ed0d0 VMThread "VM Thread" [stack: 0x000000aee0100000,0x000000aee0200000] [id=1652]
  0x00000254dfb924c0 WatcherThread [stack: 0x000000aee0e00000,0x000000aee0f00000] [id=15764]
  0x00000254c638d620 GCTaskThread "GC Thread#0" [stack: 0x000000aee0000000,0x000000aee0100000] [id=12032]
  0x00000254e041c940 GCTaskThread "GC Thread#1" [stack: 0x000000aee0f00000,0x000000aee1000000] [id=14800]
  0x00000254e038c040 GCTaskThread "GC Thread#2" [stack: 0x000000aee1000000,0x000000aee1100000] [id=11552]
  0x00000254e02fd020 GCTaskThread "GC Thread#3" [stack: 0x000000aee1100000,0x000000aee1200000] [id=4396]
  0x00000254e02fd2e0 GCTaskThread "GC Thread#4" [stack: 0x000000aee1200000,0x000000aee1300000] [id=10812]
  0x00000254e02fd5a0 GCTaskThread "GC Thread#5" [stack: 0x000000aee1300000,0x000000aee1400000] [id=15188]

Threads with active compile tasks:
C2 CompilerThread0     3800 4125   !   4       org.eclipse.osgi.internal.loader.classpath.ClasspathManager::findLocalClass (210 bytes)
C1 CompilerThread0     3800 4291       3       org.lombokweb.asm.ClassReader::readCode (5117 bytes)
C2 CompilerThread1     3800 4277 %     4       org.lombokweb.asm.SymbolTable::<init> @ 98 (536 bytes)

VM state: not at safepoint (normal execution)

VM Mutex/Monitor currently owned by a thread: None

Heap address: 0x00000000c0000000, size: 1024 MB, Compressed Oops mode: 32-bit

CDS archive(s) not mapped
Compressed class space mapped at: 0x0000000100000000-0x0000000140000000, reserved size: 1073741824
Narrow klass base: 0x0000000000000000, Narrow klass shift: 3, Narrow klass range: 0x140000000

GC Precious Log:
 CPUs: 6 total, 6 available
 Memory: 16158M
 Large Page Support: Disabled
 NUMA Support: Disabled
 Compressed Oops: Enabled (32-bit)
 Alignments: Space 512K, Generation 512K, Heap 2M
 Heap Min Capacity: 100M
 Heap Initial Capacity: 100M
 Heap Max Capacity: 1G
 Pre-touch: Disabled
 Parallel Workers: 6

Heap:
 PSYoungGen      total 23552K, used 18445K [0x00000000eab00000, 0x00000000ec480000, 0x0000000100000000)
  eden space 22016K, 77% used [0x00000000eab00000,0x00000000ebb9f788,0x00000000ec080000)
  from space 1536K, 92% used [0x00000000ec180000,0x00000000ec2e3cb8,0x00000000ec300000)
  to   space 1536K, 0% used [0x00000000ec300000,0x00000000ec300000,0x00000000ec480000)
 ParOldGen       total 68608K, used 20488K [0x00000000c0000000, 0x00000000c4300000, 0x00000000eab00000)
  object space 68608K, 29% used [0x00000000c0000000,0x00000000c14020f8,0x00000000c4300000)
 Metaspace       used 42661K, committed 43584K, reserved 1114112K
  class space    used 4338K, committed 4736K, reserved 1048576K

Card table byte_map: [0x00000254c5d40000,0x00000254c5f50000] _byte_map_base: 0x00000254c5740000

Marking Bits: (ParMarkBitMap*) 0x00007ff9588d58b0
 Begin Bits: [0x00000254d8010000, 0x00000254d9010000)
 End Bits:   [0x00000254d9010000, 0x00000254da010000)

Polling page: 0x00000254c5b30000

Metaspace:

Usage:
  Non-class:     37.42 MB used.
      Class:      4.24 MB used.
       Both:     41.66 MB used.

Virtual space:
  Non-class space:       64.00 MB reserved,      37.94 MB ( 59%) committed,  1 nodes.
      Class space:        1.00 GB reserved,       4.62 MB ( <1%) committed,  1 nodes.
             Both:        1.06 GB reserved,      42.56 MB (  4%) committed. 

Chunk freelists:
   Non-Class:  9.17 MB
       Class:  11.41 MB
        Both:  20.58 MB

MaxMetaspaceSize: unlimited
CompressedClassSpaceSize: 1.00 GB
Initial GC threshold: 21.00 MB
Current GC threshold: 58.38 MB
CDS: off
MetaspaceReclaimPolicy: balanced
 - commit_granule_bytes: 65536.
 - commit_granule_words: 8192.
 - virtual_space_node_default_size: 8388608.
 - enlarge_chunks_in_place: 1.
 - new_chunks_are_fully_committed: 0.
 - uncommit_free_chunks: 1.
 - use_allocation_guard: 0.
 - handle_deallocations: 1.


Internal statistics:

num_allocs_failed_limit: 6.
num_arena_births: 560.
num_arena_deaths: 14.
num_vsnodes_births: 2.
num_vsnodes_deaths: 0.
num_space_committed: 681.
num_space_uncommitted: 0.
num_chunks_returned_to_freelist: 20.
num_chunks_taken_from_freelist: 2009.
num_chunk_merges: 8.
num_chunk_splits: 1266.
num_chunks_enlarged: 787.
num_inconsistent_stats: 0.

CodeHeap 'non-profiled nmethods': size=120000Kb used=2118Kb max_used=2118Kb free=117882Kb
 bounds [0x00000254d0ae0000, 0x00000254d0d50000, 0x00000254d8010000]
CodeHeap 'profiled nmethods': size=120000Kb used=8649Kb max_used=8649Kb free=111350Kb
 bounds [0x00000254c9010000, 0x00000254c9890000, 0x00000254d0540000]
CodeHeap 'non-nmethods': size=5760Kb used=1325Kb max_used=1366Kb free=4435Kb
 bounds [0x00000254d0540000, 0x00000254d07b0000, 0x00000254d0ae0000]
 total_blobs=4944 nmethods=4283 adapters=574
 compilation: enabled
              stopped_count=0, restarted_count=0
 full_count=0

Compilation events (20 events):
Event: 3.754 Thread 0x00000254df8ade30 nmethod 4281 0x00000254c987cc90 code [0x00000254c987ce20, 0x00000254c987cf38]
Event: 3.755 Thread 0x00000254df8ade30 4282       3       org.lombokweb.asm.MethodWriter::visitTypeInsn (116 bytes)
Event: 3.755 Thread 0x00000254df8ade30 nmethod 4282 0x00000254c987d010 code [0x00000254c987d200, 0x00000254c987d688]
Event: 3.755 Thread 0x00000254df8ade30 4283       3       lombok.patcher.scripts.WrapReturnValuesScript$WrapReturnValues::visitInsn (283 bytes)
Event: 3.756 Thread 0x00000254df8ade30 nmethod 4283 0x00000254c987d890 code [0x00000254c987dc80, 0x00000254c987f898]
Event: 3.756 Thread 0x00000254df8ade30 4284       3       java.util.regex.Pattern$Loop::matchInit (156 bytes)
Event: 3.756 Thread 0x00000254df8ade30 nmethod 4284 0x00000254c9880290 code [0x00000254c98804c0, 0x00000254c9880da8]
Event: 3.756 Thread 0x00000254df8ade30 4285       3       java.util.regex.IntHashSet::<init> (42 bytes)
Event: 3.757 Thread 0x00000254df8ade30 nmethod 4285 0x00000254c9881110 code [0x00000254c98812c0, 0x00000254c9881618]
Event: 3.757 Thread 0x00000254df8ade30 4286       1       lombok.patcher.scripts.WrapReturnValuesScript::access$4 (5 bytes)
Event: 3.757 Thread 0x00000254df8ade30 nmethod 4286 0x00000254d0cf0710 code [0x00000254d0cf08a0, 0x00000254d0cf0958]
Event: 3.757 Thread 0x00000254df8ade30 4288       3       java.util.Arrays$ArrayItr::<init> (10 bytes)
Event: 3.757 Thread 0x00000254df8ade30 nmethod 4288 0x00000254c9881710 code [0x00000254c98818a0, 0x00000254c9881a18]
Event: 3.757 Thread 0x00000254df8ade30 4289       3       java.util.Arrays$ArrayList::iterator (12 bytes)
Event: 3.757 Thread 0x00000254df8ade30 nmethod 4289 0x00000254c9881b10 code [0x00000254c9881cc0, 0x00000254c9881ef8]
Event: 3.757 Thread 0x00000254df8ade30 4290       3       org.lombokweb.asm.MethodVisitor::visitTypeInsn (17 bytes)
Event: 3.757 Thread 0x00000254df8ade30 nmethod 4290 0x00000254c9882010 code [0x00000254c98821c0, 0x00000254c98823c8]
Event: 3.759 Thread 0x00000254df8ade30 4291       3       org.lombokweb.asm.ClassReader::readCode (5117 bytes)
Event: 3.760 Thread 0x00000254e0adff30 nmethod 4276 0x00000254d0cf0a10 code [0x00000254d0cf0bc0, 0x00000254d0cf1368]
Event: 3.760 Thread 0x00000254e0adff30 4277 %     4       org.lombokweb.asm.SymbolTable::<init> @ 98 (536 bytes)

GC Heap History (20 events):
Event: 2.028 GC heap before
{Heap before GC invocations=8 (full 1):
 PSYoungGen      total 27136K, used 26649K [0x00000000eab00000, 0x00000000ec980000, 0x0000000100000000)
  eden space 24576K, 99% used [0x00000000eab00000,0x00000000ec2fd778,0x00000000ec300000)
  from space 2560K, 81% used [0x00000000ec700000,0x00000000ec909028,0x00000000ec980000)
  to   space 2560K, 0% used [0x00000000ec480000,0x00000000ec480000,0x00000000ec700000)
 ParOldGen       total 68608K, used 6864K [0x00000000c0000000, 0x00000000c4300000, 0x00000000eab00000)
  object space 68608K, 10% used [0x00000000c0000000,0x00000000c06b4210,0x00000000c4300000)
 Metaspace       used 30248K, committed 30848K, reserved 1114112K
  class space    used 2937K, committed 3200K, reserved 1048576K
}
Event: 2.030 GC heap after
{Heap after GC invocations=8 (full 1):
 PSYoungGen      total 26624K, used 2531K [0x00000000eab00000, 0x00000000ecc80000, 0x0000000100000000)
  eden space 24064K, 0% used [0x00000000eab00000,0x00000000eab00000,0x00000000ec280000)
  from space 2560K, 98% used [0x00000000ec480000,0x00000000ec6f8e98,0x00000000ec700000)
  to   space 5120K, 0% used [0x00000000ec780000,0x00000000ec780000,0x00000000ecc80000)
 ParOldGen       total 68608K, used 8659K [0x00000000c0000000, 0x00000000c4300000, 0x00000000eab00000)
  object space 68608K, 12% used [0x00000000c0000000,0x00000000c0874eb8,0x00000000c4300000)
 Metaspace       used 30248K, committed 30848K, reserved 1114112K
  class space    used 2937K, committed 3200K, reserved 1048576K
}
Event: 2.356 GC heap before
{Heap before GC invocations=9 (full 1):
 PSYoungGen      total 26624K, used 26595K [0x00000000eab00000, 0x00000000ecc80000, 0x0000000100000000)
  eden space 24064K, 100% used [0x00000000eab00000,0x00000000ec280000,0x00000000ec280000)
  from space 2560K, 98% used [0x00000000ec480000,0x00000000ec6f8e98,0x00000000ec700000)
  to   space 5120K, 0% used [0x00000000ec780000,0x00000000ec780000,0x00000000ecc80000)
 ParOldGen       total 68608K, used 8659K [0x00000000c0000000, 0x00000000c4300000, 0x00000000eab00000)
  object space 68608K, 12% used [0x00000000c0000000,0x00000000c0874eb8,0x00000000c4300000)
 Metaspace       used 33960K, committed 34624K, reserved 1114112K
  class space    used 3387K, committed 3648K, reserved 1048576K
}
Event: 2.358 GC heap after
{Heap after GC invocations=9 (full 1):
 PSYoungGen      total 27648K, used 3586K [0x00000000eab00000, 0x00000000ecb80000, 0x0000000100000000)
  eden space 23552K, 0% used [0x00000000eab00000,0x00000000eab00000,0x00000000ec200000)
  from space 4096K, 87% used [0x00000000ec780000,0x00000000ecb00830,0x00000000ecb80000)
  to   space 4096K, 0% used [0x00000000ec380000,0x00000000ec380000,0x00000000ec780000)
 ParOldGen       total 68608K, used 8667K [0x00000000c0000000, 0x00000000c4300000, 0x00000000eab00000)
  object space 68608K, 12% used [0x00000000c0000000,0x00000000c0876eb8,0x00000000c4300000)
 Metaspace       used 33960K, committed 34624K, reserved 1114112K
  class space    used 3387K, committed 3648K, reserved 1048576K
}
Event: 2.494 GC heap before
{Heap before GC invocations=10 (full 1):
 PSYoungGen      total 27648K, used 12139K [0x00000000eab00000, 0x00000000ecb80000, 0x0000000100000000)
  eden space 23552K, 36% used [0x00000000eab00000,0x00000000eb35a5f0,0x00000000ec200000)
  from space 4096K, 87% used [0x00000000ec780000,0x00000000ecb00830,0x00000000ecb80000)
  to   space 4096K, 0% used [0x00000000ec380000,0x00000000ec380000,0x00000000ec780000)
 ParOldGen       total 68608K, used 8667K [0x00000000c0000000, 0x00000000c4300000, 0x00000000eab00000)
  object space 68608K, 12% used [0x00000000c0000000,0x00000000c0876eb8,0x00000000c4300000)
 Metaspace       used 35195K, committed 35840K, reserved 1114112K
  class space    used 3512K, committed 3776K, reserved 1048576K
}
Event: 2.497 GC heap after
{Heap after GC invocations=10 (full 1):
 PSYoungGen      total 26112K, used 2414K [0x00000000eab00000, 0x00000000ec800000, 0x0000000100000000)
  eden space 23552K, 0% used [0x00000000eab00000,0x00000000eab00000,0x00000000ec200000)
  from space 2560K, 94% used [0x00000000ec380000,0x00000000ec5db818,0x00000000ec600000)
  to   space 2048K, 0% used [0x00000000ec600000,0x00000000ec600000,0x00000000ec800000)
 ParOldGen       total 68608K, used 10318K [0x00000000c0000000, 0x00000000c4300000, 0x00000000eab00000)
  object space 68608K, 15% used [0x00000000c0000000,0x00000000c0a13978,0x00000000c4300000)
 Metaspace       used 35195K, committed 35840K, reserved 1114112K
  class space    used 3512K, committed 3776K, reserved 1048576K
}
Event: 2.497 GC heap before
{Heap before GC invocations=11 (full 2):
 PSYoungGen      total 26112K, used 2414K [0x00000000eab00000, 0x00000000ec800000, 0x0000000100000000)
  eden space 23552K, 0% used [0x00000000eab00000,0x00000000eab00000,0x00000000ec200000)
  from space 2560K, 94% used [0x00000000ec380000,0x00000000ec5db818,0x00000000ec600000)
  to   space 2048K, 0% used [0x00000000ec600000,0x00000000ec600000,0x00000000ec800000)
 ParOldGen       total 68608K, used 10318K [0x00000000c0000000, 0x00000000c4300000, 0x00000000eab00000)
  object space 68608K, 15% used [0x00000000c0000000,0x00000000c0a13978,0x00000000c4300000)
 Metaspace       used 35195K, committed 35840K, reserved 1114112K
  class space    used 3512K, committed 3776K, reserved 1048576K
}
Event: 2.515 GC heap after
{Heap after GC invocations=11 (full 2):
 PSYoungGen      total 26112K, used 0K [0x00000000eab00000, 0x00000000ec800000, 0x0000000100000000)
  eden space 23552K, 0% used [0x00000000eab00000,0x00000000eab00000,0x00000000ec200000)
  from space 2560K, 0% used [0x00000000ec380000,0x00000000ec380000,0x00000000ec600000)
  to   space 2048K, 0% used [0x00000000ec600000,0x00000000ec600000,0x00000000ec800000)
 ParOldGen       total 68608K, used 12436K [0x00000000c0000000, 0x00000000c4300000, 0x00000000eab00000)
  object space 68608K, 18% used [0x00000000c0000000,0x00000000c0c25318,0x00000000c4300000)
 Metaspace       used 35195K, committed 35840K, reserved 1114112K
  class space    used 3512K, committed 3776K, reserved 1048576K
}
Event: 2.843 GC heap before
{Heap before GC invocations=12 (full 2):
 PSYoungGen      total 26112K, used 23552K [0x00000000eab00000, 0x00000000ec800000, 0x0000000100000000)
  eden space 23552K, 100% used [0x00000000eab00000,0x00000000ec200000,0x00000000ec200000)
  from space 2560K, 0% used [0x00000000ec380000,0x00000000ec380000,0x00000000ec600000)
  to   space 2048K, 0% used [0x00000000ec600000,0x00000000ec600000,0x00000000ec800000)
 ParOldGen       total 68608K, used 12436K [0x00000000c0000000, 0x00000000c4300000, 0x00000000eab00000)
  object space 68608K, 18% used [0x00000000c0000000,0x00000000c0c25318,0x00000000c4300000)
 Metaspace       used 38296K, committed 39104K, reserved 1114112K
  class space    used 3835K, committed 4224K, reserved 1048576K
}
Event: 2.845 GC heap after
{Heap after GC invocations=12 (full 2):
 PSYoungGen      total 25088K, used 1714K [0x00000000eab00000, 0x00000000ec800000, 0x0000000100000000)
  eden space 23040K, 0% used [0x00000000eab00000,0x00000000eab00000,0x00000000ec180000)
  from space 2048K, 83% used [0x00000000ec600000,0x00000000ec7aca40,0x00000000ec800000)
  to   space 2560K, 0% used [0x00000000ec300000,0x00000000ec300000,0x00000000ec580000)
 ParOldGen       total 68608K, used 12444K [0x00000000c0000000, 0x00000000c4300000, 0x00000000eab00000)
  object space 68608K, 18% used [0x00000000c0000000,0x00000000c0c27318,0x00000000c4300000)
 Metaspace       used 38296K, committed 39104K, reserved 1114112K
  class space    used 3835K, committed 4224K, reserved 1048576K
}
Event: 2.969 GC heap before
{Heap before GC invocations=13 (full 2):
 PSYoungGen      total 25088K, used 24754K [0x00000000eab00000, 0x00000000ec800000, 0x0000000100000000)
  eden space 23040K, 100% used [0x00000000eab00000,0x00000000ec180000,0x00000000ec180000)
  from space 2048K, 83% used [0x00000000ec600000,0x00000000ec7aca40,0x00000000ec800000)
  to   space 2560K, 0% used [0x00000000ec300000,0x00000000ec300000,0x00000000ec580000)
 ParOldGen       total 68608K, used 12444K [0x00000000c0000000, 0x00000000c4300000, 0x00000000eab00000)
  object space 68608K, 18% used [0x00000000c0000000,0x00000000c0c27318,0x00000000c4300000)
 Metaspace       used 39038K, committed 39936K, reserved 1114112K
  class space    used 3957K, committed 4352K, reserved 1048576K
}
Event: 2.974 GC heap after
{Heap after GC invocations=13 (full 2):
 PSYoungGen      total 25088K, used 2161K [0x00000000eab00000, 0x00000000ec680000, 0x0000000100000000)
  eden space 22528K, 0% used [0x00000000eab00000,0x00000000eab00000,0x00000000ec100000)
  from space 2560K, 84% used [0x00000000ec300000,0x00000000ec51c480,0x00000000ec580000)
  to   space 1024K, 0% used [0x00000000ec580000,0x00000000ec580000,0x00000000ec680000)
 ParOldGen       total 68608K, used 14086K [0x00000000c0000000, 0x00000000c4300000, 0x00000000eab00000)
  object space 68608K, 20% used [0x00000000c0000000,0x00000000c0dc1970,0x00000000c4300000)
 Metaspace       used 39038K, committed 39936K, reserved 1114112K
  class space    used 3957K, committed 4352K, reserved 1048576K
}
Event: 3.049 GC heap before
{Heap before GC invocations=14 (full 2):
 PSYoungGen      total 25088K, used 24689K [0x00000000eab00000, 0x00000000ec680000, 0x0000000100000000)
  eden space 22528K, 100% used [0x00000000eab00000,0x00000000ec100000,0x00000000ec100000)
  from space 2560K, 84% used [0x00000000ec300000,0x00000000ec51c480,0x00000000ec580000)
  to   space 1024K, 0% used [0x00000000ec580000,0x00000000ec580000,0x00000000ec680000)
 ParOldGen       total 68608K, used 14086K [0x00000000c0000000, 0x00000000c4300000, 0x00000000eab00000)
  object space 68608K, 20% used [0x00000000c0000000,0x00000000c0dc1970,0x00000000c4300000)
 Metaspace       used 39162K, committed 40064K, reserved 1114112K
  class space    used 3961K, committed 4352K, reserved 1048576K
}
Event: 3.052 GC heap after
{Heap after GC invocations=14 (full 2):
 PSYoungGen      total 23040K, used 994K [0x00000000eab00000, 0x00000000ec980000, 0x0000000100000000)
  eden space 22016K, 0% used [0x00000000eab00000,0x00000000eab00000,0x00000000ec080000)
  from space 1024K, 97% used [0x00000000ec580000,0x00000000ec678800,0x00000000ec680000)
  to   space 4608K, 0% used [0x00000000ec080000,0x00000000ec080000,0x00000000ec500000)
 ParOldGen       total 68608K, used 17094K [0x00000000c0000000, 0x00000000c4300000, 0x00000000eab00000)
  object space 68608K, 24% used [0x00000000c0000000,0x00000000c10b19f0,0x00000000c4300000)
 Metaspace       used 39162K, committed 40064K, reserved 1114112K
  class space    used 3961K, committed 4352K, reserved 1048576K
}
Event: 3.187 GC heap before
{Heap before GC invocations=15 (full 2):
 PSYoungGen      total 23040K, used 23010K [0x00000000eab00000, 0x00000000ec980000, 0x0000000100000000)
  eden space 22016K, 100% used [0x00000000eab00000,0x00000000ec080000,0x00000000ec080000)
  from space 1024K, 97% used [0x00000000ec580000,0x00000000ec678800,0x00000000ec680000)
  to   space 4608K, 0% used [0x00000000ec080000,0x00000000ec080000,0x00000000ec500000)
 ParOldGen       total 68608K, used 17094K [0x00000000c0000000, 0x00000000c4300000, 0x00000000eab00000)
  object space 68608K, 24% used [0x00000000c0000000,0x00000000c10b19f0,0x00000000c4300000)
 Metaspace       used 40202K, committed 41088K, reserved 1114112K
  class space    used 4059K, committed 4416K, reserved 1048576K
}
Event: 3.189 GC heap after
{Heap after GC invocations=15 (full 2):
 PSYoungGen      total 24064K, used 1950K [0x00000000eab00000, 0x00000000ec680000, 0x0000000100000000)
  eden space 22016K, 0% used [0x00000000eab00000,0x00000000eab00000,0x00000000ec080000)
  from space 2048K, 95% used [0x00000000ec080000,0x00000000ec267948,0x00000000ec280000)
  to   space 3072K, 0% used [0x00000000ec380000,0x00000000ec380000,0x00000000ec680000)
 ParOldGen       total 68608K, used 18118K [0x00000000c0000000, 0x00000000c4300000, 0x00000000eab00000)
  object space 68608K, 26% used [0x00000000c0000000,0x00000000c11b1a70,0x00000000c4300000)
 Metaspace       used 40202K, committed 41088K, reserved 1114112K
  class space    used 4059K, committed 4416K, reserved 1048576K
}
Event: 3.551 GC heap before
{Heap before GC invocations=16 (full 2):
 PSYoungGen      total 24064K, used 23932K [0x00000000eab00000, 0x00000000ec680000, 0x0000000100000000)
  eden space 22016K, 99% used [0x00000000eab00000,0x00000000ec077958,0x00000000ec080000)
  from space 2048K, 95% used [0x00000000ec080000,0x00000000ec267948,0x00000000ec280000)
  to   space 3072K, 0% used [0x00000000ec380000,0x00000000ec380000,0x00000000ec680000)
 ParOldGen       total 68608K, used 18118K [0x00000000c0000000, 0x00000000c4300000, 0x00000000eab00000)
  object space 68608K, 26% used [0x00000000c0000000,0x00000000c11b1a70,0x00000000c4300000)
 Metaspace       used 41760K, committed 42624K, reserved 1114112K
  class space    used 4247K, committed 4608K, reserved 1048576K
}
Event: 3.553 GC heap after
{Heap after GC invocations=16 (full 2):
 PSYoungGen      total 23040K, used 758K [0x00000000eab00000, 0x00000000ec480000, 0x0000000100000000)
  eden space 22016K, 0% used [0x00000000eab00000,0x00000000eab00000,0x00000000ec080000)
  from space 1024K, 74% used [0x00000000ec380000,0x00000000ec43da78,0x00000000ec480000)
  to   space 1536K, 0% used [0x00000000ec180000,0x00000000ec180000,0x00000000ec300000)
 ParOldGen       total 68608K, used 19790K [0x00000000c0000000, 0x00000000c4300000, 0x00000000eab00000)
  object space 68608K, 28% used [0x00000000c0000000,0x00000000c1353a50,0x00000000c4300000)
 Metaspace       used 41760K, committed 42624K, reserved 1114112K
  class space    used 4247K, committed 4608K, reserved 1048576K
}
Event: 3.747 GC heap before
{Heap before GC invocations=17 (full 2):
 PSYoungGen      total 23040K, used 22774K [0x00000000eab00000, 0x00000000ec480000, 0x0000000100000000)
  eden space 22016K, 100% used [0x00000000eab00000,0x00000000ec080000,0x00000000ec080000)
  from space 1024K, 74% used [0x00000000ec380000,0x00000000ec43da78,0x00000000ec480000)
  to   space 1536K, 0% used [0x00000000ec180000,0x00000000ec180000,0x00000000ec300000)
 ParOldGen       total 68608K, used 19790K [0x00000000c0000000, 0x00000000c4300000, 0x00000000eab00000)
  object space 68608K, 28% used [0x00000000c0000000,0x00000000c1353a50,0x00000000c4300000)
 Metaspace       used 42644K, committed 43520K, reserved 1114112K
  class space    used 4338K, committed 4736K, reserved 1048576K
}
Event: 3.748 GC heap after
{Heap after GC invocations=17 (full 2):
 PSYoungGen      total 23552K, used 1423K [0x00000000eab00000, 0x00000000ec480000, 0x0000000100000000)
  eden space 22016K, 0% used [0x00000000eab00000,0x00000000eab00000,0x00000000ec080000)
  from space 1536K, 92% used [0x00000000ec180000,0x00000000ec2e3cb8,0x00000000ec300000)
  to   space 1536K, 0% used [0x00000000ec300000,0x00000000ec300000,0x00000000ec480000)
 ParOldGen       total 68608K, used 20488K [0x00000000c0000000, 0x00000000c4300000, 0x00000000eab00000)
  object space 68608K, 29% used [0x00000000c0000000,0x00000000c14020f8,0x00000000c4300000)
 Metaspace       used 42644K, committed 43520K, reserved 1114112K
  class space    used 4338K, committed 4736K, reserved 1048576K
}

Dll operation events (10 events):
Event: 0.007 Loaded shared library c:\Users\nocturno\.vscode\extensions\redhat.java-1.35.1-win32-x64\jre\17.0.12-win32-x86_64\bin\java.dll
Event: 0.110 Loaded shared library c:\Users\nocturno\.vscode\extensions\redhat.java-1.35.1-win32-x64\jre\17.0.12-win32-x86_64\bin\zip.dll
Event: 0.112 Loaded shared library C:\Users\nocturno\.vscode\extensions\redhat.java-1.35.1-win32-x64\jre\17.0.12-win32-x86_64\bin\instrument.dll
Event: 0.121 Loaded shared library C:\Users\nocturno\.vscode\extensions\redhat.java-1.35.1-win32-x64\jre\17.0.12-win32-x86_64\bin\net.dll
Event: 0.123 Loaded shared library C:\Users\nocturno\.vscode\extensions\redhat.java-1.35.1-win32-x64\jre\17.0.12-win32-x86_64\bin\nio.dll
Event: 0.128 Loaded shared library C:\Users\nocturno\.vscode\extensions\redhat.java-1.35.1-win32-x64\jre\17.0.12-win32-x86_64\bin\zip.dll
Event: 0.139 Loaded shared library C:\Users\nocturno\.vscode\extensions\redhat.java-1.35.1-win32-x64\jre\17.0.12-win32-x86_64\bin\jimage.dll
Event: 0.177 Loaded shared library c:\Users\nocturno\.vscode\extensions\redhat.java-1.35.1-win32-x64\jre\17.0.12-win32-x86_64\bin\verify.dll
Event: 0.882 Loaded shared library C:\Users\nocturno\AppData\Roaming\Code\User\globalStorage\redhat.java\1.35.1\config_ss_win\org.eclipse.equinox.launcher\org.eclipse.equinox.launcher.win32.win32.x86_64_1.2.1100.v20240722-2106\eclipse_11904.dll
Event: 1.536 Loaded shared library C:\Users\nocturno\AppData\Local\Temp\jna-1109282320\jna556975298937155198.dll

Deoptimization events (20 events):
Event: 3.754 Thread 0x00000254e0a72fa0 Uncommon trap: trap_request=0xffffffde fr.pc=0x00000254d0bfc544 relative=0x0000000000007304
Event: 3.754 Thread 0x00000254e0a72fa0 Uncommon trap: reason=class_check action=maybe_recompile pc=0x00000254d0bfc544 method=lombok.patcher.PatchScript$MethodPatcher.visitMethod(ILjava/lang/String;Ljava/lang/String;Ljava/lang/String;[Ljava/lang/String;)Lorg/lombokweb/asm/MethodVisitor; @ 101 c
Event: 3.754 Thread 0x00000254e0a72fa0 DEOPT PACKING pc=0x00000254d0bfc544 sp=0x000000aee28faec0
Event: 3.754 Thread 0x00000254e0a72fa0 DEOPT UNPACKING pc=0x00000254d05966a3 sp=0x000000aee28fae28 mode 2
Event: 3.754 Thread 0x00000254e0a72fa0 Uncommon trap: trap_request=0xffffffde fr.pc=0x00000254d0bfc544 relative=0x0000000000007304
Event: 3.754 Thread 0x00000254e0a72fa0 Uncommon trap: reason=class_check action=maybe_recompile pc=0x00000254d0bfc544 method=lombok.patcher.PatchScript$MethodPatcher.visitMethod(ILjava/lang/String;Ljava/lang/String;Ljava/lang/String;[Ljava/lang/String;)Lorg/lombokweb/asm/MethodVisitor; @ 101 c
Event: 3.754 Thread 0x00000254e0a72fa0 DEOPT PACKING pc=0x00000254d0bfc544 sp=0x000000aee28faec0
Event: 3.754 Thread 0x00000254e0a72fa0 DEOPT UNPACKING pc=0x00000254d05966a3 sp=0x000000aee28fae28 mode 2
Event: 3.754 Thread 0x00000254e0a72fa0 Uncommon trap: trap_request=0xffffffde fr.pc=0x00000254d0bd6a74 relative=0x0000000000002b54
Event: 3.754 Thread 0x00000254e0a72fa0 Uncommon trap: reason=class_check action=maybe_recompile pc=0x00000254d0bd6a74 method=lombok.patcher.PatchScript$MethodPatcher.visitMethod(ILjava/lang/String;Ljava/lang/String;Ljava/lang/String;[Ljava/lang/String;)Lorg/lombokweb/asm/MethodVisitor; @ 101 c
Event: 3.754 Thread 0x00000254e0a72fa0 DEOPT PACKING pc=0x00000254d0bd6a74 sp=0x000000aee28fae20
Event: 3.754 Thread 0x00000254e0a72fa0 DEOPT UNPACKING pc=0x00000254d05966a3 sp=0x000000aee28fae28 mode 2
Event: 3.763 Thread 0x00000254e0a72fa0 Uncommon trap: trap_request=0xffffff45 fr.pc=0x00000254d0cec900 relative=0x0000000000000360
Event: 3.763 Thread 0x00000254e0a72fa0 Uncommon trap: reason=unstable_if action=reinterpret pc=0x00000254d0cec900 method=org.lombokweb.asm.MethodWriter.computeMethodInfoSize()I @ 228 c2
Event: 3.763 Thread 0x00000254e0a72fa0 DEOPT PACKING pc=0x00000254d0cec900 sp=0x000000aee28fb0d0
Event: 3.763 Thread 0x00000254e0a72fa0 DEOPT UNPACKING pc=0x00000254d05966a3 sp=0x000000aee28fb070 mode 2
Event: 3.763 Thread 0x00000254e0a72fa0 Uncommon trap: trap_request=0xffffff45 fr.pc=0x00000254d0cee4ec relative=0x0000000000000f0c
Event: 3.763 Thread 0x00000254e0a72fa0 Uncommon trap: reason=unstable_if action=reinterpret pc=0x00000254d0cee4ec method=org.lombokweb.asm.MethodWriter.putMethodInfo(Lorg/lombokweb/asm/ByteVector;)V @ 374 c2
Event: 3.763 Thread 0x00000254e0a72fa0 DEOPT PACKING pc=0x00000254d0cee4ec sp=0x000000aee28fb090
Event: 3.763 Thread 0x00000254e0a72fa0 DEOPT UNPACKING pc=0x00000254d05966a3 sp=0x000000aee28fb048 mode 2

Classes loaded (20 events):
Event: 2.894 Loading class java/nio/channels/Channels$ReadableByteChannelImpl
Event: 2.894 Loading class java/nio/channels/Channels$ReadableByteChannelImpl done
Event: 2.895 Loading class java/nio/channels/NonWritableChannelException
Event: 2.895 Loading class java/nio/channels/NonWritableChannelException done
Event: 3.010 Loading class java/lang/invoke/MethodHandleImpl$CountingWrapper$1
Event: 3.012 Loading class java/lang/invoke/MethodHandleImpl$CountingWrapper$1 done
Event: 3.119 Loading class java/io/FileReader
Event: 3.119 Loading class java/io/FileReader done
Event: 3.120 Loading class java/lang/UnsupportedClassVersionError
Event: 3.120 Loading class java/lang/UnsupportedClassVersionError done
Event: 3.134 Loading class jdk/internal/reflect/UnsafeQualifiedStaticIntegerFieldAccessorImpl
Event: 3.135 Loading class jdk/internal/reflect/UnsafeQualifiedStaticIntegerFieldAccessorImpl done
Event: 3.143 Loading class java/lang/ExceptionInInitializerError
Event: 3.143 Loading class java/lang/ExceptionInInitializerError done
Event: 3.462 Loading class java/util/Vector$1
Event: 3.462 Loading class java/util/Vector$1 done
Event: 3.654 Loading class java/util/regex/Pattern$Caret
Event: 3.654 Loading class java/util/regex/Pattern$Caret done
Event: 3.683 Loading class java/util/regex/Pattern$LazyLoop
Event: 3.683 Loading class java/util/regex/Pattern$LazyLoop done

Classes unloaded (7 events):
Event: 1.412 Thread 0x00000254da1ed0d0 Unloading class 0x000000010021a400 'java/lang/invoke/LambdaForm$MH+0x000000010021a400'
Event: 1.412 Thread 0x00000254da1ed0d0 Unloading class 0x000000010021a000 'java/lang/invoke/LambdaForm$MH+0x000000010021a000'
Event: 1.412 Thread 0x00000254da1ed0d0 Unloading class 0x0000000100219c00 'java/lang/invoke/LambdaForm$MH+0x0000000100219c00'
Event: 1.412 Thread 0x00000254da1ed0d0 Unloading class 0x0000000100219800 'java/lang/invoke/LambdaForm$MH+0x0000000100219800'
Event: 1.412 Thread 0x00000254da1ed0d0 Unloading class 0x0000000100219400 'java/lang/invoke/LambdaForm$BMH+0x0000000100219400'
Event: 1.412 Thread 0x00000254da1ed0d0 Unloading class 0x0000000100219000 'java/lang/invoke/LambdaForm$DMH+0x0000000100219000'
Event: 1.412 Thread 0x00000254da1ed0d0 Unloading class 0x0000000100214400 'java/lang/invoke/LambdaForm$DMH+0x0000000100214400'

Classes redefined (0 events):
No events

Internal exceptions (20 events):
Event: 2.843 Thread 0x00000254e0a72fa0 Exception <a 'java/lang/NoSuchMethodError'{0x00000000ec1d9940}: 'java.lang.Object java.lang.invoke.Invokers$Holder.invoke_MT(java.lang.Object, java.lang.Object, java.lang.Object, java.lang.Object, java.lang.Object, java.lang.Object, java.lang.Object, java.lang.Object, java.lang.Object, java.lang.Object)'> (0x00000000ec1d9940) 
thrown [s\src\hotspot\share\interpreter\linkResolver.cpp, line 759]
Event: 2.851 Thread 0x00000254e0a75820 Exception <a 'java/lang/NoSuchMethodError'{0x00000000eab906b0}: 'int java.lang.invoke.DirectMethodHandle$Holder.invokeVirtual(java.lang.Object, java.lang.Object, java.lang.Object)'> (0x00000000eab906b0) 
thrown [s\src\hotspot\share\interpreter\linkResolver.cpp, line 759]
Event: 2.851 Thread 0x00000254e0a75820 Exception <a 'java/lang/NoSuchMethodError'{0x00000000eab94468}: 'int java.lang.invoke.DirectMethodHandle$Holder.invokeVirtual(java.lang.Object, java.lang.Object)'> (0x00000000eab94468) 
thrown [s\src\hotspot\share\interpreter\linkResolver.cpp, line 759]
Event: 2.851 Thread 0x00000254e0a75820 Exception <a 'java/lang/NoSuchMethodError'{0x00000000eab989d8}: 'int java.lang.invoke.DirectMethodHandle$Holder.invokeStaticInit(java.lang.Object, int, int)'> (0x00000000eab989d8) 
thrown [s\src\hotspot\share\interpreter\linkResolver.cpp, line 759]
Event: 2.852 Thread 0x00000254e0a75820 Exception <a 'java/lang/NoSuchMethodError'{0x00000000eaba0470}: 'int java.lang.invoke.DirectMethodHandle$Holder.invokeStaticInit(java.lang.Object, long, long)'> (0x00000000eaba0470) 
thrown [s\src\hotspot\share\interpreter\linkResolver.cpp, line 759]
Event: 2.852 Thread 0x00000254e0a75820 Exception <a 'java/lang/NoSuchMethodError'{0x00000000eaba7568}: 'int java.lang.invoke.DirectMethodHandle$Holder.invokeStaticInit(java.lang.Object, float, float)'> (0x00000000eaba7568) 
thrown [s\src\hotspot\share\interpreter\linkResolver.cpp, line 759]
Event: 2.852 Thread 0x00000254e0a75820 Exception <a 'java/lang/NoSuchMethodError'{0x00000000eabaea58}: 'int java.lang.invoke.DirectMethodHandle$Holder.invokeStaticInit(java.lang.Object, double, double)'> (0x00000000eabaea58) 
thrown [s\src\hotspot\share\interpreter\linkResolver.cpp, line 759]
Event: 2.852 Thread 0x00000254e0a75820 Exception <a 'java/lang/NoSuchMethodError'{0x00000000eabb3308}: 'int java.lang.invoke.DirectMethodHandle$Holder.invokeStatic(java.lang.Object, long)'> (0x00000000eabb3308) 
thrown [s\src\hotspot\share\interpreter\linkResolver.cpp, line 759]
Event: 2.854 Thread 0x00000254e0a75820 Exception <a 'java/lang/NoSuchMethodError'{0x00000000eabccb10}: 'int java.lang.invoke.DirectMethodHandle$Holder.invokeSpecial(java.lang.Object, java.lang.Object, int, int)'> (0x00000000eabccb10) 
thrown [s\src\hotspot\share\interpreter\linkResolver.cpp, line 759]
Event: 2.854 Thread 0x00000254e0a75310 Exception <a 'java/lang/NoSuchMethodError'{0x00000000eabd4560}: 'int java.lang.invoke.DirectMethodHandle$Holder.invokeSpecial(java.lang.Object, java.lang.Object, int, int)'> (0x00000000eabd4560) 
thrown [s\src\hotspot\share\interpreter\linkResolver.cpp, line 759]
Event: 2.856 Thread 0x00000254e0a75310 Exception <a 'java/lang/NoSuchMethodError'{0x00000000eac25248}: 'int java.lang.invoke.Invokers$Holder.linkToTargetMethod(java.lang.Object, java.lang.Object)'> (0x00000000eac25248) 
thrown [s\src\hotspot\share\interpreter\linkResolver.cpp, line 759]
Event: 2.856 Thread 0x00000254e0a75820 Exception <a 'java/lang/NoSuchMethodError'{0x00000000eabe58e8}: 'int java.lang.invoke.Invokers$Holder.linkToTargetMethod(java.lang.Object, java.lang.Object)'> (0x00000000eabe58e8) 
thrown [s\src\hotspot\share\interpreter\linkResolver.cpp, line 759]
Event: 2.874 Thread 0x00000254e0a72fa0 Exception <a 'java/lang/NoSuchMethodError'{0x00000000eabffd68}: 'int java.lang.invoke.DirectMethodHandle$Holder.invokeSpecial(java.lang.Object, java.lang.Object, java.lang.Object, java.lang.Object)'> (0x00000000eabffd68) 
thrown [s\src\hotspot\share\interpreter\linkResolver.cpp, line 759]
Event: 2.874 Thread 0x00000254e0a75820 Exception <a 'java/lang/NoSuchMethodError'{0x00000000eabebd48}: 'int java.lang.invoke.DirectMethodHandle$Holder.invokeSpecial(java.lang.Object, java.lang.Object, java.lang.Object, java.lang.Object)'> (0x00000000eabebd48) 
thrown [s\src\hotspot\share\interpreter\linkResolver.cpp, line 759]
Event: 2.876 Thread 0x00000254e0a75820 Exception <a 'java/lang/NoSuchMethodError'{0x00000000eadd2b28}: 'java.lang.Object java.lang.invoke.DirectMethodHandle$Holder.invokeStatic(java.lang.Object, int, java.lang.Object, java.lang.Object)'> (0x00000000eadd2b28) 
thrown [s\src\hotspot\share\interpreter\linkResolver.cpp, line 759]
Event: 2.876 Thread 0x00000254e0a72fa0 Exception <a 'java/lang/NoSuchMethodError'{0x00000000eac19160}: 'java.lang.Object java.lang.invoke.DirectMethodHandle$Holder.invokeStatic(java.lang.Object, int, java.lang.Object, java.lang.Object)'> (0x00000000eac19160) 
thrown [s\src\hotspot\share\interpreter\linkResolver.cpp, line 759]
Event: 2.876 Thread 0x00000254e0a75820 Exception <a 'java/lang/NoSuchMethodError'{0x00000000eadd6888}: 'java.lang.Object java.lang.invoke.DelegatingMethodHandle$Holder.delegate(java.lang.Object, int, java.lang.Object, java.lang.Object)'> (0x00000000eadd6888) 
thrown [s\src\hotspot\share\interpreter\linkResolver.cpp, line 759]
Event: 2.876 Thread 0x00000254e0a72fa0 Exception <a 'java/lang/NoSuchMethodError'{0x00000000eac1c9a8}: 'java.lang.Object java.lang.invoke.DelegatingMethodHandle$Holder.delegate(java.lang.Object, int, java.lang.Object, java.lang.Object)'> (0x00000000eac1c9a8) 
thrown [s\src\hotspot\share\interpreter\linkResolver.cpp, line 759]
Event: 2.879 Thread 0x00000254e0a72fa0 Exception <a 'java/lang/NoSuchMethodError'{0x00000000eadfc238}: 'int java.lang.invoke.Invokers$Holder.linkToTargetMethod(java.lang.Object, java.lang.Object, java.lang.Object)'> (0x00000000eadfc238) 
thrown [s\src\hotspot\share\interpreter\linkResolver.cpp, line 759]
Event: 2.904 Thread 0x00000254e0057030 Exception <a 'java/lang/NoSuchMethodError'{0x00000000eb0bd428}: 'java.lang.Object java.lang.invoke.DirectMethodHandle$Holder.newInvokeSpecial(java.lang.Object, java.lang.Object, java.lang.Object, java.lang.Object, java.lang.Object, java.lang.Object)'> (0x00000000eb0bd428) 
thrown [s\src\hotspot\share\interpreter\linkResolver.cpp, line 759]

VM Operations (20 events):
Event: 2.894 Executing VM operation: HandshakeAllThreads
Event: 2.894 Executing VM operation: HandshakeAllThreads done
Event: 2.912 Executing VM operation: HandshakeAllThreads
Event: 2.912 Executing VM operation: HandshakeAllThreads done
Event: 2.969 Executing VM operation: ParallelGCFailedAllocation
Event: 2.974 Executing VM operation: ParallelGCFailedAllocation done
Event: 3.049 Executing VM operation: ParallelGCFailedAllocation
Event: 3.052 Executing VM operation: ParallelGCFailedAllocation done
Event: 3.099 Executing VM operation: HandshakeAllThreads
Event: 3.099 Executing VM operation: HandshakeAllThreads done
Event: 3.099 Executing VM operation: HandshakeAllThreads
Event: 3.099 Executing VM operation: HandshakeAllThreads done
Event: 3.132 Executing VM operation: HandshakeAllThreads
Event: 3.132 Executing VM operation: HandshakeAllThreads done
Event: 3.187 Executing VM operation: ParallelGCFailedAllocation
Event: 3.189 Executing VM operation: ParallelGCFailedAllocation done
Event: 3.551 Executing VM operation: ParallelGCFailedAllocation
Event: 3.553 Executing VM operation: ParallelGCFailedAllocation done
Event: 3.747 Executing VM operation: ParallelGCFailedAllocation
Event: 3.748 Executing VM operation: ParallelGCFailedAllocation done

Events (20 events):
Event: 1.183 Thread 0x00000254e07cfbb0 Thread added: 0x00000254e07cfbb0
Event: 1.538 Thread 0x00000254df9b0c30 Thread exited: 0x00000254df9b0c30
Event: 1.551 Thread 0x00000254e0057a50 Thread added: 0x00000254e0057a50
Event: 1.575 Thread 0x00000254e0058e90 Thread added: 0x00000254e0058e90
Event: 1.606 Thread 0x00000254e0057030 Thread added: 0x00000254e0057030
Event: 1.691 Thread 0x00000254e0adff30 Thread added: 0x00000254e0adff30
Event: 1.980 Thread 0x00000254e0058470 Thread added: 0x00000254e0058470
Event: 2.025 Thread 0x00000254e0058470 Thread exited: 0x00000254e0058470
Event: 2.241 Thread 0x00000254e0057540 Thread added: 0x00000254e0057540
Event: 2.242 Thread 0x00000254e005a2d0 Thread added: 0x00000254e005a2d0
Event: 2.242 Thread 0x00000254e0058980 Thread added: 0x00000254e0058980
Event: 2.242 Thread 0x00000254e0058470 Thread added: 0x00000254e0058470
Event: 2.242 Thread 0x00000254e00593a0 Thread added: 0x00000254e00593a0
Event: 2.242 Thread 0x00000254e00598b0 Thread added: 0x00000254e00598b0
Event: 2.242 Thread 0x00000254e0059dc0 Thread added: 0x00000254e0059dc0
Event: 2.253 Thread 0x00000254e005a7e0 Thread added: 0x00000254e005a7e0
Event: 2.377 Thread 0x00000254e0a72070 Thread added: 0x00000254e0a72070
Event: 2.377 Thread 0x00000254e0a72fa0 Thread added: 0x00000254e0a72fa0
Event: 2.608 Thread 0x00000254e0a75310 Thread added: 0x00000254e0a75310
Event: 2.609 Thread 0x00000254e0a75820 Thread added: 0x00000254e0a75820


Dynamic libraries:
0x00007ff67d580000 - 0x00007ff67d58e000 	c:\Users\nocturno\.vscode\extensions\redhat.java-1.35.1-win32-x64\jre\17.0.12-win32-x86_64\bin\java.exe
0x00007ff9c85d0000 - 0x00007ff9c87e7000 	C:\Windows\SYSTEM32\ntdll.dll
0x00007ff9c64e0000 - 0x00007ff9c65a4000 	C:\Windows\System32\KERNEL32.DLL
0x00007ff9c5a30000 - 0x00007ff9c5de7000 	C:\Windows\System32\KERNELBASE.dll
0x00007ff9c5910000 - 0x00007ff9c5a21000 	C:\Windows\System32\ucrtbase.dll
0x00007ff9a5230000 - 0x00007ff9a5247000 	c:\Users\nocturno\.vscode\extensions\redhat.java-1.35.1-win32-x64\jre\17.0.12-win32-x86_64\bin\jli.dll
0x00007ff96bd30000 - 0x00007ff96bd4b000 	c:\Users\nocturno\.vscode\extensions\redhat.java-1.35.1-win32-x64\jre\17.0.12-win32-x86_64\bin\VCRUNTIME140.dll
0x00007ff9c6300000 - 0x00007ff9c64af000 	C:\Windows\System32\USER32.dll
0x00007ff9c6140000 - 0x00007ff9c6166000 	C:\Windows\System32\win32u.dll
0x00007ff9a13d0000 - 0x00007ff9a1663000 	C:\Windows\WinSxS\amd64_microsoft.windows.common-controls_6595b64144ccf1df_6.0.22621.3672_none_2713b9d173822955\COMCTL32.dll
0x00007ff9c64b0000 - 0x00007ff9c64d9000 	C:\Windows\System32\GDI32.dll
0x00007ff9c6cd0000 - 0x00007ff9c6d77000 	C:\Windows\System32\msvcrt.dll
0x00007ff9c5df0000 - 0x00007ff9c5f08000 	C:\Windows\System32\gdi32full.dll
0x00007ff9c6260000 - 0x00007ff9c62fa000 	C:\Windows\System32\msvcp_win.dll
0x00007ff9c8280000 - 0x00007ff9c82b1000 	C:\Windows\System32\IMM32.DLL
0x00007ff9a5270000 - 0x00007ff9a527c000 	c:\Users\nocturno\.vscode\extensions\redhat.java-1.35.1-win32-x64\jre\17.0.12-win32-x86_64\bin\vcruntime140_1.dll
0x00007ff95b540000 - 0x00007ff95b5cd000 	c:\Users\nocturno\.vscode\extensions\redhat.java-1.35.1-win32-x64\jre\17.0.12-win32-x86_64\bin\msvcp140.dll
0x00007ff957d30000 - 0x00007ff95899a000 	c:\Users\nocturno\.vscode\extensions\redhat.java-1.35.1-win32-x64\jre\17.0.12-win32-x86_64\bin\server\jvm.dll
0x00007ff9c7100000 - 0x00007ff9c71b2000 	C:\Windows\System32\ADVAPI32.dll
0x00007ff9c8470000 - 0x00007ff9c8518000 	C:\Windows\System32\sechost.dll
0x00007ff9c58e0000 - 0x00007ff9c5908000 	C:\Windows\System32\bcrypt.dll
0x00007ff9c6ee0000 - 0x00007ff9c6ff4000 	C:\Windows\System32\RPCRT4.dll
0x00007ff9c7a40000 - 0x00007ff9c7ab1000 	C:\Windows\System32\WS2_32.dll
0x00007ff9c57c0000 - 0x00007ff9c580d000 	C:\Windows\SYSTEM32\POWRPROF.dll
0x00007ff9c1c00000 - 0x00007ff9c1c0a000 	C:\Windows\SYSTEM32\VERSION.dll
0x00007ff9b92d0000 - 0x00007ff9b9304000 	C:\Windows\SYSTEM32\WINMM.dll
0x00007ff9c5790000 - 0x00007ff9c57a3000 	C:\Windows\SYSTEM32\UMPDC.dll
0x00007ff9c48f0000 - 0x00007ff9c4908000 	C:\Windows\SYSTEM32\kernel.appcore.dll
0x00007ff9a29f0000 - 0x00007ff9a29fa000 	c:\Users\nocturno\.vscode\extensions\redhat.java-1.35.1-win32-x64\jre\17.0.12-win32-x86_64\bin\jimage.dll
0x00007ff9b75b0000 - 0x00007ff9b77e2000 	C:\Windows\SYSTEM32\DBGHELP.DLL
0x00007ff9c6940000 - 0x00007ff9c6cce000 	C:\Windows\System32\combase.dll
0x00007ff9c80a0000 - 0x00007ff9c8177000 	C:\Windows\System32\OLEAUT32.dll
0x00007ff9b67e0000 - 0x00007ff9b6812000 	C:\Windows\SYSTEM32\dbgcore.DLL
0x00007ff9c6170000 - 0x00007ff9c61eb000 	C:\Windows\System32\bcryptPrimitives.dll
0x00007ff9a2970000 - 0x00007ff9a297e000 	c:\Users\nocturno\.vscode\extensions\redhat.java-1.35.1-win32-x64\jre\17.0.12-win32-x86_64\bin\instrument.dll
0x00007ff969df0000 - 0x00007ff969e15000 	c:\Users\nocturno\.vscode\extensions\redhat.java-1.35.1-win32-x64\jre\17.0.12-win32-x86_64\bin\java.dll
0x00007ff969570000 - 0x00007ff969588000 	c:\Users\nocturno\.vscode\extensions\redhat.java-1.35.1-win32-x64\jre\17.0.12-win32-x86_64\bin\zip.dll
0x00007ff9c71d0000 - 0x00007ff9c7a39000 	C:\Windows\System32\SHELL32.dll
0x00007ff9c3800000 - 0x00007ff9c40ff000 	C:\Windows\SYSTEM32\windows.storage.dll
0x00007ff9c36c0000 - 0x00007ff9c37ff000 	C:\Windows\SYSTEM32\wintypes.dll
0x00007ff9c8180000 - 0x00007ff9c8279000 	C:\Windows\System32\SHCORE.dll
0x00007ff9c7ae0000 - 0x00007ff9c7b3e000 	C:\Windows\System32\shlwapi.dll
0x00007ff9c5810000 - 0x00007ff9c5837000 	C:\Windows\SYSTEM32\profapi.dll
0x00007ff969450000 - 0x00007ff969469000 	C:\Users\nocturno\.vscode\extensions\redhat.java-1.35.1-win32-x64\jre\17.0.12-win32-x86_64\bin\net.dll
0x00007ff9bfd00000 - 0x00007ff9bfe36000 	C:\Windows\SYSTEM32\WINHTTP.dll
0x00007ff9c4d50000 - 0x00007ff9c4db9000 	C:\Windows\system32\mswsock.dll
0x00007ff969430000 - 0x00007ff969446000 	C:\Users\nocturno\.vscode\extensions\redhat.java-1.35.1-win32-x64\jre\17.0.12-win32-x86_64\bin\nio.dll
0x00007ff9a21e0000 - 0x00007ff9a21f0000 	c:\Users\nocturno\.vscode\extensions\redhat.java-1.35.1-win32-x64\jre\17.0.12-win32-x86_64\bin\verify.dll
0x00007ff963940000 - 0x00007ff963985000 	C:\Users\nocturno\AppData\Roaming\Code\User\globalStorage\redhat.java\1.35.1\config_ss_win\org.eclipse.equinox.launcher\org.eclipse.equinox.launcher.win32.win32.x86_64_1.2.1100.v20240722-2106\eclipse_11904.dll
0x00007ff9c65d0000 - 0x00007ff9c6775000 	C:\Windows\System32\ole32.dll
0x00007ff9c50a0000 - 0x00007ff9c50bb000 	C:\Windows\SYSTEM32\CRYPTSP.dll
0x00007ff9c4850000 - 0x00007ff9c4885000 	C:\Windows\system32\rsaenh.dll
0x00007ff9c4df0000 - 0x00007ff9c4e18000 	C:\Windows\SYSTEM32\USERENV.dll
0x00007ff9c5080000 - 0x00007ff9c508c000 	C:\Windows\SYSTEM32\CRYPTBASE.dll
0x00007ff9c4360000 - 0x00007ff9c438d000 	C:\Windows\SYSTEM32\IPHLPAPI.DLL
0x00007ff9c71c0000 - 0x00007ff9c71c9000 	C:\Windows\System32\NSI.dll
0x00007ff9bfb70000 - 0x00007ff9bfb89000 	C:\Windows\SYSTEM32\dhcpcsvc6.DLL
0x00007ff9bfaf0000 - 0x00007ff9bfb0f000 	C:\Windows\SYSTEM32\dhcpcsvc.DLL
0x00007ff9c4420000 - 0x00007ff9c4522000 	C:\Windows\SYSTEM32\DNSAPI.dll
0x00007ff962fd0000 - 0x00007ff963019000 	C:\Users\nocturno\AppData\Local\Temp\jna-1109282320\jna556975298937155198.dll
0x00007ff9c70f0000 - 0x00007ff9c70f8000 	C:\Windows\System32\PSAPI.DLL

dbghelp: loaded successfully - version: 4.0.5 - missing functions: none
symbol engine: initialized successfully - sym options: 0x614 - pdb path: .;c:\Users\nocturno\.vscode\extensions\redhat.java-1.35.1-win32-x64\jre\17.0.12-win32-x86_64\bin;C:\Windows\SYSTEM32;C:\Windows\WinSxS\amd64_microsoft.windows.common-controls_6595b64144ccf1df_6.0.22621.3672_none_2713b9d173822955;c:\Users\nocturno\.vscode\extensions\redhat.java-1.35.1-win32-x64\jre\17.0.12-win32-x86_64\bin\server;C:\Users\nocturno\AppData\Roaming\Code\User\globalStorage\redhat.java\1.35.1\config_ss_win\org.eclipse.equinox.launcher\org.eclipse.equinox.launcher.win32.win32.x86_64_1.2.1100.v20240722-2106;C:\Users\nocturno\AppData\Local\Temp\jna-1109282320

VM Arguments:
jvm_args: --add-modules=ALL-SYSTEM --add-opens=java.base/java.util=ALL-UNNAMED --add-opens=java.base/java.lang=ALL-UNNAMED --add-opens=java.base/sun.nio.fs=ALL-UNNAMED -Declipse.application=org.eclipse.jdt.ls.core.id1 -Dosgi.bundles.defaultStartLevel=4 -Declipse.product=org.eclipse.jdt.ls.core.product -Djava.import.generatesMetadataFilesAtProjectRoot=false -DDetectVMInstallationsJob.disabled=true -Dfile.encoding=utf8 -XX:+UseParallelGC -XX:GCTimeRatio=4 -XX:AdaptiveSizePolicyWeight=90 -Dsun.zip.disableMemoryMapping=true -Xmx1G -Xms100m -Xlog:disable -javaagent:c:\Users\nocturno\.vscode\extensions\redhat.java-1.35.1-win32-x64\lombok\lombok-1.18.33.jar 
java_command: c:\Users\nocturno\.vscode\extensions\redhat.java-1.35.1-win32-x64\server\plugins\org.eclipse.equinox.launcher_1.6.900.v20240613-2009.jar -configuration c:\Users\nocturno\AppData\Roaming\Code\User\globalStorage\redhat.java\1.35.1\config_ss_win -data c:\Users\nocturno\AppData\Roaming\Code\User\workspaceStorage\7eed0162ea7f1c18e982cdcf009d9710\redhat.java\ss_ws --pipe=\\.\pipe\lsp-a5990c594f9809923af7b84acd697f42-sock
java_class_path (initial): c:\Users\nocturno\.vscode\extensions\redhat.java-1.35.1-win32-x64\server\plugins\org.eclipse.equinox.launcher_1.6.900.v20240613-2009.jar
Launcher Type: SUN_STANDARD

[Global flags]
    uintx AdaptiveSizePolicyWeight                 = 90                                        {product} {command line}
     intx CICompilerCount                          = 3                                         {product} {ergonomic}
    uintx GCTimeRatio                              = 4                                         {product} {command line}
   size_t InitialHeapSize                          = 104857600                                 {product} {command line}
   size_t MaxHeapSize                              = 1073741824                                {product} {command line}
   size_t MaxNewSize                               = 357564416                                 {product} {ergonomic}
   size_t MinHeapDeltaBytes                        = 524288                                    {product} {ergonomic}
   size_t MinHeapSize                              = 104857600                                 {product} {command line}
   size_t NewSize                                  = 34603008                                  {product} {ergonomic}
    uintx NonNMethodCodeHeapSize                   = 5832780                                {pd product} {ergonomic}
    uintx NonProfiledCodeHeapSize                  = 122912730                              {pd product} {ergonomic}
   size_t OldSize                                  = 70254592                                  {product} {ergonomic}
    uintx ProfiledCodeHeapSize                     = 122912730                              {pd product} {ergonomic}
    uintx ReservedCodeCacheSize                    = 251658240                              {pd product} {ergonomic}
     bool SegmentedCodeCache                       = true                                      {product} {ergonomic}
   size_t SoftMaxHeapSize                          = 1073741824                             {manageable} {ergonomic}
     bool UseCompressedClassPointers               = true                           {product lp64_product} {ergonomic}
     bool UseCompressedOops                        = true                           {product lp64_product} {ergonomic}
     bool UseLargePagesIndividualAllocation        = false                                  {pd product} {ergonomic}
     bool UseParallelGC                            = true                                      {product} {command line}

Logging:
Log output configuration:
 #0: stdout all=off uptime,level,tags
 #1: stderr all=off uptime,level,tags

Environment Variables:
JAVA_HOME=C:\Program Files\Java\jdk-22
CLASSPATH=.;C:\misclases
PATH=C:\Program Files\Common Files\Oracle\Java\javapath;C:\Program Files\Eclipse Adoptium\jre-21.0.3.9-hotspot\bin;C:\Program Files\Eclipse Adoptium\jdk-21.0.3.9-hotspot\bin;C:\Windows\system32;C:\Windows;C:\Windows\System32\Wbem;C:\Windows\System32\WindowsPowerShell\v1.0\;C:\Windows\System32\OpenSSH\;C:\Program Files\Microsoft VS Code\bin;C:\Program Files\Git\cmd;C:\Program Files (x86)\Microsoft SQL Server\160\Tools\Binn\;C:\Program Files\Microsoft SQL Server\160\Tools\Binn\;C:\Program Files\Microsoft SQL Server\Client SDK\ODBC\170\Tools\Binn\;C:\Program Files\Microsoft SQL Server\160\DTS\Binn\;C:\Program Files (x86)\Microsoft SQL Server\160\DTS\Binn\;C:\Program Files\Java\jdk-22\bin;C:\Program Files\apache-maven-3.9.6\bin;C:\Users\nocturno\AppData\Local\Microsoft\WindowsApps;
USERNAME=nocturno
OS=Windows_NT
PROCESSOR_IDENTIFIER=Intel64 Family 6 Model 158 Stepping 10, GenuineIntel
TMP=C:\Users\nocturno\AppData\Local\Temp
TEMP=C:\Users\nocturno\AppData\Local\Temp



Periodic native trim disabled


---------------  S Y S T E M  ---------------

OS:
 Windows 11 , 64 bit Build 22621 (10.0.22621.3958)
OS uptime: 6 days 20:14 hours
Hyper-V role detected

CPU: total 6 (initial active 6) (6 cores per cpu, 1 threads per core) family 6 model 158 stepping 10 microcode 0xf6, cx8, cmov, fxsr, mmx, 3dnowpref, sse, sse2, sse3, ssse3, sse4.1, sse4.2, popcnt, lzcnt, tsc, tscinvbit, avx, avx2, aes, erms, clmul, bmi1, bmi2, adx, fma, vzeroupper, clflush, clflushopt, hv
Processor Information for all 6 processors :
  Max Mhz: 2808, Current Mhz: 2808, Mhz Limit: 2808

Memory: 4k page, system-wide physical 16158M (2221M free)
TotalPageFile size 46988M (AvailPageFile size 271M)
current process WorkingSet (physical memory assigned to process): 194M, peak: 194M
current process commit charge ("private bytes"): 277M, peak: 277M

vm_info: OpenJDK 64-Bit Server VM (17.0.12+7) for windows-amd64 JRE (17.0.12+7), built on Jul 16 2024 22:08:24 by "admin" with MS VC++ 16.10 / 16.11 (VS2019)

END.
